2025-07-22 09:47:41,134 [INFO] Activator:176 - 


2025-07-22 09:47:41,136 [INFO] Activator:177 - !SESSION log4j initialized
2025-07-22 09:47:45,209 [INFO] LogOutputStream:77 - [STDOUT_REDIRECT] 
2025-07-22 09:47:46,042 [INFO] ApplicationProperties:184 - Using Application install path: C:\ST\STM32CubeIDE_1.19.0\STM32CubeIDE\plugins\com.st.stm32cube.common.mx_6.15.0.202507011659
2025-07-22 09:47:46,053 [INFO] DbMcusXml:78 - Set database path to: C:\ST\STM32CubeIDE_1.19.0\STM32CubeIDE\plugins\com.st.stm32cube.common.mx_6.15.0.202507011659\\db\/mcu/
2025-07-22 09:47:46,053 [INFO] ApiDb:274 - Set plugin database path to: C:\ST\STM32CubeIDE_1.19.0\STM32CubeIDE\plugins\com.st.stm32cube.common.mx_6.15.0.202507011659\\db\/plugins/boardmanager/
2025-07-22 09:47:46,054 [WARN] ApiDb:259 - Overriding images path with different value:  => C:\ST\STM32CubeIDE_1.19.0\STM32CubeIDE\plugins\com.st.stm32cube.common.mx_6.15.0.202507011659\\db\/plugins/mcufinder/images/
2025-07-22 09:47:46,057 [INFO] ApiDb:250 - Set database path to: C:\Users\User\.stmcufinder\plugins\mcufinder//mcu/
2025-07-22 09:47:46,058 [INFO] DbMcusAds:125 - Set database path to: C:\Users\User\.stmcufinder\plugins\mcufinder//mcu/
2025-07-22 09:47:46,059 [INFO] CrossReferenceDbSqlite:203 - Set database path to: C:\Users\User\.stmcufinder\plugins\mcufinder//mcu/cs/
2025-07-22 09:47:46,146 [INFO] RulesReader:64 - Compatibility file has been processed (317 Rules)
2025-07-22 09:47:46,193 [INFO] DbMcusXml:78 - Set database path to: C:\ST\STM32CubeIDE_1.19.0\STM32CubeIDE\plugins\com.st.stm32cube.common.mx_6.15.0.202507011659\\db\/mcu/
2025-07-22 09:47:46,193 [INFO] ApiDb:274 - Set plugin database path to: C:\ST\STM32CubeIDE_1.19.0\STM32CubeIDE\plugins\com.st.stm32cube.common.mx_6.15.0.202507011659\\db\/plugins/boardmanager/
2025-07-22 09:47:46,193 [INFO] ApiDb:261 - Set plugin images path to: C:\ST\STM32CubeIDE_1.19.0\STM32CubeIDE\plugins\com.st.stm32cube.common.mx_6.15.0.202507011659\\db\/plugins/mcufinder/images/
2025-07-22 09:47:46,194 [WARN] DbFile:41 - Overriding database path with different value: C:\Users\User\.stmcufinder\plugins\mcufinder/ => C:\Users\User\.stmcufinder\plugins\mcufinder
2025-07-22 09:47:46,194 [INFO] ApiDb:250 - Set database path to: C:\Users\User\.stmcufinder\plugins\mcufinder//mcu/
2025-07-22 09:47:46,194 [WARN] DbFile:41 - Overriding database path with different value: C:\Users\User\.stmcufinder\plugins\mcufinder/ => C:\Users\User\.stmcufinder\plugins\mcufinder
2025-07-22 09:47:46,194 [INFO] DbMcusAds:125 - Set database path to: C:\Users\User\.stmcufinder\plugins\mcufinder//mcu/
2025-07-22 09:47:46,194 [WARN] DbFile:41 - Overriding database path with different value: C:\Users\User\.stmcufinder\plugins\mcufinder/ => C:\Users\User\.stmcufinder\plugins\mcufinder
2025-07-22 09:47:46,194 [WARN] DbFile:41 - Overriding database path with different value: C:\Users\User\.stmcufinder\plugins\mcufinder/ => C:\Users\User\.stmcufinder\plugins\mcufinder
2025-07-22 09:47:46,194 [INFO] CrossReferenceDbSqlite:203 - Set database path to: C:\Users\User\.stmcufinder\plugins\mcufinder//mcu/cs/
2025-07-22 09:47:46,244 [INFO] MainPanel:274 - HeapMemory: 268435456
2025-07-22 09:47:46,309 [INFO] DbMcusXml:78 - Set database path to: C:\ST\STM32CubeIDE_1.19.0\STM32CubeIDE\plugins\com.st.stm32cube.common.mx_6.15.0.202507011659\\db\/mcu/
2025-07-22 09:47:46,309 [INFO] ApiDb:274 - Set plugin database path to: C:\ST\STM32CubeIDE_1.19.0\STM32CubeIDE\plugins\com.st.stm32cube.common.mx_6.15.0.202507011659\\db\/plugins/boardmanager/
2025-07-22 09:47:46,309 [INFO] ApiDb:261 - Set plugin images path to: C:\ST\STM32CubeIDE_1.19.0\STM32CubeIDE\plugins\com.st.stm32cube.common.mx_6.15.0.202507011659\\db\/plugins/mcufinder/images/
2025-07-22 09:47:46,309 [WARN] DbFile:41 - Overriding database path with different value: C:\Users\User\.stmcufinder\plugins\mcufinder/ => C:\Users\User\.stmcufinder\plugins\mcufinder
2025-07-22 09:47:46,309 [INFO] ApiDb:250 - Set database path to: C:\Users\User\.stmcufinder\plugins\mcufinder//mcu/
2025-07-22 09:47:46,309 [WARN] DbFile:41 - Overriding database path with different value: C:\Users\User\.stmcufinder\plugins\mcufinder/ => C:\Users\User\.stmcufinder\plugins\mcufinder
2025-07-22 09:47:46,309 [INFO] DbMcusAds:125 - Set database path to: C:\Users\User\.stmcufinder\plugins\mcufinder//mcu/
2025-07-22 09:47:46,309 [WARN] DbFile:41 - Overriding database path with different value: C:\Users\User\.stmcufinder\plugins\mcufinder/ => C:\Users\User\.stmcufinder\plugins\mcufinder
2025-07-22 09:47:46,309 [WARN] DbFile:41 - Overriding database path with different value: C:\Users\User\.stmcufinder\plugins\mcufinder/ => C:\Users\User\.stmcufinder\plugins\mcufinder
2025-07-22 09:47:46,310 [INFO] CrossReferenceDbSqlite:203 - Set database path to: C:\Users\User\.stmcufinder\plugins\mcufinder//mcu/cs/
2025-07-22 09:47:46,325 [INFO] ApplicationProperties:184 - Using Application install path: C:\ST\STM32CubeIDE_1.19.0\STM32CubeIDE\plugins\com.st.stm32cube.common.mx_6.15.0.202507011659
2025-07-22 09:47:46,327 [INFO] PluginManage:196 - Search for loadable plugins [exclusion list=, ]
2025-07-22 09:47:46,328 [INFO] PluginManage:310 - Check plugin analytics
2025-07-22 09:47:46,448 [INFO] AnalyticsPlugin:253 - Accepted Software Licenses: 
2025-07-22 09:47:46,448 [INFO] AnalyticsPlugin:255 - Accepted CMSIS Pack Licenses: 
2025-07-22 09:47:46,448 [INFO] AnalyticsPlugin:257 - Accepted Firmware Licenses: 
2025-07-22 09:47:46,452 [INFO] PluginManage:359 - Loaded plugin analytics (category:tool,tabindex:-1)
2025-07-22 09:47:46,453 [INFO] PluginManage:310 - Check plugin cadmodel
2025-07-22 09:47:46,455 [INFO] CADModel:105 - Init CAD model plugin
2025-07-22 09:47:46,455 [INFO] PluginManage:359 - Loaded plugin cadmodel (category:power,tabindex:5)
2025-07-22 09:47:46,455 [INFO] PluginManage:310 - Check plugin clock
2025-07-22 09:47:46,463 [INFO] PluginManage:359 - Loaded plugin clock (category:base,tabindex:2)
2025-07-22 09:47:46,464 [INFO] PluginManage:310 - Check plugin ddr
2025-07-22 09:47:46,465 [INFO] PluginManage:359 - Loaded plugin ddr (category:tool,tabindex:6)
2025-07-22 09:47:46,465 [INFO] PluginManage:310 - Check plugin filemanager
2025-07-22 09:47:46,569 [INFO] PluginManage:359 - Loaded plugin filemanager (category:base,tabindex:10)
2025-07-22 09:47:46,569 [INFO] PluginManage:310 - Check plugin ipmanager
2025-07-22 09:47:46,574 [INFO] PluginManage:359 - Loaded plugin ipmanager (category:base,tabindex:5)
2025-07-22 09:47:46,574 [INFO] PluginManage:310 - Check plugin lpbam
2025-07-22 09:47:46,580 [INFO] PluginManage:359 - Loaded plugin lpbam (category:base,tabindex:0)
2025-07-22 09:47:46,580 [INFO] PluginManage:310 - Check plugin memorymap
2025-07-22 09:47:46,588 [INFO] PluginManage:359 - Loaded plugin memorymap (category:base,tabindex:4)
2025-07-22 09:47:46,589 [INFO] PluginManage:310 - Check plugin pinoutandconfiguration
2025-07-22 09:47:46,593 [INFO] PluginManage:359 - Loaded plugin pinoutandconfiguration (category:base,tabindex:1)
2025-07-22 09:47:46,594 [INFO] PluginManage:310 - Check plugin pinoutconfig
2025-07-22 09:47:46,668 [WARN] SupportedApi:132 - Cannot load RTOS API schema: s4s-elt-must-match.1: The content of 'definitions' must match (annotation?, (simpleType | complexType)?, (unique | key | keyref)*)). A problem was found starting at: attribute.
2025-07-22 09:47:46,767 [INFO] PluginManage:359 - Loaded plugin pinoutconfig (category:base,tabindex:0)
2025-07-22 09:47:46,768 [INFO] PluginManage:310 - Check plugin power
2025-07-22 09:47:46,776 [INFO] PluginManage:359 - Loaded plugin power (category:power,tabindex:4)
2025-07-22 09:47:46,776 [INFO] PluginManage:310 - Check plugin projectmanager
2025-07-22 09:47:46,799 [INFO] PluginManage:359 - Loaded plugin projectmanager (category:projectmanager,tabindex:4)
2025-07-22 09:47:46,799 [INFO] PluginManage:310 - Check plugin rif
2025-07-22 09:47:46,807 [INFO] PluginManage:359 - Loaded plugin rif (category:base,tabindex:3)
2025-07-22 09:47:46,807 [INFO] PluginManage:310 - Check plugin thirdparty
2025-07-22 09:47:46,889 [WARN] IntegrityCheckThread:84 - waiting for thirdparty lock release [integrity check]
2025-07-22 09:47:46,889 [INFO] IntegrityCheckThread:86 - entering critical section [integrity check]
2025-07-22 09:47:46,889 [INFO] ThirdPartyUpdaterWithRetryManager:70 - Updater plugin not ready yet. [1/15]
2025-07-22 09:47:46,889 [INFO] PluginManage:359 - Loaded plugin thirdparty (category:base,tabindex:-1)
2025-07-22 09:47:46,889 [INFO] PluginManage:310 - Check plugin tools
2025-07-22 09:47:46,892 [INFO] PluginManage:359 - Loaded plugin tools (category:base,tabindex:7)
2025-07-22 09:47:46,892 [INFO] PluginManage:310 - Check plugin tutovideos
2025-07-22 09:47:47,028 [INFO] PluginManage:359 - Loaded plugin tutovideos (category:base,tabindex:-1)
2025-07-22 09:47:47,029 [INFO] PluginManage:310 - Check plugin updater
2025-07-22 09:47:47,050 [INFO] PluginManage:359 - Loaded plugin updater (category:base,tabindex:12)
2025-07-22 09:47:47,050 [INFO] PluginManage:310 - Check plugin userauth
2025-07-22 09:47:47,054 [INFO] UserAuth:118 - Init User Auth plugin
2025-07-22 09:47:47,054 [INFO] PluginManage:359 - Loaded plugin userauth (category:base,tabindex:14)
2025-07-22 09:47:47,054 [INFO] PluginManage:283 - PluginManage : Loaded plugins [18]
2025-07-22 09:47:47,200 [INFO] PinOutPanel:1589 - setPackage(No Configuration,No Configuration)
2025-07-22 09:47:47,265 [INFO] CADModel:165 - CPN selected for project level
2025-07-22 09:47:47,265 [INFO] CADModel:114 - Register for checkConnection events
2025-07-22 09:47:47,278 [INFO] IPUIPlugin:80 - create IPUIPlugin
2025-07-22 09:47:47,278 [INFO] PluginManager:220 - loadIPPluginJar : add adc
2025-07-22 09:47:47,280 [INFO] IPUIPlugin:80 - create IPUIPlugin
2025-07-22 09:47:47,280 [INFO] PluginManager:220 - loadIPPluginJar : add aes
2025-07-22 09:47:47,282 [INFO] IPUIPlugin:80 - create IPUIPlugin
2025-07-22 09:47:47,282 [INFO] PluginManager:220 - loadIPPluginJar : add can
2025-07-22 09:47:47,283 [INFO] IPUIPlugin:80 - create IPUIPlugin
2025-07-22 09:47:47,283 [INFO] PluginManager:220 - loadIPPluginJar : add comp
2025-07-22 09:47:47,285 [INFO] IPUIPlugin:80 - create IPUIPlugin
2025-07-22 09:47:47,285 [INFO] PluginManager:220 - loadIPPluginJar : add cryp
2025-07-22 09:47:47,287 [INFO] IPUIPlugin:80 - create IPUIPlugin
2025-07-22 09:47:47,287 [INFO] PluginManager:220 - loadIPPluginJar : add ddr_ctrl_phy
2025-07-22 09:47:47,289 [INFO] IPUIPlugin:80 - create IPUIPlugin
2025-07-22 09:47:47,289 [INFO] PluginManager:220 - loadIPPluginJar : add dfsdm
2025-07-22 09:47:47,293 [INFO] IPUIPlugin:80 - create IPUIPlugin
2025-07-22 09:47:47,293 [INFO] PluginManager:220 - loadIPPluginJar : add dma
2025-07-22 09:47:47,301 [INFO] IPUIPlugin:80 - create IPUIPlugin
2025-07-22 09:47:47,301 [INFO] PluginManager:220 - loadIPPluginJar : add dma3
2025-07-22 09:47:47,306 [INFO] IPUIPlugin:80 - create IPUIPlugin
2025-07-22 09:47:47,306 [INFO] PluginManager:220 - loadIPPluginJar : add extmemmanager
2025-07-22 09:47:47,307 [INFO] IPUIPlugin:80 - create IPUIPlugin
2025-07-22 09:47:47,307 [INFO] PluginManager:220 - loadIPPluginJar : add fatfs
2025-07-22 09:47:47,310 [INFO] IPUIPlugin:80 - create IPUIPlugin
2025-07-22 09:47:47,310 [INFO] PluginManager:220 - loadIPPluginJar : add fmc
2025-07-22 09:47:47,315 [INFO] IPUIPlugin:80 - create IPUIPlugin
2025-07-22 09:47:47,315 [INFO] PluginManager:220 - loadIPPluginJar : add freertos
2025-07-22 09:47:47,316 [INFO] IPUIPlugin:80 - create IPUIPlugin
2025-07-22 09:47:47,316 [INFO] PluginManager:220 - loadIPPluginJar : add genericplugin
2025-07-22 09:47:47,318 [INFO] IPUIPlugin:80 - create IPUIPlugin
2025-07-22 09:47:47,318 [INFO] PluginManager:220 - loadIPPluginJar : add gfxmmu
2025-07-22 09:47:47,321 [INFO] IPUIPlugin:80 - create IPUIPlugin
2025-07-22 09:47:47,321 [INFO] PluginManager:220 - loadIPPluginJar : add gic
2025-07-22 09:47:47,324 [INFO] IPUIPlugin:80 - create IPUIPlugin
2025-07-22 09:47:47,324 [INFO] PluginManager:220 - loadIPPluginJar : add gpio
2025-07-22 09:47:47,326 [INFO] IPUIPlugin:80 - create IPUIPlugin
2025-07-22 09:47:47,326 [INFO] PluginManager:220 - loadIPPluginJar : add gtzc
2025-07-22 09:47:47,328 [INFO] IPUIPlugin:80 - create IPUIPlugin
2025-07-22 09:47:47,329 [INFO] PluginManager:220 - loadIPPluginJar : add hash
2025-07-22 09:47:47,330 [INFO] IPUIPlugin:80 - create IPUIPlugin
2025-07-22 09:47:47,330 [INFO] PluginManager:220 - loadIPPluginJar : add i2c
2025-07-22 09:47:47,332 [INFO] IPUIPlugin:80 - create IPUIPlugin
2025-07-22 09:47:47,332 [INFO] PluginManager:220 - loadIPPluginJar : add i2s
2025-07-22 09:47:47,334 [INFO] IPUIPlugin:80 - create IPUIPlugin
2025-07-22 09:47:47,334 [INFO] PluginManager:220 - loadIPPluginJar : add i3c
2025-07-22 09:47:47,337 [INFO] IPUIPlugin:80 - create IPUIPlugin
2025-07-22 09:47:47,337 [INFO] PluginManager:220 - loadIPPluginJar : add ipddr
2025-07-22 09:47:47,342 [INFO] IPUIPlugin:80 - create IPUIPlugin
2025-07-22 09:47:47,342 [INFO] PluginManager:220 - loadIPPluginJar : add linkedlist
2025-07-22 09:47:47,345 [INFO] IPUIPlugin:80 - create IPUIPlugin
2025-07-22 09:47:47,345 [INFO] PluginManager:220 - loadIPPluginJar : add lorawan
2025-07-22 09:47:47,346 [INFO] IPUIPlugin:80 - create IPUIPlugin
2025-07-22 09:47:47,346 [INFO] PluginManager:220 - loadIPPluginJar : add ltdc
2025-07-22 09:47:47,351 [INFO] IPUIPlugin:80 - create IPUIPlugin
2025-07-22 09:47:47,351 [INFO] PluginManager:220 - loadIPPluginJar : add mdma
2025-07-22 09:47:47,354 [INFO] IPUIPlugin:80 - create IPUIPlugin
2025-07-22 09:47:47,354 [INFO] PluginManager:220 - loadIPPluginJar : add nvic
2025-07-22 09:47:47,356 [INFO] IPUIPlugin:80 - create IPUIPlugin
2025-07-22 09:47:47,356 [INFO] PluginManager:220 - loadIPPluginJar : add opamp
2025-07-22 09:47:47,357 [INFO] IPUIPlugin:80 - create IPUIPlugin
2025-07-22 09:47:47,358 [INFO] PluginManager:220 - loadIPPluginJar : add openamp
2025-07-22 09:47:47,359 [INFO] IPUIPlugin:80 - create IPUIPlugin
2025-07-22 09:47:47,359 [INFO] PluginManager:220 - loadIPPluginJar : add pdm2pcm
2025-07-22 09:47:47,363 [INFO] IPUIPlugin:80 - create IPUIPlugin
2025-07-22 09:47:47,365 [INFO] PluginManager:220 - loadIPPluginJar : add plateformsettings
2025-07-22 09:47:47,366 [INFO] IPUIPlugin:80 - create IPUIPlugin
2025-07-22 09:47:47,366 [INFO] PluginManager:220 - loadIPPluginJar : add quadspi
2025-07-22 09:47:47,367 [INFO] IPUIPlugin:80 - create IPUIPlugin
2025-07-22 09:47:47,368 [INFO] PluginManager:220 - loadIPPluginJar : add radio
2025-07-22 09:47:47,371 [INFO] IPUIPlugin:80 - create IPUIPlugin
2025-07-22 09:47:47,372 [INFO] PluginManager:220 - loadIPPluginJar : add resmgrutility
2025-07-22 09:47:47,374 [INFO] IPUIPlugin:80 - create IPUIPlugin
2025-07-22 09:47:47,374 [INFO] PluginManager:220 - loadIPPluginJar : add sai
2025-07-22 09:47:47,375 [INFO] IPUIPlugin:80 - create IPUIPlugin
2025-07-22 09:47:47,375 [INFO] PluginManager:220 - loadIPPluginJar : add spi
2025-07-22 09:47:47,379 [INFO] IPUIPlugin:80 - create IPUIPlugin
2025-07-22 09:47:47,380 [INFO] PluginManager:220 - loadIPPluginJar : add stm32_wpan
2025-07-22 09:47:47,381 [INFO] IPUIPlugin:80 - create IPUIPlugin
2025-07-22 09:47:47,381 [INFO] PluginManager:220 - loadIPPluginJar : add tim
2025-07-22 09:47:47,383 [INFO] IPUIPlugin:80 - create IPUIPlugin
2025-07-22 09:47:47,383 [INFO] PluginManager:220 - loadIPPluginJar : add touchsensing
2025-07-22 09:47:47,385 [INFO] IPUIPlugin:80 - create IPUIPlugin
2025-07-22 09:47:47,385 [INFO] PluginManager:220 - loadIPPluginJar : add tracer_emb
2025-07-22 09:47:47,386 [INFO] IPUIPlugin:80 - create IPUIPlugin
2025-07-22 09:47:47,386 [INFO] PluginManager:220 - loadIPPluginJar : add ts
2025-07-22 09:47:47,387 [INFO] IPUIPlugin:80 - create IPUIPlugin
2025-07-22 09:47:47,387 [INFO] PluginManager:220 - loadIPPluginJar : add tsc
2025-07-22 09:47:47,388 [INFO] IPUIPlugin:80 - create IPUIPlugin
2025-07-22 09:47:47,388 [INFO] PluginManager:220 - loadIPPluginJar : add ucpd
2025-07-22 09:47:47,390 [INFO] IPUIPlugin:80 - create IPUIPlugin
2025-07-22 09:47:47,390 [INFO] PluginManager:220 - loadIPPluginJar : add usart
2025-07-22 09:47:47,393 [INFO] IPUIPlugin:80 - create IPUIPlugin
2025-07-22 09:47:47,393 [INFO] PluginManager:220 - loadIPPluginJar : add usbx
2025-07-22 09:47:47,500 [FATAL] Updater:351 - Updater called before beeing initialized
2025-07-22 09:47:47,527 [INFO] RulesReader:64 - Compatibility file has been processed (317 Rules)
2025-07-22 09:47:47,537 [INFO] RulesReader:64 - Compatibility file has been processed (317 Rules)
2025-07-22 09:47:47,553 [INFO] CADModel:165 - CPN selected for project level
2025-07-22 09:47:47,553 [INFO] CADModel:114 - Register for checkConnection events
2025-07-22 09:47:47,553 [FATAL] Updater:351 - Updater called before beeing initialized
2025-07-22 09:47:47,553 [ERROR] CADModel:125 - Updater not yet initialized, retry later 
2025-07-22 09:47:47,760 [FATAL] Updater:351 - Updater called before beeing initialized
2025-07-22 09:47:47,762 [INFO] CADModel:165 - CPN selected for project level
2025-07-22 09:47:47,763 [INFO] CADModel:114 - Register for checkConnection events
2025-07-22 09:47:47,763 [FATAL] Updater:351 - Updater called before beeing initialized
2025-07-22 09:47:47,763 [ERROR] CADModel:125 - Updater not yet initialized, retry later 
2025-07-22 09:47:47,767 [FATAL] Updater:351 - Updater called before beeing initialized
2025-07-22 09:47:47,862 [FATAL] Updater:351 - Updater called before beeing initialized
2025-07-22 09:47:47,866 [INFO] DbMcusAds:53 - JSON generation date=Thu Sep 30 12:25:09 IST 2021 (1632984909247)
2025-07-22 09:47:47,866 [FATAL] Updater:351 - Updater called before beeing initialized
2025-07-22 09:47:47,889 [WARN] DetailPanel:346 - Failed to get advertising image, set to default
2025-07-22 09:47:47,944 [FATAL] Updater:351 - Updater called before beeing initialized
2025-07-22 09:47:47,945 [FATAL] Updater:351 - Updater called before beeing initialized
2025-07-22 09:47:47,946 [FATAL] Updater:351 - Updater called before beeing initialized
2025-07-22 09:47:47,946 [WARN] DetailPanel:346 - Failed to get advertising image, set to default
2025-07-22 09:47:47,946 [FATAL] Updater:351 - Updater called before beeing initialized
2025-07-22 09:47:47,986 [ERROR] Updater:1198 - MainUpdater not yet initialized. External WinMGr cannot be set.
2025-07-22 09:47:47,987 [INFO] Updater:1134 - Updater Version found : 6.15.0
2025-07-22 09:47:48,000 [INFO] ApplicationProperties:184 - Using Application install path: C:\ST\STM32CubeIDE_1.19.0\STM32CubeIDE\plugins\com.st.stm32cube.common.mx_6.15.0.202507011659
2025-07-22 09:47:49,573 [ERROR] LogOutputStream:75 - [STDERR_REDIRECT] Jul 22, 2025 9:47:49 AM java.util.prefs.WindowsPreferences <init>
2025-07-22 09:47:49,573 [ERROR] LogOutputStream:75 - [STDERR_REDIRECT] WARNING: Could not open/create prefs root node Software\JavaSoft\Prefs at root 0xffffffff80000002. Windows RegCreateKeyEx(...) returned error code 5.
2025-07-22 09:47:49,574 [ERROR] LogOutputStream:75 - [STDERR_REDIRECT] 
2025-07-22 09:47:49,892 [INFO] ThirdPartyUpdaterWithRetryManager:70 - Updater plugin not ready yet. [2/15]
2025-07-22 09:47:49,928 [INFO] MainUpdater:2872 - connection check result : 10
2025-07-22 09:47:49,929 [INFO] MainUpdater:289 - Updater Check For Update Now.
2025-07-22 09:47:49,929 [INFO] MicroXplorer:498 - Change Database Version : DB.6.0.150
2025-07-22 09:47:49,934 [INFO] McuFinderGlobals:63 - Set McuFinder mode to 2 (CubeIDE integrated)
2025-07-22 09:47:49,934 [INFO] UserAuth:171 - activating auth plugin
2025-07-22 09:47:49,944 [INFO] UserAuth:487 - Internet connection configuration mode: 1
2025-07-22 09:47:49,994 [INFO] JxBrowserEngine:152 - Initiate JxBrowser Engine with user profile folder
2025-07-22 09:47:50,144 [INFO] CheckServerUpdateThread:120 - End of CheckServer Thread
2025-07-22 09:47:50,476 [INFO] WebApp:169 - Instantiating new browser for Auth
2025-07-22 09:47:51,110 [INFO] WebApp:463 - Apply proxy settings
2025-07-22 09:47:51,111 [INFO] WebApp:548 - Chromium requires no authentication
2025-07-22 09:47:51,117 [INFO] WebApp:491 - Direct internet connection detected
2025-07-22 09:47:51,139 [INFO] WebApp:900 - Register for checkConnection events
2025-07-22 09:47:51,139 [INFO] WebApp:463 - Apply proxy settings
2025-07-22 09:47:51,140 [INFO] WebApp:548 - Chromium requires no authentication
2025-07-22 09:47:51,140 [INFO] WebApp:491 - Direct internet connection detected
2025-07-22 09:47:51,267 [INFO] WebApp:225 - Starting web application
2025-07-22 09:47:51,267 [INFO] WebApp:593 - Web application path used C:\ST\STM32CubeIDE_1.19.0\STM32CubeIDE\plugins\com.st.stm32cube.common.mx_6.15.0.202507011659\db\plugins\mcufinder\reactClient1\index.html
2025-07-22 09:47:51,669 [INFO] WebApp:191 - Connection restablished
2025-07-22 09:47:53,079 [WARN] PackLoader:240 - Cannot read IP mode file for STMicroelectronics.FP-SNS-MOTENVWB1.1.4.0
2025-07-22 09:47:53,084 [WARN] PackLoader:240 - Cannot read IP mode file for STMicroelectronics.FP-ATR-ASTRA1.2.0.2
2025-07-22 09:47:53,090 [WARN] PackLoader:240 - Cannot read IP mode file for STMicroelectronics.X-CUBE-SMBUS.2.1.0
2025-07-22 09:47:53,094 [WARN] PackLoader:240 - Cannot read IP mode file for STMicroelectronics.X-CUBE-ST60.1.0.0
2025-07-22 09:47:53,113 [WARN] PackLoader:240 - Cannot read IP mode file for STMicroelectronics.X-CUBE-AZRTOS-F7.1.1.0
2025-07-22 09:47:53,132 [WARN] PackLoader:240 - Cannot read IP mode file for Infineon.AIROC-Wi-Fi-Bluetooth-STM32.1.7.1
2025-07-22 09:47:53,148 [WARN] PackLoader:240 - Cannot read IP mode file for STMicroelectronics.X-CUBE-AZRTOS-H7.3.4.0
2025-07-22 09:47:53,153 [WARN] PackLoader:240 - Cannot read IP mode file for STMicroelectronics.X-CUBE-DISPLAY.3.0.0
2025-07-22 09:47:53,160 [WARN] PackLoader:240 - Cannot read IP mode file for STMicroelectronics.X-CUBE-NFC10.1.0.0
2025-07-22 09:47:53,163 [WARN] PackLoader:240 - Cannot read IP mode file for emotas.I-CUBE-CANOPEN.1.3.0
2025-07-22 09:47:53,166 [WARN] PackLoader:240 - Cannot read IP mode file for STMicroelectronics.FP-SNS-SMARTAG2.1.2.0
2025-07-22 09:47:53,170 [WARN] PackLoader:240 - Cannot read IP mode file for STMicroelectronics.FP-SNS-FLIGHT1.5.1.0
2025-07-22 09:47:53,175 [INFO] LogOutputStream:77 - [STDOUT_REDIRECT] 1 : Invalid condition id : UX_CORESTACK_Condition cause : null
2025-07-22 09:47:53,176 [INFO] LogOutputStream:77 - [STDOUT_REDIRECT] 1 : Invalid condition id : UX_CORESTACK_Condition cause : null
2025-07-22 09:47:53,176 [INFO] LogOutputStream:77 - [STDOUT_REDIRECT] 1 : Invalid condition id : UX_CORESTACK_Condition cause : null
2025-07-22 09:47:53,177 [INFO] LogOutputStream:77 - [STDOUT_REDIRECT] 1 : Invalid condition id : UX_CORESTACK_Condition cause : null
2025-07-22 09:47:53,177 [INFO] LogOutputStream:77 - [STDOUT_REDIRECT] 1 : Invalid condition id : UX_CORESTACK_Condition cause : null
2025-07-22 09:47:53,186 [WARN] PackLoader:240 - Cannot read IP mode file for STMicroelectronics.X-CUBE-AZRTOS-WL.2.0.0
2025-07-22 09:47:53,190 [WARN] PackLoader:240 - Cannot read IP mode file for STMicroelectronics.FP-SNS-MOTENV1.5.0.0
2025-07-22 09:47:53,196 [WARN] PackLoader:240 - Cannot read IP mode file for WES.I-CUBE-Cesium.1.3.0
2025-07-22 09:47:53,201 [WARN] PackLoader:240 - Cannot read IP mode file for STMicroelectronics.X-CUBE-BLE2.3.3.0
2025-07-22 09:47:53,206 [WARN] PackLoader:240 - Cannot read IP mode file for STMicroelectronics.X-CUBE-NFC9.1.0.0
2025-07-22 09:47:53,210 [WARN] PackLoader:240 - Cannot read IP mode file for wolfSSL.I-CUBE-wolfSSL.5.8.0
2025-07-22 09:47:53,214 [WARN] PackLoader:240 - Cannot read IP mode file for STMicroelectronics.X-CUBE-BLE1.7.1.0
2025-07-22 09:47:53,216 [WARN] PackLoader:240 - Cannot read IP mode file for wolfSSL.I-CUBE-wolfMQTT.1.19.2
2025-07-22 09:47:53,221 [WARN] PackLoader:240 - Cannot read IP mode file for STMicroelectronics.X-CUBE-EEPRMA1.5.2.0
2025-07-22 09:47:53,225 [WARN] PackLoader:240 - Cannot read IP mode file for STMicroelectronics.X-CUBE-AI.10.1.0
2025-07-22 09:47:53,235 [WARN] PackLoader:240 - Cannot read IP mode file for STMicroelectronics.X-CUBE-AZRTOS-G0.1.1.0
2025-07-22 09:47:53,240 [WARN] PackLoader:240 - Cannot read IP mode file for STMicroelectronics.X-CUBE-SAFEA1.1.2.2
2025-07-22 09:47:53,244 [WARN] PackLoader:240 - Cannot read IP mode file for STMicroelectronics.X-CUBE-NFC4.3.0.0
2025-07-22 09:47:53,249 [WARN] PackLoader:240 - Cannot read IP mode file for EmbeddedOffice.I-CUBE-FS-RTOS.1.0.1
2025-07-22 09:47:53,253 [WARN] PackLoader:240 - Cannot read IP mode file for STMicroelectronics.X-CUBE-WB05N.2.0.0
2025-07-22 09:47:53,256 [WARN] PackLoader:240 - Cannot read IP mode file for wolfSSL.I-CUBE-wolfTPM.3.8.0
2025-07-22 09:47:53,260 [WARN] PackLoader:240 - Cannot read IP mode file for STMicroelectronics.X-CUBE-TCPP.4.2.0
2025-07-22 09:47:53,264 [WARN] PackLoader:240 - Cannot read IP mode file for RealThread.X-CUBE-RT-Thread_Nano.4.1.1
2025-07-22 09:47:53,266 [WARN] PackLoader:240 - Cannot read IP mode file for STMicroelectronics.FP-ATR-SIGFOX1.3.2.0
2025-07-22 09:47:53,270 [WARN] PackLoader:240 - Cannot read IP mode file for ITTIA_DB.I-CUBE-ITTIADB.8.9.0
2025-07-22 09:47:53,274 [WARN] PackLoader:240 - Cannot read IP mode file for STMicroelectronics.X-CUBE-ST67W61.1.0.0
2025-07-22 09:47:53,287 [WARN] PackLoader:240 - Cannot read IP mode file for SEGGER.I-CUBE-embOS.1.3.1
2025-07-22 09:47:53,311 [WARN] PackLoader:240 - Cannot read IP mode file for STMicroelectronics.X-CUBE-ALGOBUILD.1.4.0
2025-07-22 09:47:53,347 [WARN] PackLoader:240 - Cannot read IP mode file for STMicroelectronics.X-CUBE-MEMS1.11.3.0
2025-07-22 09:47:53,455 [WARN] PackLoader:240 - Cannot read IP mode file for STMicroelectronics.X-CUBE-PM33A1.1.0.0
2025-07-22 09:47:53,463 [WARN] PackLoader:240 - Cannot read IP mode file for STMicroelectronics.X-CUBE-AZRTOS-F4.1.1.0
2025-07-22 09:47:53,467 [WARN] PackLoader:240 - Cannot read IP mode file for STMicroelectronics.X-CUBE-ISPU.2.1.0
2025-07-22 09:47:53,471 [WARN] PackLoader:240 - Cannot read IP mode file for STMicroelectronics.X-CUBE-NFC12.1.0.0
2025-07-22 09:47:53,479 [WARN] PackLoader:240 - Cannot read IP mode file for STMicroelectronics.X-CUBE-AZRTOS-L5.2.0.0
2025-07-22 09:47:53,484 [WARN] PackLoader:240 - Cannot read IP mode file for STMicroelectronics.X-CUBE-NFC6.3.1.0
2025-07-22 09:47:53,488 [WARN] PackLoader:240 - Cannot read IP mode file for STMicroelectronics.X-CUBE-FREERTOS.1.3.1
2025-07-22 09:47:53,491 [WARN] PackLoader:240 - Cannot read IP mode file for STMicroelectronics.FP-SNS-STAIOTCFT.1.0.0
2025-07-22 09:47:53,495 [WARN] PackLoader:240 - Cannot read IP mode file for STMicroelectronics.X-CUBE-DPower.1.3.0
2025-07-22 09:47:53,504 [WARN] ConditionMgr:438 - getConditionDescription Invalid condition id : LAN8742 Phy interface Condition cause : null
2025-07-22 09:47:53,504 [WARN] PackLoader:240 - Cannot read IP mode file for STMicroelectronics.X-CUBE-AZRTOS-L4.2.0.0
2025-07-22 09:47:53,505 [WARN] ConditionMgr:1044 - genDependencies : Invalid condition id : LAN8742 Phy interface Condition cause : null
2025-07-22 09:47:53,505 [WARN] ConditionMgr:1044 - genDependencies : Invalid condition id : LAN8742 Phy interface Condition cause : null
2025-07-22 09:47:53,506 [WARN] ConditionMgr:1044 - genDependencies : Invalid condition id : LAN8742 Phy interface Condition cause : null
2025-07-22 09:47:53,509 [WARN] PackLoader:240 - Cannot read IP mode file for STMicroelectronics.X-CUBE-SFXS2LP1.4.0.0
2025-07-22 09:47:53,515 [WARN] PackLoader:240 - Cannot read IP mode file for STMicroelectronics.X-CUBE-BLEMGR.4.1.0
2025-07-22 09:47:53,522 [WARN] ConditionMgr:438 - getConditionDescription Invalid condition id : UX DEVICE CLASS RTOS Condition cause : null
2025-07-22 09:47:53,522 [WARN] ConditionMgr:438 - getConditionDescription Invalid condition id : UX DEVICE CLASS RTOS Condition cause : null
2025-07-22 09:47:53,523 [WARN] PackLoader:240 - Cannot read IP mode file for STMicroelectronics.X-CUBE-AZRTOS-WB.2.0.0
2025-07-22 09:47:53,523 [WARN] ConditionMgr:1044 - genDependencies : Invalid condition id : UX DEVICE CLASS RTOS Condition cause : null
2025-07-22 09:47:53,524 [WARN] ConditionMgr:1044 - genDependencies : Invalid condition id : UX DEVICE CLASS RTOS Condition cause : null
2025-07-22 09:47:53,524 [WARN] ConditionMgr:1044 - genDependencies : Invalid condition id : UX DEVICE CLASS RTOS Condition cause : null
2025-07-22 09:47:53,524 [WARN] ConditionMgr:1044 - genDependencies : Invalid condition id : UX DEVICE CLASS RTOS Condition cause : null
2025-07-22 09:47:53,524 [WARN] ConditionMgr:1044 - genDependencies : Invalid condition id : UX DEVICE CLASS RTOS Condition cause : null
2025-07-22 09:47:53,527 [WARN] PackLoader:240 - Cannot read IP mode file for STMicroelectronics.X-CUBE-GNSS1.7.0.1
2025-07-22 09:47:53,531 [WARN] PackLoader:240 - Cannot read IP mode file for STMicroelectronics.X-CUBE-TOUCHGFX.4.25.0
2025-07-22 09:47:53,536 [WARN] PackLoader:240 - Cannot read IP mode file for STMicroelectronics.FP-SNS-STBOX1.2.0.0
2025-07-22 09:47:53,540 [WARN] ConditionMgr:438 - getConditionDescription Invalid condition id : Cortex-A Device cause : null
2025-07-22 09:47:53,550 [WARN] ConditionMgr:1044 - genDependencies : Invalid condition id : Cortex-A Device cause : null
2025-07-22 09:47:53,551 [WARN] ConditionMgr:1044 - genDependencies : Invalid condition id : Cortex-A Device cause : null
2025-07-22 09:47:53,551 [WARN] ConditionMgr:1044 - genDependencies : Invalid condition id : Cortex-A Device cause : null
2025-07-22 09:47:53,556 [WARN] PackLoader:240 - Cannot read IP mode file for STMicroelectronics.X-CUBE-SUBG2.5.0.0
2025-07-22 09:47:53,565 [WARN] PackLoader:240 - Cannot read IP mode file for STMicroelectronics.X-CUBE-AZRTOS-H7RS.1.1.0
2025-07-22 09:47:53,569 [WARN] PackLoader:240 - Cannot read IP mode file for Cesanta.I-CUBE-Mongoose.7.13.0
2025-07-22 09:47:53,574 [WARN] PackLoader:240 - Cannot read IP mode file for STMicroelectronics.X-CUBE-AZRTOS-G4.2.0.0
2025-07-22 09:47:53,577 [WARN] PackLoader:240 - Cannot read IP mode file for wolfSSL.I-CUBE-wolfSSH.1.4.20
2025-07-22 09:47:53,579 [WARN] PackLoader:240 - Cannot read IP mode file for STMicroelectronics.X-CUBE-NFC7.2.0.0
2025-07-22 09:47:53,585 [WARN] PackLoader:240 - Cannot read IP mode file for STMicroelectronics.X-CUBE-IPS.3.1.0
2025-07-22 09:47:53,594 [WARN] PackLoader:240 - Cannot read IP mode file for STMicroelectronics.X-CUBE-ALS.1.0.2
2025-07-22 09:47:53,597 [WARN] PackLoader:240 - Cannot read IP mode file for portGmbH.I-Cube-SoM-uGOAL.1.1.0
2025-07-22 09:47:53,602 [WARN] PackLoader:240 - Cannot read IP mode file for STMicroelectronics.X-CUBE-TOF1.3.4.3
2025-07-22 09:47:53,610 [INFO] ThirdParty:978 - Integrity check success = true
2025-07-22 09:47:53,610 [INFO] IntegrityCheckThread:100 - exiting critical section [integrity check]
2025-07-22 09:47:53,610 [INFO] IntegrityCheckThread:103 - End integrity checks thread
2025-07-22 09:47:54,760 [ERROR] LogOutputStream:75 - [STDERR_REDIRECT] 
2025-07-22 09:47:54,761 [ERROR] LogOutputStream:75 - [STDERR_REDIRECT] 
