2025-08-13 17:15:52,340 [INFO] Activator:176 - 


2025-08-13 17:15:52,344 [INFO] Activator:177 - !SESSION log4j initialized
2025-08-13 17:15:56,601 [INFO] LogOutputStream:77 - [STDOUT_REDIRECT] 
2025-08-13 17:15:57,427 [INFO] ApplicationProperties:184 - Using Application install path: C:\ST\STM32CubeIDE_1.19.0\STM32CubeIDE\plugins\com.st.stm32cube.common.mx_6.15.0.202507011659
2025-08-13 17:15:57,440 [INFO] DbMcusXml:78 - Set database path to: C:\ST\STM32CubeIDE_1.19.0\STM32CubeIDE\plugins\com.st.stm32cube.common.mx_6.15.0.202507011659\\db\/mcu/
2025-08-13 17:15:57,440 [INFO] ApiDb:274 - Set plugin database path to: C:\ST\STM32CubeIDE_1.19.0\STM32CubeIDE\plugins\com.st.stm32cube.common.mx_6.15.0.202507011659\\db\/plugins/boardmanager/
2025-08-13 17:15:57,441 [WARN] ApiDb:259 - Overriding images path with different value:  => C:\ST\STM32CubeIDE_1.19.0\STM32CubeIDE\plugins\com.st.stm32cube.common.mx_6.15.0.202507011659\\db\/plugins/mcufinder/images/
2025-08-13 17:15:57,444 [INFO] ApiDb:250 - Set database path to: C:\Users\User\.stmcufinder\plugins\mcufinder//mcu/
2025-08-13 17:15:57,446 [INFO] DbMcusAds:125 - Set database path to: C:\Users\User\.stmcufinder\plugins\mcufinder//mcu/
2025-08-13 17:15:57,448 [INFO] CrossReferenceDbSqlite:203 - Set database path to: C:\Users\User\.stmcufinder\plugins\mcufinder//mcu/cs/
2025-08-13 17:15:57,559 [INFO] RulesReader:64 - Compatibility file has been processed (317 Rules)
2025-08-13 17:15:57,627 [INFO] DbMcusXml:78 - Set database path to: C:\ST\STM32CubeIDE_1.19.0\STM32CubeIDE\plugins\com.st.stm32cube.common.mx_6.15.0.202507011659\\db\/mcu/
2025-08-13 17:15:57,627 [INFO] ApiDb:274 - Set plugin database path to: C:\ST\STM32CubeIDE_1.19.0\STM32CubeIDE\plugins\com.st.stm32cube.common.mx_6.15.0.202507011659\\db\/plugins/boardmanager/
2025-08-13 17:15:57,627 [INFO] ApiDb:261 - Set plugin images path to: C:\ST\STM32CubeIDE_1.19.0\STM32CubeIDE\plugins\com.st.stm32cube.common.mx_6.15.0.202507011659\\db\/plugins/mcufinder/images/
2025-08-13 17:15:57,628 [WARN] DbFile:41 - Overriding database path with different value: C:\Users\User\.stmcufinder\plugins\mcufinder/ => C:\Users\User\.stmcufinder\plugins\mcufinder
2025-08-13 17:15:57,628 [INFO] ApiDb:250 - Set database path to: C:\Users\User\.stmcufinder\plugins\mcufinder//mcu/
2025-08-13 17:15:57,628 [WARN] DbFile:41 - Overriding database path with different value: C:\Users\User\.stmcufinder\plugins\mcufinder/ => C:\Users\User\.stmcufinder\plugins\mcufinder
2025-08-13 17:15:57,628 [INFO] DbMcusAds:125 - Set database path to: C:\Users\User\.stmcufinder\plugins\mcufinder//mcu/
2025-08-13 17:15:57,628 [WARN] DbFile:41 - Overriding database path with different value: C:\Users\User\.stmcufinder\plugins\mcufinder/ => C:\Users\User\.stmcufinder\plugins\mcufinder
2025-08-13 17:15:57,628 [WARN] DbFile:41 - Overriding database path with different value: C:\Users\User\.stmcufinder\plugins\mcufinder/ => C:\Users\User\.stmcufinder\plugins\mcufinder
2025-08-13 17:15:57,628 [INFO] CrossReferenceDbSqlite:203 - Set database path to: C:\Users\User\.stmcufinder\plugins\mcufinder//mcu/cs/
2025-08-13 17:15:57,693 [INFO] MainPanel:274 - HeapMemory: 316669952
2025-08-13 17:15:57,769 [INFO] DbMcusXml:78 - Set database path to: C:\ST\STM32CubeIDE_1.19.0\STM32CubeIDE\plugins\com.st.stm32cube.common.mx_6.15.0.202507011659\\db\/mcu/
2025-08-13 17:15:57,769 [INFO] ApiDb:274 - Set plugin database path to: C:\ST\STM32CubeIDE_1.19.0\STM32CubeIDE\plugins\com.st.stm32cube.common.mx_6.15.0.202507011659\\db\/plugins/boardmanager/
2025-08-13 17:15:57,769 [INFO] ApiDb:261 - Set plugin images path to: C:\ST\STM32CubeIDE_1.19.0\STM32CubeIDE\plugins\com.st.stm32cube.common.mx_6.15.0.202507011659\\db\/plugins/mcufinder/images/
2025-08-13 17:15:57,770 [WARN] DbFile:41 - Overriding database path with different value: C:\Users\User\.stmcufinder\plugins\mcufinder/ => C:\Users\User\.stmcufinder\plugins\mcufinder
2025-08-13 17:15:57,770 [INFO] ApiDb:250 - Set database path to: C:\Users\User\.stmcufinder\plugins\mcufinder//mcu/
2025-08-13 17:15:57,770 [WARN] DbFile:41 - Overriding database path with different value: C:\Users\User\.stmcufinder\plugins\mcufinder/ => C:\Users\User\.stmcufinder\plugins\mcufinder
2025-08-13 17:15:57,770 [INFO] DbMcusAds:125 - Set database path to: C:\Users\User\.stmcufinder\plugins\mcufinder//mcu/
2025-08-13 17:15:57,770 [WARN] DbFile:41 - Overriding database path with different value: C:\Users\User\.stmcufinder\plugins\mcufinder/ => C:\Users\User\.stmcufinder\plugins\mcufinder
2025-08-13 17:15:57,770 [WARN] DbFile:41 - Overriding database path with different value: C:\Users\User\.stmcufinder\plugins\mcufinder/ => C:\Users\User\.stmcufinder\plugins\mcufinder
2025-08-13 17:15:57,770 [INFO] CrossReferenceDbSqlite:203 - Set database path to: C:\Users\User\.stmcufinder\plugins\mcufinder//mcu/cs/
2025-08-13 17:15:57,790 [INFO] ApplicationProperties:184 - Using Application install path: C:\ST\STM32CubeIDE_1.19.0\STM32CubeIDE\plugins\com.st.stm32cube.common.mx_6.15.0.202507011659
2025-08-13 17:15:57,791 [INFO] PluginManage:196 - Search for loadable plugins [exclusion list=, ]
2025-08-13 17:15:57,793 [INFO] PluginManage:310 - Check plugin analytics
2025-08-13 17:15:57,956 [INFO] AnalyticsPlugin:253 - Accepted Software Licenses: 
2025-08-13 17:15:57,956 [INFO] AnalyticsPlugin:255 - Accepted CMSIS Pack Licenses: 
2025-08-13 17:15:57,956 [INFO] AnalyticsPlugin:257 - Accepted Firmware Licenses: FW.WL.1.3.0
2025-08-13 17:15:57,958 [INFO] PluginManage:359 - Loaded plugin analytics (category:tool,tabindex:-1)
2025-08-13 17:15:57,958 [INFO] PluginManage:310 - Check plugin cadmodel
2025-08-13 17:15:57,961 [INFO] CADModel:105 - Init CAD model plugin
2025-08-13 17:15:57,961 [INFO] PluginManage:359 - Loaded plugin cadmodel (category:power,tabindex:5)
2025-08-13 17:15:57,961 [INFO] PluginManage:310 - Check plugin clock
2025-08-13 17:15:57,968 [INFO] PluginManage:359 - Loaded plugin clock (category:base,tabindex:2)
2025-08-13 17:15:57,968 [INFO] PluginManage:310 - Check plugin ddr
2025-08-13 17:15:57,970 [INFO] PluginManage:359 - Loaded plugin ddr (category:tool,tabindex:6)
2025-08-13 17:15:57,970 [INFO] PluginManage:310 - Check plugin filemanager
2025-08-13 17:15:58,124 [INFO] PluginManage:359 - Loaded plugin filemanager (category:base,tabindex:10)
2025-08-13 17:15:58,124 [INFO] PluginManage:310 - Check plugin ipmanager
2025-08-13 17:15:58,131 [INFO] PluginManage:359 - Loaded plugin ipmanager (category:base,tabindex:5)
2025-08-13 17:15:58,131 [INFO] PluginManage:310 - Check plugin lpbam
2025-08-13 17:15:58,137 [INFO] PluginManage:359 - Loaded plugin lpbam (category:base,tabindex:0)
2025-08-13 17:15:58,138 [INFO] PluginManage:310 - Check plugin memorymap
2025-08-13 17:15:58,147 [INFO] PluginManage:359 - Loaded plugin memorymap (category:base,tabindex:4)
2025-08-13 17:15:58,147 [INFO] PluginManage:310 - Check plugin pinoutandconfiguration
2025-08-13 17:15:58,155 [INFO] PluginManage:359 - Loaded plugin pinoutandconfiguration (category:base,tabindex:1)
2025-08-13 17:15:58,156 [INFO] PluginManage:310 - Check plugin pinoutconfig
2025-08-13 17:15:58,241 [WARN] SupportedApi:132 - Cannot load RTOS API schema: s4s-elt-must-match.1: The content of 'definitions' must match (annotation?, (simpleType | complexType)?, (unique | key | keyref)*)). A problem was found starting at: attribute.
2025-08-13 17:15:58,385 [INFO] PluginManage:359 - Loaded plugin pinoutconfig (category:base,tabindex:0)
2025-08-13 17:15:58,385 [INFO] PluginManage:310 - Check plugin power
2025-08-13 17:15:58,393 [INFO] PluginManage:359 - Loaded plugin power (category:power,tabindex:4)
2025-08-13 17:15:58,393 [INFO] PluginManage:310 - Check plugin projectmanager
2025-08-13 17:15:58,407 [INFO] PluginManage:359 - Loaded plugin projectmanager (category:projectmanager,tabindex:4)
2025-08-13 17:15:58,408 [INFO] PluginManage:310 - Check plugin rif
2025-08-13 17:15:58,415 [INFO] PluginManage:359 - Loaded plugin rif (category:base,tabindex:3)
2025-08-13 17:15:58,415 [INFO] PluginManage:310 - Check plugin thirdparty
2025-08-13 17:15:58,534 [INFO] PluginManage:359 - Loaded plugin thirdparty (category:base,tabindex:-1)
2025-08-13 17:15:58,534 [WARN] IntegrityCheckThread:84 - waiting for thirdparty lock release [integrity check]
2025-08-13 17:15:58,534 [INFO] PluginManage:310 - Check plugin tools
2025-08-13 17:15:58,534 [INFO] IntegrityCheckThread:86 - entering critical section [integrity check]
2025-08-13 17:15:58,535 [INFO] ThirdPartyUpdaterWithRetryManager:70 - Updater plugin not ready yet. [1/15]
2025-08-13 17:15:58,537 [INFO] PluginManage:359 - Loaded plugin tools (category:base,tabindex:7)
2025-08-13 17:15:58,537 [INFO] PluginManage:310 - Check plugin tutovideos
2025-08-13 17:15:58,769 [INFO] PluginManage:359 - Loaded plugin tutovideos (category:base,tabindex:-1)
2025-08-13 17:15:58,769 [INFO] PluginManage:310 - Check plugin updater
2025-08-13 17:15:58,792 [INFO] PluginManage:359 - Loaded plugin updater (category:base,tabindex:12)
2025-08-13 17:15:58,792 [INFO] PluginManage:310 - Check plugin userauth
2025-08-13 17:15:58,796 [INFO] UserAuth:118 - Init User Auth plugin
2025-08-13 17:15:58,798 [INFO] PluginManage:359 - Loaded plugin userauth (category:base,tabindex:14)
2025-08-13 17:15:58,798 [INFO] PluginManage:283 - PluginManage : Loaded plugins [18]
2025-08-13 17:15:58,992 [INFO] PinOutPanel:1589 - setPackage(No Configuration,No Configuration)
2025-08-13 17:15:59,061 [INFO] CADModel:165 - CPN selected for project level
2025-08-13 17:15:59,061 [INFO] CADModel:114 - Register for checkConnection events
2025-08-13 17:15:59,075 [INFO] IPUIPlugin:80 - create IPUIPlugin
2025-08-13 17:15:59,075 [INFO] PluginManager:220 - loadIPPluginJar : add adc
2025-08-13 17:15:59,078 [INFO] IPUIPlugin:80 - create IPUIPlugin
2025-08-13 17:15:59,078 [INFO] PluginManager:220 - loadIPPluginJar : add aes
2025-08-13 17:15:59,080 [INFO] IPUIPlugin:80 - create IPUIPlugin
2025-08-13 17:15:59,080 [INFO] PluginManager:220 - loadIPPluginJar : add can
2025-08-13 17:15:59,081 [INFO] IPUIPlugin:80 - create IPUIPlugin
2025-08-13 17:15:59,081 [INFO] PluginManager:220 - loadIPPluginJar : add comp
2025-08-13 17:15:59,083 [INFO] IPUIPlugin:80 - create IPUIPlugin
2025-08-13 17:15:59,083 [INFO] PluginManager:220 - loadIPPluginJar : add cryp
2025-08-13 17:15:59,085 [INFO] IPUIPlugin:80 - create IPUIPlugin
2025-08-13 17:15:59,085 [INFO] PluginManager:220 - loadIPPluginJar : add ddr_ctrl_phy
2025-08-13 17:15:59,087 [INFO] IPUIPlugin:80 - create IPUIPlugin
2025-08-13 17:15:59,087 [INFO] PluginManager:220 - loadIPPluginJar : add dfsdm
2025-08-13 17:15:59,093 [INFO] IPUIPlugin:80 - create IPUIPlugin
2025-08-13 17:15:59,094 [INFO] PluginManager:220 - loadIPPluginJar : add dma
2025-08-13 17:15:59,096 [INFO] IPUIPlugin:80 - create IPUIPlugin
2025-08-13 17:15:59,096 [INFO] PluginManager:220 - loadIPPluginJar : add dma3
2025-08-13 17:15:59,099 [INFO] IPUIPlugin:80 - create IPUIPlugin
2025-08-13 17:15:59,100 [INFO] PluginManager:220 - loadIPPluginJar : add extmemmanager
2025-08-13 17:15:59,101 [INFO] IPUIPlugin:80 - create IPUIPlugin
2025-08-13 17:15:59,101 [INFO] PluginManager:220 - loadIPPluginJar : add fatfs
2025-08-13 17:15:59,106 [INFO] IPUIPlugin:80 - create IPUIPlugin
2025-08-13 17:15:59,106 [INFO] PluginManager:220 - loadIPPluginJar : add fmc
2025-08-13 17:15:59,111 [INFO] IPUIPlugin:80 - create IPUIPlugin
2025-08-13 17:15:59,112 [INFO] PluginManager:220 - loadIPPluginJar : add freertos
2025-08-13 17:15:59,113 [INFO] IPUIPlugin:80 - create IPUIPlugin
2025-08-13 17:15:59,113 [INFO] PluginManager:220 - loadIPPluginJar : add genericplugin
2025-08-13 17:15:59,114 [INFO] IPUIPlugin:80 - create IPUIPlugin
2025-08-13 17:15:59,114 [INFO] PluginManager:220 - loadIPPluginJar : add gfxmmu
2025-08-13 17:15:59,120 [INFO] IPUIPlugin:80 - create IPUIPlugin
2025-08-13 17:15:59,120 [INFO] PluginManager:220 - loadIPPluginJar : add gic
2025-08-13 17:15:59,124 [INFO] IPUIPlugin:80 - create IPUIPlugin
2025-08-13 17:15:59,125 [INFO] PluginManager:220 - loadIPPluginJar : add gpio
2025-08-13 17:15:59,127 [INFO] IPUIPlugin:80 - create IPUIPlugin
2025-08-13 17:15:59,127 [INFO] PluginManager:220 - loadIPPluginJar : add gtzc
2025-08-13 17:15:59,130 [INFO] IPUIPlugin:80 - create IPUIPlugin
2025-08-13 17:15:59,130 [INFO] PluginManager:220 - loadIPPluginJar : add hash
2025-08-13 17:15:59,132 [INFO] IPUIPlugin:80 - create IPUIPlugin
2025-08-13 17:15:59,132 [INFO] PluginManager:220 - loadIPPluginJar : add i2c
2025-08-13 17:15:59,134 [INFO] IPUIPlugin:80 - create IPUIPlugin
2025-08-13 17:15:59,134 [INFO] PluginManager:220 - loadIPPluginJar : add i2s
2025-08-13 17:15:59,137 [INFO] IPUIPlugin:80 - create IPUIPlugin
2025-08-13 17:15:59,137 [INFO] PluginManager:220 - loadIPPluginJar : add i3c
2025-08-13 17:15:59,140 [INFO] IPUIPlugin:80 - create IPUIPlugin
2025-08-13 17:15:59,140 [INFO] PluginManager:220 - loadIPPluginJar : add ipddr
2025-08-13 17:15:59,148 [INFO] IPUIPlugin:80 - create IPUIPlugin
2025-08-13 17:15:59,148 [INFO] PluginManager:220 - loadIPPluginJar : add linkedlist
2025-08-13 17:15:59,152 [INFO] IPUIPlugin:80 - create IPUIPlugin
2025-08-13 17:15:59,152 [INFO] PluginManager:220 - loadIPPluginJar : add lorawan
2025-08-13 17:15:59,154 [INFO] IPUIPlugin:80 - create IPUIPlugin
2025-08-13 17:15:59,154 [INFO] PluginManager:220 - loadIPPluginJar : add ltdc
2025-08-13 17:15:59,158 [INFO] IPUIPlugin:80 - create IPUIPlugin
2025-08-13 17:15:59,158 [INFO] PluginManager:220 - loadIPPluginJar : add mdma
2025-08-13 17:15:59,161 [INFO] IPUIPlugin:80 - create IPUIPlugin
2025-08-13 17:15:59,161 [INFO] PluginManager:220 - loadIPPluginJar : add nvic
2025-08-13 17:15:59,163 [INFO] IPUIPlugin:80 - create IPUIPlugin
2025-08-13 17:15:59,164 [INFO] PluginManager:220 - loadIPPluginJar : add opamp
2025-08-13 17:15:59,165 [INFO] IPUIPlugin:80 - create IPUIPlugin
2025-08-13 17:15:59,166 [INFO] PluginManager:220 - loadIPPluginJar : add openamp
2025-08-13 17:15:59,169 [INFO] IPUIPlugin:80 - create IPUIPlugin
2025-08-13 17:15:59,169 [INFO] PluginManager:220 - loadIPPluginJar : add pdm2pcm
2025-08-13 17:15:59,175 [INFO] IPUIPlugin:80 - create IPUIPlugin
2025-08-13 17:15:59,177 [INFO] PluginManager:220 - loadIPPluginJar : add plateformsettings
2025-08-13 17:15:59,178 [INFO] IPUIPlugin:80 - create IPUIPlugin
2025-08-13 17:15:59,179 [INFO] PluginManager:220 - loadIPPluginJar : add quadspi
2025-08-13 17:15:59,181 [INFO] IPUIPlugin:80 - create IPUIPlugin
2025-08-13 17:15:59,182 [INFO] PluginManager:220 - loadIPPluginJar : add radio
2025-08-13 17:15:59,185 [INFO] IPUIPlugin:80 - create IPUIPlugin
2025-08-13 17:15:59,185 [INFO] PluginManager:220 - loadIPPluginJar : add resmgrutility
2025-08-13 17:15:59,188 [INFO] IPUIPlugin:80 - create IPUIPlugin
2025-08-13 17:15:59,188 [INFO] PluginManager:220 - loadIPPluginJar : add sai
2025-08-13 17:15:59,191 [INFO] IPUIPlugin:80 - create IPUIPlugin
2025-08-13 17:15:59,191 [INFO] PluginManager:220 - loadIPPluginJar : add spi
2025-08-13 17:15:59,197 [INFO] IPUIPlugin:80 - create IPUIPlugin
2025-08-13 17:15:59,197 [INFO] PluginManager:220 - loadIPPluginJar : add stm32_wpan
2025-08-13 17:15:59,199 [INFO] IPUIPlugin:80 - create IPUIPlugin
2025-08-13 17:15:59,199 [INFO] PluginManager:220 - loadIPPluginJar : add tim
2025-08-13 17:15:59,202 [INFO] IPUIPlugin:80 - create IPUIPlugin
2025-08-13 17:15:59,203 [INFO] PluginManager:220 - loadIPPluginJar : add touchsensing
2025-08-13 17:15:59,211 [INFO] IPUIPlugin:80 - create IPUIPlugin
2025-08-13 17:15:59,211 [INFO] PluginManager:220 - loadIPPluginJar : add tracer_emb
2025-08-13 17:15:59,213 [INFO] IPUIPlugin:80 - create IPUIPlugin
2025-08-13 17:15:59,213 [INFO] PluginManager:220 - loadIPPluginJar : add ts
2025-08-13 17:15:59,214 [INFO] IPUIPlugin:80 - create IPUIPlugin
2025-08-13 17:15:59,214 [INFO] PluginManager:220 - loadIPPluginJar : add tsc
2025-08-13 17:15:59,216 [INFO] IPUIPlugin:80 - create IPUIPlugin
2025-08-13 17:15:59,216 [INFO] PluginManager:220 - loadIPPluginJar : add ucpd
2025-08-13 17:15:59,218 [INFO] IPUIPlugin:80 - create IPUIPlugin
2025-08-13 17:15:59,218 [INFO] PluginManager:220 - loadIPPluginJar : add usart
2025-08-13 17:15:59,220 [INFO] IPUIPlugin:80 - create IPUIPlugin
2025-08-13 17:15:59,220 [INFO] PluginManager:220 - loadIPPluginJar : add usbx
2025-08-13 17:15:59,335 [FATAL] Updater:351 - Updater called before beeing initialized
2025-08-13 17:15:59,354 [INFO] RulesReader:64 - Compatibility file has been processed (317 Rules)
2025-08-13 17:15:59,363 [INFO] RulesReader:64 - Compatibility file has been processed (317 Rules)
2025-08-13 17:15:59,369 [INFO] CADModel:165 - CPN selected for project level
2025-08-13 17:15:59,369 [INFO] CADModel:114 - Register for checkConnection events
2025-08-13 17:15:59,369 [FATAL] Updater:351 - Updater called before beeing initialized
2025-08-13 17:15:59,369 [ERROR] CADModel:125 - Updater not yet initialized, retry later 
2025-08-13 17:15:59,499 [FATAL] Updater:351 - Updater called before beeing initialized
2025-08-13 17:15:59,501 [INFO] CADModel:165 - CPN selected for project level
2025-08-13 17:15:59,501 [INFO] CADModel:114 - Register for checkConnection events
2025-08-13 17:15:59,501 [FATAL] Updater:351 - Updater called before beeing initialized
2025-08-13 17:15:59,501 [ERROR] CADModel:125 - Updater not yet initialized, retry later 
2025-08-13 17:15:59,505 [FATAL] Updater:351 - Updater called before beeing initialized
2025-08-13 17:15:59,599 [FATAL] Updater:351 - Updater called before beeing initialized
2025-08-13 17:15:59,603 [INFO] DbMcusAds:53 - JSON generation date=Tue Jul 08 13:44:23 IST 2025 (1751962463562)
2025-08-13 17:15:59,603 [FATAL] Updater:351 - Updater called before beeing initialized
2025-08-13 17:15:59,622 [WARN] DetailPanel:346 - Failed to get advertising image, set to default
2025-08-13 17:15:59,676 [FATAL] Updater:351 - Updater called before beeing initialized
2025-08-13 17:15:59,678 [FATAL] Updater:351 - Updater called before beeing initialized
2025-08-13 17:15:59,678 [FATAL] Updater:351 - Updater called before beeing initialized
2025-08-13 17:15:59,678 [WARN] DetailPanel:346 - Failed to get advertising image, set to default
2025-08-13 17:15:59,678 [FATAL] Updater:351 - Updater called before beeing initialized
2025-08-13 17:15:59,713 [ERROR] Updater:1198 - MainUpdater not yet initialized. External WinMGr cannot be set.
2025-08-13 17:15:59,714 [INFO] Updater:1134 - Updater Version found : 6.15.0
2025-08-13 17:15:59,726 [INFO] ApplicationProperties:184 - Using Application install path: C:\ST\STM32CubeIDE_1.19.0\STM32CubeIDE\plugins\com.st.stm32cube.common.mx_6.15.0.202507011659
2025-08-13 17:16:01,296 [ERROR] LogOutputStream:75 - [STDERR_REDIRECT] Aug 13, 2025 5:16:01 PM java.util.prefs.WindowsPreferences <init>
2025-08-13 17:16:01,297 [ERROR] LogOutputStream:75 - [STDERR_REDIRECT] WARNING: Could not open/create prefs root node Software\JavaSoft\Prefs at root 0xffffffff80000002. Windows RegCreateKeyEx(...) returned error code 5.
2025-08-13 17:16:01,298 [ERROR] LogOutputStream:75 - [STDERR_REDIRECT] 
2025-08-13 17:16:01,536 [INFO] ThirdPartyUpdaterWithRetryManager:70 - Updater plugin not ready yet. [2/15]
2025-08-13 17:16:01,549 [INFO] MainUpdater:2872 - connection check result : 10
2025-08-13 17:16:01,550 [INFO] MainUpdater:289 - Updater Check For Update Now.
2025-08-13 17:16:01,550 [INFO] MicroXplorer:498 - Change Database Version : DB.6.0.150
2025-08-13 17:16:01,557 [INFO] McuFinderGlobals:63 - Set McuFinder mode to 2 (CubeIDE integrated)
2025-08-13 17:16:01,557 [INFO] UserAuth:487 - Internet connection configuration mode: 1
2025-08-13 17:16:01,570 [INFO] JxBrowserEngine:152 - Initiate JxBrowser Engine with user profile folder
2025-08-13 17:16:01,701 [INFO] CheckServerUpdateThread:120 - End of CheckServer Thread
2025-08-13 17:16:01,961 [INFO] WebApp:169 - Instantiating new browser for Auth
2025-08-13 17:16:02,437 [INFO] WebApp:463 - Apply proxy settings
2025-08-13 17:16:02,438 [INFO] WebApp:548 - Chromium requires no authentication
2025-08-13 17:16:02,444 [INFO] WebApp:491 - Direct internet connection detected
2025-08-13 17:16:02,462 [INFO] WebApp:900 - Register for checkConnection events
2025-08-13 17:16:02,462 [INFO] WebApp:463 - Apply proxy settings
2025-08-13 17:16:02,462 [INFO] WebApp:548 - Chromium requires no authentication
2025-08-13 17:16:02,462 [INFO] WebApp:491 - Direct internet connection detected
2025-08-13 17:16:02,577 [INFO] WebApp:225 - Starting web application
2025-08-13 17:16:02,577 [INFO] WebApp:593 - Web application path used C:\ST\STM32CubeIDE_1.19.0\STM32CubeIDE\plugins\com.st.stm32cube.common.mx_6.15.0.202507011659\db\plugins\mcufinder\reactClient1\index.html
2025-08-13 17:16:02,632 [INFO] UserAuth:487 - Internet connection configuration mode: 1
2025-08-13 17:16:03,162 [INFO] WebApp:191 - Connection restablished
2025-08-13 17:16:04,745 [WARN] PackLoader:240 - Cannot read IP mode file for STMicroelectronics.FP-SNS-MOTENVWB1.1.4.0
2025-08-13 17:16:04,751 [WARN] PackLoader:240 - Cannot read IP mode file for STMicroelectronics.FP-ATR-ASTRA1.2.0.2
2025-08-13 17:16:04,759 [WARN] PackLoader:240 - Cannot read IP mode file for STMicroelectronics.X-CUBE-SMBUS.2.1.0
2025-08-13 17:16:04,763 [WARN] PackLoader:240 - Cannot read IP mode file for STMicroelectronics.X-CUBE-ST60.1.0.0
2025-08-13 17:16:04,782 [WARN] PackLoader:240 - Cannot read IP mode file for STMicroelectronics.X-CUBE-AZRTOS-F7.1.1.0
2025-08-13 17:16:04,800 [WARN] PackLoader:240 - Cannot read IP mode file for Infineon.AIROC-Wi-Fi-Bluetooth-STM32.1.7.1
2025-08-13 17:16:04,818 [WARN] PackLoader:240 - Cannot read IP mode file for STMicroelectronics.X-CUBE-AZRTOS-H7.3.4.0
2025-08-13 17:16:04,824 [WARN] PackLoader:240 - Cannot read IP mode file for STMicroelectronics.X-CUBE-DISPLAY.3.0.0
2025-08-13 17:16:04,839 [WARN] PackLoader:240 - Cannot read IP mode file for STMicroelectronics.X-CUBE-NFC10.1.0.0
2025-08-13 17:16:04,843 [WARN] PackLoader:240 - Cannot read IP mode file for emotas.I-CUBE-CANOPEN.1.3.0
2025-08-13 17:16:04,848 [WARN] PackLoader:240 - Cannot read IP mode file for STMicroelectronics.FP-SNS-STBOX1.2.1.0
2025-08-13 17:16:04,852 [WARN] PackLoader:240 - Cannot read IP mode file for STMicroelectronics.FP-SNS-SMARTAG2.1.2.0
2025-08-13 17:16:04,854 [WARN] PackLoader:240 - Cannot read IP mode file for STMicroelectronics.FP-SNS-FLIGHT1.5.1.0
2025-08-13 17:16:04,858 [INFO] LogOutputStream:77 - [STDOUT_REDIRECT] 1 : Invalid condition id : UX_CORESTACK_Condition cause : null
2025-08-13 17:16:04,860 [INFO] LogOutputStream:77 - [STDOUT_REDIRECT] 1 : Invalid condition id : UX_CORESTACK_Condition cause : null
2025-08-13 17:16:04,860 [INFO] LogOutputStream:77 - [STDOUT_REDIRECT] 1 : Invalid condition id : UX_CORESTACK_Condition cause : null
2025-08-13 17:16:04,861 [INFO] LogOutputStream:77 - [STDOUT_REDIRECT] 1 : Invalid condition id : UX_CORESTACK_Condition cause : null
2025-08-13 17:16:04,862 [INFO] LogOutputStream:77 - [STDOUT_REDIRECT] 1 : Invalid condition id : UX_CORESTACK_Condition cause : null
2025-08-13 17:16:04,863 [WARN] PackLoader:240 - Cannot read IP mode file for STMicroelectronics.X-CUBE-AZRTOS-WL.2.0.0
2025-08-13 17:16:04,866 [WARN] PackLoader:240 - Cannot read IP mode file for STMicroelectronics.FP-SNS-MOTENV1.5.0.0
2025-08-13 17:16:04,871 [WARN] PackLoader:240 - Cannot read IP mode file for WES.I-CUBE-Cesium.1.3.0
2025-08-13 17:16:04,875 [WARN] PackLoader:240 - Cannot read IP mode file for STMicroelectronics.X-CUBE-BLE2.3.3.0
2025-08-13 17:16:04,878 [WARN] PackLoader:240 - Cannot read IP mode file for STMicroelectronics.X-CUBE-NFC9.1.0.0
2025-08-13 17:16:04,881 [WARN] PackLoader:240 - Cannot read IP mode file for wolfSSL.I-CUBE-wolfSSL.5.8.0
2025-08-13 17:16:04,885 [WARN] PackLoader:240 - Cannot read IP mode file for STMicroelectronics.X-CUBE-BLE1.7.1.0
2025-08-13 17:16:04,886 [WARN] PackLoader:240 - Cannot read IP mode file for wolfSSL.I-CUBE-wolfMQTT.1.19.2
2025-08-13 17:16:04,890 [WARN] PackLoader:240 - Cannot read IP mode file for STMicroelectronics.X-CUBE-EEPRMA1.5.2.0
2025-08-13 17:16:04,893 [WARN] PackLoader:240 - Cannot read IP mode file for STMicroelectronics.X-CUBE-AI.10.1.0
2025-08-13 17:16:04,900 [WARN] PackLoader:240 - Cannot read IP mode file for STMicroelectronics.X-CUBE-AZRTOS-G0.1.1.0
2025-08-13 17:16:04,904 [WARN] PackLoader:240 - Cannot read IP mode file for STMicroelectronics.X-CUBE-SAFEA1.1.2.2
2025-08-13 17:16:04,907 [WARN] PackLoader:240 - Cannot read IP mode file for STMicroelectronics.X-CUBE-NFC4.3.0.0
2025-08-13 17:16:04,912 [WARN] PackLoader:240 - Cannot read IP mode file for EmbeddedOffice.I-CUBE-FS-RTOS.1.0.1
2025-08-13 17:16:04,916 [WARN] PackLoader:240 - Cannot read IP mode file for STMicroelectronics.X-CUBE-WB05N.2.0.0
2025-08-13 17:16:04,919 [WARN] PackLoader:240 - Cannot read IP mode file for wolfSSL.I-CUBE-wolfTPM.3.8.0
2025-08-13 17:16:04,922 [WARN] PackLoader:240 - Cannot read IP mode file for STMicroelectronics.X-CUBE-TCPP.4.2.0
2025-08-13 17:16:04,925 [WARN] PackLoader:240 - Cannot read IP mode file for RealThread.X-CUBE-RT-Thread_Nano.4.1.1
2025-08-13 17:16:04,927 [WARN] PackLoader:240 - Cannot read IP mode file for STMicroelectronics.FP-ATR-SIGFOX1.3.2.0
2025-08-13 17:16:04,931 [WARN] PackLoader:240 - Cannot read IP mode file for ITTIA_DB.I-CUBE-ITTIADB.8.9.0
2025-08-13 17:16:04,934 [WARN] PackLoader:240 - Cannot read IP mode file for STMicroelectronics.X-CUBE-ST67W61.1.0.0
2025-08-13 17:16:04,936 [WARN] PackLoader:240 - Cannot read IP mode file for STMicroelectronics.X-CUBE-AI.10.2.0
2025-08-13 17:16:04,949 [WARN] PackLoader:240 - Cannot read IP mode file for SEGGER.I-CUBE-embOS.1.3.1
2025-08-13 17:16:04,969 [WARN] PackLoader:240 - Cannot read IP mode file for STMicroelectronics.X-CUBE-ALGOBUILD.1.4.0
2025-08-13 17:16:04,992 [WARN] PackLoader:240 - Cannot read IP mode file for STMicroelectronics.X-CUBE-MEMS1.11.3.0
2025-08-13 17:16:05,151 [WARN] PackLoader:240 - Cannot read IP mode file for STMicroelectronics.X-CUBE-PM33A1.1.0.0
2025-08-13 17:16:05,158 [WARN] PackLoader:240 - Cannot read IP mode file for STMicroelectronics.X-CUBE-AZRTOS-F4.1.1.0
2025-08-13 17:16:05,162 [WARN] PackLoader:240 - Cannot read IP mode file for Avnet-IotConnect.X-CUBE-IoTC-DA16k-PMOD.1.0.0
2025-08-13 17:16:05,165 [WARN] PackLoader:240 - Cannot read IP mode file for STMicroelectronics.X-CUBE-ISPU.2.1.0
2025-08-13 17:16:05,169 [WARN] PackLoader:240 - Cannot read IP mode file for STMicroelectronics.X-CUBE-NFC12.1.0.0
2025-08-13 17:16:05,176 [WARN] PackLoader:240 - Cannot read IP mode file for STMicroelectronics.X-CUBE-AZRTOS-L5.2.0.0
2025-08-13 17:16:05,182 [WARN] PackLoader:240 - Cannot read IP mode file for STMicroelectronics.X-CUBE-NFC6.3.1.0
2025-08-13 17:16:05,186 [WARN] PackLoader:240 - Cannot read IP mode file for STMicroelectronics.X-CUBE-FREERTOS.1.3.1
2025-08-13 17:16:05,189 [WARN] PackLoader:240 - Cannot read IP mode file for STMicroelectronics.FP-SNS-STAIOTCFT.1.0.0
2025-08-13 17:16:05,192 [WARN] PackLoader:240 - Cannot read IP mode file for STMicroelectronics.X-CUBE-DPower.1.3.0
2025-08-13 17:16:05,204 [WARN] ConditionMgr:438 - getConditionDescription Invalid condition id : LAN8742 Phy interface Condition cause : null
2025-08-13 17:16:05,204 [WARN] PackLoader:240 - Cannot read IP mode file for STMicroelectronics.X-CUBE-AZRTOS-L4.2.0.0
2025-08-13 17:16:05,204 [WARN] ConditionMgr:1044 - genDependencies : Invalid condition id : LAN8742 Phy interface Condition cause : null
2025-08-13 17:16:05,205 [WARN] ConditionMgr:1044 - genDependencies : Invalid condition id : LAN8742 Phy interface Condition cause : null
2025-08-13 17:16:05,205 [WARN] ConditionMgr:1044 - genDependencies : Invalid condition id : LAN8742 Phy interface Condition cause : null
2025-08-13 17:16:05,208 [WARN] PackLoader:240 - Cannot read IP mode file for STMicroelectronics.X-CUBE-SFXS2LP1.4.0.0
2025-08-13 17:16:05,213 [WARN] PackLoader:240 - Cannot read IP mode file for STMicroelectronics.X-CUBE-BLEMGR.4.1.0
2025-08-13 17:16:05,220 [WARN] ConditionMgr:438 - getConditionDescription Invalid condition id : UX DEVICE CLASS RTOS Condition cause : null
2025-08-13 17:16:05,220 [WARN] ConditionMgr:438 - getConditionDescription Invalid condition id : UX DEVICE CLASS RTOS Condition cause : null
2025-08-13 17:16:05,220 [WARN] PackLoader:240 - Cannot read IP mode file for STMicroelectronics.X-CUBE-AZRTOS-WB.2.0.0
2025-08-13 17:16:05,221 [WARN] ConditionMgr:1044 - genDependencies : Invalid condition id : UX DEVICE CLASS RTOS Condition cause : null
2025-08-13 17:16:05,221 [WARN] ConditionMgr:1044 - genDependencies : Invalid condition id : UX DEVICE CLASS RTOS Condition cause : null
2025-08-13 17:16:05,221 [WARN] ConditionMgr:1044 - genDependencies : Invalid condition id : UX DEVICE CLASS RTOS Condition cause : null
2025-08-13 17:16:05,221 [WARN] ConditionMgr:1044 - genDependencies : Invalid condition id : UX DEVICE CLASS RTOS Condition cause : null
2025-08-13 17:16:05,221 [WARN] ConditionMgr:1044 - genDependencies : Invalid condition id : UX DEVICE CLASS RTOS Condition cause : null
2025-08-13 17:16:05,224 [WARN] PackLoader:240 - Cannot read IP mode file for STMicroelectronics.X-CUBE-GNSS1.7.0.1
2025-08-13 17:16:05,227 [WARN] PackLoader:240 - Cannot read IP mode file for STMicroelectronics.X-CUBE-TOUCHGFX.4.25.0
2025-08-13 17:16:05,230 [WARN] PackLoader:240 - Cannot read IP mode file for STMicroelectronics.FP-SNS-STBOX1.2.0.0
2025-08-13 17:16:05,233 [WARN] ConditionMgr:438 - getConditionDescription Invalid condition id : Cortex-A Device cause : null
2025-08-13 17:16:05,241 [WARN] ConditionMgr:1044 - genDependencies : Invalid condition id : Cortex-A Device cause : null
2025-08-13 17:16:05,241 [WARN] ConditionMgr:1044 - genDependencies : Invalid condition id : Cortex-A Device cause : null
2025-08-13 17:16:05,241 [WARN] ConditionMgr:1044 - genDependencies : Invalid condition id : Cortex-A Device cause : null
2025-08-13 17:16:05,245 [WARN] PackLoader:240 - Cannot read IP mode file for STMicroelectronics.X-CUBE-SUBG2.5.0.0
2025-08-13 17:16:05,254 [WARN] PackLoader:240 - Cannot read IP mode file for STMicroelectronics.X-CUBE-AZRTOS-H7RS.1.1.0
2025-08-13 17:16:05,257 [WARN] PackLoader:240 - Cannot read IP mode file for Cesanta.I-CUBE-Mongoose.7.13.0
2025-08-13 17:16:05,263 [WARN] PackLoader:240 - Cannot read IP mode file for STMicroelectronics.X-CUBE-AZRTOS-G4.2.0.0
2025-08-13 17:16:05,266 [WARN] PackLoader:240 - Cannot read IP mode file for wolfSSL.I-CUBE-wolfSSH.1.4.20
2025-08-13 17:16:05,269 [WARN] PackLoader:240 - Cannot read IP mode file for STMicroelectronics.X-CUBE-NFC7.2.0.0
2025-08-13 17:16:05,274 [WARN] PackLoader:240 - Cannot read IP mode file for STMicroelectronics.X-CUBE-IPS.3.1.0
2025-08-13 17:16:05,280 [WARN] PackLoader:240 - Cannot read IP mode file for STMicroelectronics.X-CUBE-ALS.1.0.2
2025-08-13 17:16:05,283 [WARN] PackLoader:240 - Cannot read IP mode file for portGmbH.I-Cube-SoM-uGOAL.1.1.0
2025-08-13 17:16:05,287 [WARN] PackLoader:240 - Cannot read IP mode file for STMicroelectronics.X-CUBE-TOF1.3.4.3
2025-08-13 17:16:05,293 [INFO] ThirdParty:978 - Integrity check success = true
2025-08-13 17:16:05,293 [INFO] IntegrityCheckThread:100 - exiting critical section [integrity check]
2025-08-13 17:16:05,293 [INFO] IntegrityCheckThread:103 - End integrity checks thread
2025-08-13 17:33:12,503 [INFO] Activator:176 - 


2025-08-13 17:33:12,505 [INFO] Activator:177 - !SESSION log4j initialized
2025-08-13 17:33:16,010 [INFO] LogOutputStream:77 - [STDOUT_REDIRECT] 
2025-08-13 17:33:16,640 [INFO] ApplicationProperties:184 - Using Application install path: C:\ST\STM32CubeIDE_1.19.0\STM32CubeIDE\plugins\com.st.stm32cube.common.mx_6.15.0.202507011659
2025-08-13 17:33:16,654 [INFO] DbMcusXml:78 - Set database path to: C:\ST\STM32CubeIDE_1.19.0\STM32CubeIDE\plugins\com.st.stm32cube.common.mx_6.15.0.202507011659\\db\/mcu/
2025-08-13 17:33:16,655 [INFO] ApiDb:274 - Set plugin database path to: C:\ST\STM32CubeIDE_1.19.0\STM32CubeIDE\plugins\com.st.stm32cube.common.mx_6.15.0.202507011659\\db\/plugins/boardmanager/
2025-08-13 17:33:16,655 [WARN] ApiDb:259 - Overriding images path with different value:  => C:\ST\STM32CubeIDE_1.19.0\STM32CubeIDE\plugins\com.st.stm32cube.common.mx_6.15.0.202507011659\\db\/plugins/mcufinder/images/
2025-08-13 17:33:16,660 [INFO] ApiDb:250 - Set database path to: C:\Users\User\.stmcufinder\plugins\mcufinder//mcu/
2025-08-13 17:33:16,661 [INFO] DbMcusAds:125 - Set database path to: C:\Users\User\.stmcufinder\plugins\mcufinder//mcu/
2025-08-13 17:33:16,663 [INFO] CrossReferenceDbSqlite:203 - Set database path to: C:\Users\User\.stmcufinder\plugins\mcufinder//mcu/cs/
2025-08-13 17:33:16,745 [INFO] RulesReader:64 - Compatibility file has been processed (317 Rules)
2025-08-13 17:33:16,786 [INFO] DbMcusXml:78 - Set database path to: C:\ST\STM32CubeIDE_1.19.0\STM32CubeIDE\plugins\com.st.stm32cube.common.mx_6.15.0.202507011659\\db\/mcu/
2025-08-13 17:33:16,786 [INFO] ApiDb:274 - Set plugin database path to: C:\ST\STM32CubeIDE_1.19.0\STM32CubeIDE\plugins\com.st.stm32cube.common.mx_6.15.0.202507011659\\db\/plugins/boardmanager/
2025-08-13 17:33:16,786 [INFO] ApiDb:261 - Set plugin images path to: C:\ST\STM32CubeIDE_1.19.0\STM32CubeIDE\plugins\com.st.stm32cube.common.mx_6.15.0.202507011659\\db\/plugins/mcufinder/images/
2025-08-13 17:33:16,786 [WARN] DbFile:41 - Overriding database path with different value: C:\Users\User\.stmcufinder\plugins\mcufinder/ => C:\Users\User\.stmcufinder\plugins\mcufinder
2025-08-13 17:33:16,786 [INFO] ApiDb:250 - Set database path to: C:\Users\User\.stmcufinder\plugins\mcufinder//mcu/
2025-08-13 17:33:16,786 [WARN] DbFile:41 - Overriding database path with different value: C:\Users\User\.stmcufinder\plugins\mcufinder/ => C:\Users\User\.stmcufinder\plugins\mcufinder
2025-08-13 17:33:16,786 [INFO] DbMcusAds:125 - Set database path to: C:\Users\User\.stmcufinder\plugins\mcufinder//mcu/
2025-08-13 17:33:16,786 [WARN] DbFile:41 - Overriding database path with different value: C:\Users\User\.stmcufinder\plugins\mcufinder/ => C:\Users\User\.stmcufinder\plugins\mcufinder
2025-08-13 17:33:16,786 [WARN] DbFile:41 - Overriding database path with different value: C:\Users\User\.stmcufinder\plugins\mcufinder/ => C:\Users\User\.stmcufinder\plugins\mcufinder
2025-08-13 17:33:16,786 [INFO] CrossReferenceDbSqlite:203 - Set database path to: C:\Users\User\.stmcufinder\plugins\mcufinder//mcu/cs/
2025-08-13 17:33:16,831 [INFO] MainPanel:274 - HeapMemory: 283115520
2025-08-13 17:33:16,891 [INFO] DbMcusXml:78 - Set database path to: C:\ST\STM32CubeIDE_1.19.0\STM32CubeIDE\plugins\com.st.stm32cube.common.mx_6.15.0.202507011659\\db\/mcu/
2025-08-13 17:33:16,891 [INFO] ApiDb:274 - Set plugin database path to: C:\ST\STM32CubeIDE_1.19.0\STM32CubeIDE\plugins\com.st.stm32cube.common.mx_6.15.0.202507011659\\db\/plugins/boardmanager/
2025-08-13 17:33:16,892 [INFO] ApiDb:261 - Set plugin images path to: C:\ST\STM32CubeIDE_1.19.0\STM32CubeIDE\plugins\com.st.stm32cube.common.mx_6.15.0.202507011659\\db\/plugins/mcufinder/images/
2025-08-13 17:33:16,892 [WARN] DbFile:41 - Overriding database path with different value: C:\Users\User\.stmcufinder\plugins\mcufinder/ => C:\Users\User\.stmcufinder\plugins\mcufinder
2025-08-13 17:33:16,892 [INFO] ApiDb:250 - Set database path to: C:\Users\User\.stmcufinder\plugins\mcufinder//mcu/
2025-08-13 17:33:16,892 [WARN] DbFile:41 - Overriding database path with different value: C:\Users\User\.stmcufinder\plugins\mcufinder/ => C:\Users\User\.stmcufinder\plugins\mcufinder
2025-08-13 17:33:16,892 [INFO] DbMcusAds:125 - Set database path to: C:\Users\User\.stmcufinder\plugins\mcufinder//mcu/
2025-08-13 17:33:16,893 [WARN] DbFile:41 - Overriding database path with different value: C:\Users\User\.stmcufinder\plugins\mcufinder/ => C:\Users\User\.stmcufinder\plugins\mcufinder
2025-08-13 17:33:16,893 [WARN] DbFile:41 - Overriding database path with different value: C:\Users\User\.stmcufinder\plugins\mcufinder/ => C:\Users\User\.stmcufinder\plugins\mcufinder
2025-08-13 17:33:16,893 [INFO] CrossReferenceDbSqlite:203 - Set database path to: C:\Users\User\.stmcufinder\plugins\mcufinder//mcu/cs/
2025-08-13 17:33:16,909 [INFO] ApplicationProperties:184 - Using Application install path: C:\ST\STM32CubeIDE_1.19.0\STM32CubeIDE\plugins\com.st.stm32cube.common.mx_6.15.0.202507011659
2025-08-13 17:33:16,910 [INFO] PluginManage:196 - Search for loadable plugins [exclusion list=, ]
2025-08-13 17:33:16,910 [INFO] PluginManage:310 - Check plugin analytics
2025-08-13 17:33:17,020 [INFO] AnalyticsPlugin:253 - Accepted Software Licenses: 
2025-08-13 17:33:17,020 [INFO] AnalyticsPlugin:255 - Accepted CMSIS Pack Licenses: 
2025-08-13 17:33:17,020 [INFO] AnalyticsPlugin:257 - Accepted Firmware Licenses: FW.WL.1.3.0
2025-08-13 17:33:17,022 [INFO] PluginManage:359 - Loaded plugin analytics (category:tool,tabindex:-1)
2025-08-13 17:33:17,022 [INFO] PluginManage:310 - Check plugin cadmodel
2025-08-13 17:33:17,024 [INFO] CADModel:105 - Init CAD model plugin
2025-08-13 17:33:17,024 [INFO] PluginManage:359 - Loaded plugin cadmodel (category:power,tabindex:5)
2025-08-13 17:33:17,025 [INFO] PluginManage:310 - Check plugin clock
2025-08-13 17:33:17,030 [INFO] PluginManage:359 - Loaded plugin clock (category:base,tabindex:2)
2025-08-13 17:33:17,030 [INFO] PluginManage:310 - Check plugin ddr
2025-08-13 17:33:17,031 [INFO] PluginManage:359 - Loaded plugin ddr (category:tool,tabindex:6)
2025-08-13 17:33:17,031 [INFO] PluginManage:310 - Check plugin filemanager
2025-08-13 17:33:17,124 [INFO] PluginManage:359 - Loaded plugin filemanager (category:base,tabindex:10)
2025-08-13 17:33:17,125 [INFO] PluginManage:310 - Check plugin ipmanager
2025-08-13 17:33:17,129 [INFO] PluginManage:359 - Loaded plugin ipmanager (category:base,tabindex:5)
2025-08-13 17:33:17,129 [INFO] PluginManage:310 - Check plugin lpbam
2025-08-13 17:33:17,134 [INFO] PluginManage:359 - Loaded plugin lpbam (category:base,tabindex:0)
2025-08-13 17:33:17,134 [INFO] PluginManage:310 - Check plugin memorymap
2025-08-13 17:33:17,141 [INFO] PluginManage:359 - Loaded plugin memorymap (category:base,tabindex:4)
2025-08-13 17:33:17,141 [INFO] PluginManage:310 - Check plugin pinoutandconfiguration
2025-08-13 17:33:17,146 [INFO] PluginManage:359 - Loaded plugin pinoutandconfiguration (category:base,tabindex:1)
2025-08-13 17:33:17,146 [INFO] PluginManage:310 - Check plugin pinoutconfig
2025-08-13 17:33:17,200 [WARN] SupportedApi:132 - Cannot load RTOS API schema: s4s-elt-must-match.1: The content of 'definitions' must match (annotation?, (simpleType | complexType)?, (unique | key | keyref)*)). A problem was found starting at: attribute.
2025-08-13 17:33:17,296 [INFO] PluginManage:359 - Loaded plugin pinoutconfig (category:base,tabindex:0)
2025-08-13 17:33:17,296 [INFO] PluginManage:310 - Check plugin power
2025-08-13 17:33:17,301 [INFO] PluginManage:359 - Loaded plugin power (category:power,tabindex:4)
2025-08-13 17:33:17,301 [INFO] PluginManage:310 - Check plugin projectmanager
2025-08-13 17:33:17,311 [INFO] PluginManage:359 - Loaded plugin projectmanager (category:projectmanager,tabindex:4)
2025-08-13 17:33:17,312 [INFO] PluginManage:310 - Check plugin rif
2025-08-13 17:33:17,318 [INFO] PluginManage:359 - Loaded plugin rif (category:base,tabindex:3)
2025-08-13 17:33:17,319 [INFO] PluginManage:310 - Check plugin thirdparty
2025-08-13 17:33:17,404 [INFO] PluginManage:359 - Loaded plugin thirdparty (category:base,tabindex:-1)
2025-08-13 17:33:17,404 [INFO] PluginManage:310 - Check plugin tools
2025-08-13 17:33:17,404 [WARN] IntegrityCheckThread:84 - waiting for thirdparty lock release [integrity check]
2025-08-13 17:33:17,405 [INFO] IntegrityCheckThread:86 - entering critical section [integrity check]
2025-08-13 17:33:17,405 [INFO] ThirdPartyUpdaterWithRetryManager:70 - Updater plugin not ready yet. [1/15]
2025-08-13 17:33:17,406 [INFO] PluginManage:359 - Loaded plugin tools (category:base,tabindex:7)
2025-08-13 17:33:17,406 [INFO] PluginManage:310 - Check plugin tutovideos
2025-08-13 17:33:17,540 [INFO] PluginManage:359 - Loaded plugin tutovideos (category:base,tabindex:-1)
2025-08-13 17:33:17,540 [INFO] PluginManage:310 - Check plugin updater
2025-08-13 17:33:17,555 [INFO] PluginManage:359 - Loaded plugin updater (category:base,tabindex:12)
2025-08-13 17:33:17,555 [INFO] PluginManage:310 - Check plugin userauth
2025-08-13 17:33:17,558 [INFO] UserAuth:118 - Init User Auth plugin
2025-08-13 17:33:17,558 [INFO] PluginManage:359 - Loaded plugin userauth (category:base,tabindex:14)
2025-08-13 17:33:17,558 [INFO] PluginManage:283 - PluginManage : Loaded plugins [18]
2025-08-13 17:33:17,684 [INFO] PinOutPanel:1589 - setPackage(No Configuration,No Configuration)
2025-08-13 17:33:17,734 [INFO] CADModel:165 - CPN selected for project level
2025-08-13 17:33:17,734 [INFO] CADModel:114 - Register for checkConnection events
2025-08-13 17:33:17,743 [INFO] IPUIPlugin:80 - create IPUIPlugin
2025-08-13 17:33:17,743 [INFO] PluginManager:220 - loadIPPluginJar : add adc
2025-08-13 17:33:17,745 [INFO] IPUIPlugin:80 - create IPUIPlugin
2025-08-13 17:33:17,745 [INFO] PluginManager:220 - loadIPPluginJar : add aes
2025-08-13 17:33:17,746 [INFO] IPUIPlugin:80 - create IPUIPlugin
2025-08-13 17:33:17,746 [INFO] PluginManager:220 - loadIPPluginJar : add can
2025-08-13 17:33:17,748 [INFO] IPUIPlugin:80 - create IPUIPlugin
2025-08-13 17:33:17,748 [INFO] PluginManager:220 - loadIPPluginJar : add comp
2025-08-13 17:33:17,749 [INFO] IPUIPlugin:80 - create IPUIPlugin
2025-08-13 17:33:17,750 [INFO] PluginManager:220 - loadIPPluginJar : add cryp
2025-08-13 17:33:17,751 [INFO] IPUIPlugin:80 - create IPUIPlugin
2025-08-13 17:33:17,751 [INFO] PluginManager:220 - loadIPPluginJar : add ddr_ctrl_phy
2025-08-13 17:33:17,752 [INFO] IPUIPlugin:80 - create IPUIPlugin
2025-08-13 17:33:17,752 [INFO] PluginManager:220 - loadIPPluginJar : add dfsdm
2025-08-13 17:33:17,756 [INFO] IPUIPlugin:80 - create IPUIPlugin
2025-08-13 17:33:17,756 [INFO] PluginManager:220 - loadIPPluginJar : add dma
2025-08-13 17:33:17,757 [INFO] IPUIPlugin:80 - create IPUIPlugin
2025-08-13 17:33:17,757 [INFO] PluginManager:220 - loadIPPluginJar : add dma3
2025-08-13 17:33:17,759 [INFO] IPUIPlugin:80 - create IPUIPlugin
2025-08-13 17:33:17,759 [INFO] PluginManager:220 - loadIPPluginJar : add extmemmanager
2025-08-13 17:33:17,760 [INFO] IPUIPlugin:80 - create IPUIPlugin
2025-08-13 17:33:17,760 [INFO] PluginManager:220 - loadIPPluginJar : add fatfs
2025-08-13 17:33:17,763 [INFO] IPUIPlugin:80 - create IPUIPlugin
2025-08-13 17:33:17,763 [INFO] PluginManager:220 - loadIPPluginJar : add fmc
2025-08-13 17:33:17,766 [INFO] IPUIPlugin:80 - create IPUIPlugin
2025-08-13 17:33:17,766 [INFO] PluginManager:220 - loadIPPluginJar : add freertos
2025-08-13 17:33:17,767 [INFO] IPUIPlugin:80 - create IPUIPlugin
2025-08-13 17:33:17,767 [INFO] PluginManager:220 - loadIPPluginJar : add genericplugin
2025-08-13 17:33:17,768 [INFO] IPUIPlugin:80 - create IPUIPlugin
2025-08-13 17:33:17,768 [INFO] PluginManager:220 - loadIPPluginJar : add gfxmmu
2025-08-13 17:33:17,771 [INFO] IPUIPlugin:80 - create IPUIPlugin
2025-08-13 17:33:17,771 [INFO] PluginManager:220 - loadIPPluginJar : add gic
2025-08-13 17:33:17,774 [INFO] IPUIPlugin:80 - create IPUIPlugin
2025-08-13 17:33:17,775 [INFO] PluginManager:220 - loadIPPluginJar : add gpio
2025-08-13 17:33:17,777 [INFO] IPUIPlugin:80 - create IPUIPlugin
2025-08-13 17:33:17,777 [INFO] PluginManager:220 - loadIPPluginJar : add gtzc
2025-08-13 17:33:17,778 [INFO] IPUIPlugin:80 - create IPUIPlugin
2025-08-13 17:33:17,779 [INFO] PluginManager:220 - loadIPPluginJar : add hash
2025-08-13 17:33:17,780 [INFO] IPUIPlugin:80 - create IPUIPlugin
2025-08-13 17:33:17,780 [INFO] PluginManager:220 - loadIPPluginJar : add i2c
2025-08-13 17:33:17,781 [INFO] IPUIPlugin:80 - create IPUIPlugin
2025-08-13 17:33:17,782 [INFO] PluginManager:220 - loadIPPluginJar : add i2s
2025-08-13 17:33:17,783 [INFO] IPUIPlugin:80 - create IPUIPlugin
2025-08-13 17:33:17,783 [INFO] PluginManager:220 - loadIPPluginJar : add i3c
2025-08-13 17:33:17,786 [INFO] IPUIPlugin:80 - create IPUIPlugin
2025-08-13 17:33:17,786 [INFO] PluginManager:220 - loadIPPluginJar : add ipddr
2025-08-13 17:33:17,791 [INFO] IPUIPlugin:80 - create IPUIPlugin
2025-08-13 17:33:17,791 [INFO] PluginManager:220 - loadIPPluginJar : add linkedlist
2025-08-13 17:33:17,793 [INFO] IPUIPlugin:80 - create IPUIPlugin
2025-08-13 17:33:17,793 [INFO] PluginManager:220 - loadIPPluginJar : add lorawan
2025-08-13 17:33:17,795 [INFO] IPUIPlugin:80 - create IPUIPlugin
2025-08-13 17:33:17,795 [INFO] PluginManager:220 - loadIPPluginJar : add ltdc
2025-08-13 17:33:17,798 [INFO] IPUIPlugin:80 - create IPUIPlugin
2025-08-13 17:33:17,798 [INFO] PluginManager:220 - loadIPPluginJar : add mdma
2025-08-13 17:33:17,801 [INFO] IPUIPlugin:80 - create IPUIPlugin
2025-08-13 17:33:17,801 [INFO] PluginManager:220 - loadIPPluginJar : add nvic
2025-08-13 17:33:17,802 [INFO] IPUIPlugin:80 - create IPUIPlugin
2025-08-13 17:33:17,803 [INFO] PluginManager:220 - loadIPPluginJar : add opamp
2025-08-13 17:33:17,804 [INFO] IPUIPlugin:80 - create IPUIPlugin
2025-08-13 17:33:17,804 [INFO] PluginManager:220 - loadIPPluginJar : add openamp
2025-08-13 17:33:17,806 [INFO] IPUIPlugin:80 - create IPUIPlugin
2025-08-13 17:33:17,806 [INFO] PluginManager:220 - loadIPPluginJar : add pdm2pcm
2025-08-13 17:33:17,809 [INFO] IPUIPlugin:80 - create IPUIPlugin
2025-08-13 17:33:17,811 [INFO] PluginManager:220 - loadIPPluginJar : add plateformsettings
2025-08-13 17:33:17,812 [INFO] IPUIPlugin:80 - create IPUIPlugin
2025-08-13 17:33:17,812 [INFO] PluginManager:220 - loadIPPluginJar : add quadspi
2025-08-13 17:33:17,813 [INFO] IPUIPlugin:80 - create IPUIPlugin
2025-08-13 17:33:17,814 [INFO] PluginManager:220 - loadIPPluginJar : add radio
2025-08-13 17:33:17,815 [INFO] IPUIPlugin:80 - create IPUIPlugin
2025-08-13 17:33:17,816 [INFO] PluginManager:220 - loadIPPluginJar : add resmgrutility
2025-08-13 17:33:17,818 [INFO] IPUIPlugin:80 - create IPUIPlugin
2025-08-13 17:33:17,818 [INFO] PluginManager:220 - loadIPPluginJar : add sai
2025-08-13 17:33:17,819 [INFO] IPUIPlugin:80 - create IPUIPlugin
2025-08-13 17:33:17,819 [INFO] PluginManager:220 - loadIPPluginJar : add spi
2025-08-13 17:33:17,823 [INFO] IPUIPlugin:80 - create IPUIPlugin
2025-08-13 17:33:17,823 [INFO] PluginManager:220 - loadIPPluginJar : add stm32_wpan
2025-08-13 17:33:17,825 [INFO] IPUIPlugin:80 - create IPUIPlugin
2025-08-13 17:33:17,825 [INFO] PluginManager:220 - loadIPPluginJar : add tim
2025-08-13 17:33:17,826 [INFO] IPUIPlugin:80 - create IPUIPlugin
2025-08-13 17:33:17,827 [INFO] PluginManager:220 - loadIPPluginJar : add touchsensing
2025-08-13 17:33:17,829 [INFO] IPUIPlugin:80 - create IPUIPlugin
2025-08-13 17:33:17,829 [INFO] PluginManager:220 - loadIPPluginJar : add tracer_emb
2025-08-13 17:33:17,830 [INFO] IPUIPlugin:80 - create IPUIPlugin
2025-08-13 17:33:17,830 [INFO] PluginManager:220 - loadIPPluginJar : add ts
2025-08-13 17:33:17,831 [INFO] IPUIPlugin:80 - create IPUIPlugin
2025-08-13 17:33:17,831 [INFO] PluginManager:220 - loadIPPluginJar : add tsc
2025-08-13 17:33:17,832 [INFO] IPUIPlugin:80 - create IPUIPlugin
2025-08-13 17:33:17,832 [INFO] PluginManager:220 - loadIPPluginJar : add ucpd
2025-08-13 17:33:17,835 [INFO] IPUIPlugin:80 - create IPUIPlugin
2025-08-13 17:33:17,835 [INFO] PluginManager:220 - loadIPPluginJar : add usart
2025-08-13 17:33:17,838 [INFO] IPUIPlugin:80 - create IPUIPlugin
2025-08-13 17:33:17,838 [INFO] PluginManager:220 - loadIPPluginJar : add usbx
2025-08-13 17:33:17,946 [FATAL] Updater:351 - Updater called before beeing initialized
2025-08-13 17:33:17,973 [INFO] RulesReader:64 - Compatibility file has been processed (317 Rules)
2025-08-13 17:33:17,995 [INFO] RulesReader:64 - Compatibility file has been processed (317 Rules)
2025-08-13 17:33:18,001 [INFO] CADModel:165 - CPN selected for project level
2025-08-13 17:33:18,001 [INFO] CADModel:114 - Register for checkConnection events
2025-08-13 17:33:18,001 [FATAL] Updater:351 - Updater called before beeing initialized
2025-08-13 17:33:18,001 [ERROR] CADModel:125 - Updater not yet initialized, retry later 
2025-08-13 17:33:18,088 [FATAL] Updater:351 - Updater called before beeing initialized
2025-08-13 17:33:18,089 [INFO] CADModel:165 - CPN selected for project level
2025-08-13 17:33:18,089 [INFO] CADModel:114 - Register for checkConnection events
2025-08-13 17:33:18,089 [FATAL] Updater:351 - Updater called before beeing initialized
2025-08-13 17:33:18,089 [ERROR] CADModel:125 - Updater not yet initialized, retry later 
2025-08-13 17:33:18,091 [FATAL] Updater:351 - Updater called before beeing initialized
2025-08-13 17:33:18,155 [FATAL] Updater:351 - Updater called before beeing initialized
2025-08-13 17:33:18,158 [INFO] DbMcusAds:53 - JSON generation date=Tue Jul 08 13:44:23 IST 2025 (1751962463562)
2025-08-13 17:33:18,158 [FATAL] Updater:351 - Updater called before beeing initialized
2025-08-13 17:33:18,177 [WARN] DetailPanel:346 - Failed to get advertising image, set to default
2025-08-13 17:33:18,232 [FATAL] Updater:351 - Updater called before beeing initialized
2025-08-13 17:33:18,233 [FATAL] Updater:351 - Updater called before beeing initialized
2025-08-13 17:33:18,233 [FATAL] Updater:351 - Updater called before beeing initialized
2025-08-13 17:33:18,233 [WARN] DetailPanel:346 - Failed to get advertising image, set to default
2025-08-13 17:33:18,234 [FATAL] Updater:351 - Updater called before beeing initialized
2025-08-13 17:33:18,265 [ERROR] Updater:1198 - MainUpdater not yet initialized. External WinMGr cannot be set.
2025-08-13 17:33:18,266 [INFO] Updater:1134 - Updater Version found : 6.15.0
2025-08-13 17:33:18,279 [INFO] ApplicationProperties:184 - Using Application install path: C:\ST\STM32CubeIDE_1.19.0\STM32CubeIDE\plugins\com.st.stm32cube.common.mx_6.15.0.202507011659
2025-08-13 17:33:19,862 [ERROR] LogOutputStream:75 - [STDERR_REDIRECT] Aug 13, 2025 5:33:19 PM java.util.prefs.WindowsPreferences <init>
2025-08-13 17:33:19,865 [ERROR] LogOutputStream:75 - [STDERR_REDIRECT] WARNING: Could not open/create prefs root node Software\JavaSoft\Prefs at root 0xffffffff80000002. Windows RegCreateKeyEx(...) returned error code 5.
2025-08-13 17:33:19,865 [ERROR] LogOutputStream:75 - [STDERR_REDIRECT] 
2025-08-13 17:33:20,110 [INFO] MainUpdater:2872 - connection check result : 10
2025-08-13 17:33:20,111 [INFO] MainUpdater:289 - Updater Check For Update Now.
2025-08-13 17:33:20,111 [INFO] MicroXplorer:498 - Change Database Version : DB.6.0.150
2025-08-13 17:33:20,122 [INFO] McuFinderGlobals:63 - Set McuFinder mode to 2 (CubeIDE integrated)
2025-08-13 17:33:20,122 [INFO] UserAuth:487 - Internet connection configuration mode: 1
2025-08-13 17:33:20,155 [INFO] JxBrowserEngine:152 - Initiate JxBrowser Engine with user profile folder
2025-08-13 17:33:20,276 [INFO] CheckServerUpdateThread:120 - End of CheckServer Thread
2025-08-13 17:33:20,567 [WARN] PackLoader:240 - Cannot read IP mode file for STMicroelectronics.FP-SNS-MOTENVWB1.1.4.0
2025-08-13 17:33:20,572 [WARN] PackLoader:240 - Cannot read IP mode file for STMicroelectronics.FP-ATR-ASTRA1.2.0.2
2025-08-13 17:33:20,580 [WARN] PackLoader:240 - Cannot read IP mode file for STMicroelectronics.X-CUBE-SMBUS.2.1.0
2025-08-13 17:33:20,583 [WARN] PackLoader:240 - Cannot read IP mode file for STMicroelectronics.X-CUBE-ST60.1.0.0
2025-08-13 17:33:20,599 [WARN] PackLoader:240 - Cannot read IP mode file for STMicroelectronics.X-CUBE-AZRTOS-F7.1.1.0
2025-08-13 17:33:20,614 [WARN] PackLoader:240 - Cannot read IP mode file for Infineon.AIROC-Wi-Fi-Bluetooth-STM32.1.7.1
2025-08-13 17:33:20,631 [WARN] PackLoader:240 - Cannot read IP mode file for STMicroelectronics.X-CUBE-AZRTOS-H7.3.4.0
2025-08-13 17:33:20,637 [WARN] PackLoader:240 - Cannot read IP mode file for STMicroelectronics.X-CUBE-DISPLAY.3.0.0
2025-08-13 17:33:20,645 [WARN] PackLoader:240 - Cannot read IP mode file for STMicroelectronics.X-CUBE-NFC10.1.0.0
2025-08-13 17:33:20,649 [WARN] PackLoader:240 - Cannot read IP mode file for emotas.I-CUBE-CANOPEN.1.3.0
2025-08-13 17:33:20,653 [WARN] PackLoader:240 - Cannot read IP mode file for STMicroelectronics.FP-SNS-STBOX1.2.1.0
2025-08-13 17:33:20,660 [INFO] WebApp:169 - Instantiating new browser for Auth
2025-08-13 17:33:20,663 [WARN] PackLoader:240 - Cannot read IP mode file for STMicroelectronics.FP-SNS-SMARTAG2.1.2.0
2025-08-13 17:33:20,666 [WARN] PackLoader:240 - Cannot read IP mode file for STMicroelectronics.FP-SNS-FLIGHT1.5.1.0
2025-08-13 17:33:20,673 [INFO] LogOutputStream:77 - [STDOUT_REDIRECT] 1 : Invalid condition id : UX_CORESTACK_Condition cause : null
2025-08-13 17:33:20,674 [INFO] LogOutputStream:77 - [STDOUT_REDIRECT] 1 : Invalid condition id : UX_CORESTACK_Condition cause : null
2025-08-13 17:33:20,674 [INFO] LogOutputStream:77 - [STDOUT_REDIRECT] 1 : Invalid condition id : UX_CORESTACK_Condition cause : null
2025-08-13 17:33:20,675 [INFO] LogOutputStream:77 - [STDOUT_REDIRECT] 1 : Invalid condition id : UX_CORESTACK_Condition cause : null
2025-08-13 17:33:20,676 [INFO] LogOutputStream:77 - [STDOUT_REDIRECT] 1 : Invalid condition id : UX_CORESTACK_Condition cause : null
2025-08-13 17:33:20,679 [WARN] PackLoader:240 - Cannot read IP mode file for STMicroelectronics.X-CUBE-AZRTOS-WL.2.0.0
2025-08-13 17:33:20,684 [WARN] PackLoader:240 - Cannot read IP mode file for STMicroelectronics.FP-SNS-MOTENV1.5.0.0
2025-08-13 17:33:20,690 [WARN] PackLoader:240 - Cannot read IP mode file for WES.I-CUBE-Cesium.1.3.0
2025-08-13 17:33:20,696 [WARN] PackLoader:240 - Cannot read IP mode file for STMicroelectronics.X-CUBE-BLE2.3.3.0
2025-08-13 17:33:20,703 [WARN] PackLoader:240 - Cannot read IP mode file for STMicroelectronics.X-CUBE-NFC9.1.0.0
2025-08-13 17:33:20,728 [WARN] PackLoader:240 - Cannot read IP mode file for wolfSSL.I-CUBE-wolfSSL.5.8.0
2025-08-13 17:33:20,732 [WARN] PackLoader:240 - Cannot read IP mode file for STMicroelectronics.X-CUBE-BLE1.7.1.0
2025-08-13 17:33:20,735 [WARN] PackLoader:240 - Cannot read IP mode file for wolfSSL.I-CUBE-wolfMQTT.1.19.2
2025-08-13 17:33:20,740 [WARN] PackLoader:240 - Cannot read IP mode file for STMicroelectronics.X-CUBE-EEPRMA1.5.2.0
2025-08-13 17:33:20,745 [WARN] PackLoader:240 - Cannot read IP mode file for STMicroelectronics.X-CUBE-AI.10.1.0
2025-08-13 17:33:20,762 [WARN] PackLoader:240 - Cannot read IP mode file for STMicroelectronics.X-CUBE-AZRTOS-G0.1.1.0
2025-08-13 17:33:20,769 [WARN] PackLoader:240 - Cannot read IP mode file for STMicroelectronics.X-CUBE-SAFEA1.1.2.2
2025-08-13 17:33:20,774 [WARN] PackLoader:240 - Cannot read IP mode file for STMicroelectronics.X-CUBE-NFC4.3.0.0
2025-08-13 17:33:20,781 [WARN] PackLoader:240 - Cannot read IP mode file for EmbeddedOffice.I-CUBE-FS-RTOS.1.0.1
2025-08-13 17:33:20,785 [WARN] PackLoader:240 - Cannot read IP mode file for STMicroelectronics.X-CUBE-WB05N.2.0.0
2025-08-13 17:33:20,788 [WARN] PackLoader:240 - Cannot read IP mode file for wolfSSL.I-CUBE-wolfTPM.3.8.0
2025-08-13 17:33:20,792 [WARN] PackLoader:240 - Cannot read IP mode file for STMicroelectronics.X-CUBE-TCPP.4.2.0
2025-08-13 17:33:20,797 [WARN] PackLoader:240 - Cannot read IP mode file for RealThread.X-CUBE-RT-Thread_Nano.4.1.1
2025-08-13 17:33:20,800 [WARN] PackLoader:240 - Cannot read IP mode file for STMicroelectronics.FP-ATR-SIGFOX1.3.2.0
2025-08-13 17:33:20,804 [WARN] PackLoader:240 - Cannot read IP mode file for ITTIA_DB.I-CUBE-ITTIADB.8.9.0
2025-08-13 17:33:20,809 [WARN] PackLoader:240 - Cannot read IP mode file for STMicroelectronics.X-CUBE-ST67W61.1.0.0
2025-08-13 17:33:20,812 [WARN] PackLoader:240 - Cannot read IP mode file for STMicroelectronics.X-CUBE-AI.10.2.0
2025-08-13 17:33:20,831 [WARN] PackLoader:240 - Cannot read IP mode file for SEGGER.I-CUBE-embOS.1.3.1
2025-08-13 17:33:20,854 [WARN] PackLoader:240 - Cannot read IP mode file for STMicroelectronics.X-CUBE-ALGOBUILD.1.4.0
2025-08-13 17:33:20,877 [WARN] PackLoader:240 - Cannot read IP mode file for STMicroelectronics.X-CUBE-MEMS1.11.3.0
2025-08-13 17:33:20,944 [WARN] PackLoader:240 - Cannot read IP mode file for STMicroelectronics.X-CUBE-PM33A1.1.0.0
2025-08-13 17:33:20,951 [WARN] PackLoader:240 - Cannot read IP mode file for STMicroelectronics.X-CUBE-AZRTOS-F4.1.1.0
2025-08-13 17:33:20,954 [WARN] PackLoader:240 - Cannot read IP mode file for Avnet-IotConnect.X-CUBE-IoTC-DA16k-PMOD.1.0.0
2025-08-13 17:33:20,957 [WARN] PackLoader:240 - Cannot read IP mode file for STMicroelectronics.X-CUBE-ISPU.2.1.0
2025-08-13 17:33:20,960 [WARN] PackLoader:240 - Cannot read IP mode file for STMicroelectronics.X-CUBE-NFC12.1.0.0
2025-08-13 17:33:20,968 [WARN] PackLoader:240 - Cannot read IP mode file for STMicroelectronics.X-CUBE-AZRTOS-L5.2.0.0
2025-08-13 17:33:20,973 [WARN] PackLoader:240 - Cannot read IP mode file for STMicroelectronics.X-CUBE-NFC6.3.1.0
2025-08-13 17:33:20,977 [WARN] PackLoader:240 - Cannot read IP mode file for STMicroelectronics.X-CUBE-FREERTOS.1.3.1
2025-08-13 17:33:20,980 [WARN] PackLoader:240 - Cannot read IP mode file for STMicroelectronics.FP-SNS-STAIOTCFT.1.0.0
2025-08-13 17:33:20,984 [WARN] PackLoader:240 - Cannot read IP mode file for STMicroelectronics.X-CUBE-DPower.1.3.0
2025-08-13 17:33:20,990 [WARN] ConditionMgr:438 - getConditionDescription Invalid condition id : LAN8742 Phy interface Condition cause : null
2025-08-13 17:33:20,991 [WARN] PackLoader:240 - Cannot read IP mode file for STMicroelectronics.X-CUBE-AZRTOS-L4.2.0.0
2025-08-13 17:33:20,991 [WARN] ConditionMgr:1044 - genDependencies : Invalid condition id : LAN8742 Phy interface Condition cause : null
2025-08-13 17:33:20,991 [WARN] ConditionMgr:1044 - genDependencies : Invalid condition id : LAN8742 Phy interface Condition cause : null
2025-08-13 17:33:20,992 [WARN] ConditionMgr:1044 - genDependencies : Invalid condition id : LAN8742 Phy interface Condition cause : null
2025-08-13 17:33:20,995 [WARN] PackLoader:240 - Cannot read IP mode file for STMicroelectronics.X-CUBE-SFXS2LP1.4.0.0
2025-08-13 17:33:21,000 [WARN] PackLoader:240 - Cannot read IP mode file for STMicroelectronics.X-CUBE-BLEMGR.4.1.0
2025-08-13 17:33:21,007 [WARN] ConditionMgr:438 - getConditionDescription Invalid condition id : UX DEVICE CLASS RTOS Condition cause : null
2025-08-13 17:33:21,007 [WARN] ConditionMgr:438 - getConditionDescription Invalid condition id : UX DEVICE CLASS RTOS Condition cause : null
2025-08-13 17:33:21,008 [WARN] PackLoader:240 - Cannot read IP mode file for STMicroelectronics.X-CUBE-AZRTOS-WB.2.0.0
2025-08-13 17:33:21,008 [WARN] ConditionMgr:1044 - genDependencies : Invalid condition id : UX DEVICE CLASS RTOS Condition cause : null
2025-08-13 17:33:21,008 [WARN] ConditionMgr:1044 - genDependencies : Invalid condition id : UX DEVICE CLASS RTOS Condition cause : null
2025-08-13 17:33:21,008 [WARN] ConditionMgr:1044 - genDependencies : Invalid condition id : UX DEVICE CLASS RTOS Condition cause : null
2025-08-13 17:33:21,008 [WARN] ConditionMgr:1044 - genDependencies : Invalid condition id : UX DEVICE CLASS RTOS Condition cause : null
2025-08-13 17:33:21,008 [WARN] ConditionMgr:1044 - genDependencies : Invalid condition id : UX DEVICE CLASS RTOS Condition cause : null
2025-08-13 17:33:21,011 [WARN] PackLoader:240 - Cannot read IP mode file for STMicroelectronics.X-CUBE-GNSS1.7.0.1
2025-08-13 17:33:21,015 [WARN] PackLoader:240 - Cannot read IP mode file for STMicroelectronics.X-CUBE-TOUCHGFX.4.25.0
2025-08-13 17:33:21,018 [WARN] PackLoader:240 - Cannot read IP mode file for STMicroelectronics.FP-SNS-STBOX1.2.0.0
2025-08-13 17:33:21,024 [WARN] ConditionMgr:438 - getConditionDescription Invalid condition id : Cortex-A Device cause : null
2025-08-13 17:33:21,039 [WARN] ConditionMgr:1044 - genDependencies : Invalid condition id : Cortex-A Device cause : null
2025-08-13 17:33:21,039 [WARN] ConditionMgr:1044 - genDependencies : Invalid condition id : Cortex-A Device cause : null
2025-08-13 17:33:21,039 [WARN] ConditionMgr:1044 - genDependencies : Invalid condition id : Cortex-A Device cause : null
2025-08-13 17:33:21,045 [WARN] PackLoader:240 - Cannot read IP mode file for STMicroelectronics.X-CUBE-SUBG2.5.0.0
2025-08-13 17:33:21,065 [WARN] PackLoader:240 - Cannot read IP mode file for STMicroelectronics.X-CUBE-AZRTOS-H7RS.1.1.0
2025-08-13 17:33:21,071 [WARN] PackLoader:240 - Cannot read IP mode file for Cesanta.I-CUBE-Mongoose.7.13.0
2025-08-13 17:33:21,083 [WARN] PackLoader:240 - Cannot read IP mode file for STMicroelectronics.X-CUBE-AZRTOS-G4.2.0.0
2025-08-13 17:33:21,105 [WARN] PackLoader:240 - Cannot read IP mode file for wolfSSL.I-CUBE-wolfSSH.1.4.20
2025-08-13 17:33:21,109 [WARN] PackLoader:240 - Cannot read IP mode file for STMicroelectronics.X-CUBE-NFC7.2.0.0
2025-08-13 17:33:21,120 [WARN] PackLoader:240 - Cannot read IP mode file for STMicroelectronics.X-CUBE-IPS.3.1.0
2025-08-13 17:33:21,128 [WARN] PackLoader:240 - Cannot read IP mode file for STMicroelectronics.X-CUBE-ALS.1.0.2
2025-08-13 17:33:21,133 [WARN] PackLoader:240 - Cannot read IP mode file for portGmbH.I-Cube-SoM-uGOAL.1.1.0
2025-08-13 17:33:21,144 [WARN] PackLoader:240 - Cannot read IP mode file for STMicroelectronics.X-CUBE-TOF1.3.4.3
2025-08-13 17:33:21,149 [INFO] ThirdParty:978 - Integrity check success = true
2025-08-13 17:33:21,149 [INFO] IntegrityCheckThread:100 - exiting critical section [integrity check]
2025-08-13 17:33:21,149 [INFO] IntegrityCheckThread:103 - End integrity checks thread
2025-08-13 17:33:21,342 [INFO] WebApp:463 - Apply proxy settings
2025-08-13 17:33:21,342 [INFO] WebApp:548 - Chromium requires no authentication
2025-08-13 17:33:21,348 [INFO] WebApp:491 - Direct internet connection detected
2025-08-13 17:33:21,364 [INFO] WebApp:900 - Register for checkConnection events
2025-08-13 17:33:21,365 [INFO] WebApp:463 - Apply proxy settings
2025-08-13 17:33:21,365 [INFO] WebApp:548 - Chromium requires no authentication
2025-08-13 17:33:21,365 [INFO] WebApp:491 - Direct internet connection detected
2025-08-13 17:33:21,459 [INFO] WebApp:225 - Starting web application
2025-08-13 17:33:21,459 [INFO] WebApp:593 - Web application path used C:\ST\STM32CubeIDE_1.19.0\STM32CubeIDE\plugins\com.st.stm32cube.common.mx_6.15.0.202507011659\db\plugins\mcufinder\reactClient1\index.html
2025-08-13 17:33:21,517 [INFO] UserAuth:487 - Internet connection configuration mode: 1
2025-08-13 17:33:22,067 [INFO] WebApp:191 - Connection restablished
2025-08-13 17:33:56,829 [ERROR] LogOutputStream:75 - [STDERR_REDIRECT] 
