2025-07-23 14:53:51,579 [INFO] Activator:176 - 


2025-07-23 14:53:51,582 [INFO] Activator:177 - !SESSION log4j initialized
2025-07-23 14:53:56,038 [INFO] LogOutputStream:77 - [STDOUT_REDIRECT] 
2025-07-23 14:53:56,945 [INFO] ApplicationProperties:184 - Using Application install path: C:\ST\STM32CubeIDE_1.19.0\STM32CubeIDE\plugins\com.st.stm32cube.common.mx_6.15.0.202507011659
2025-07-23 14:53:56,968 [INFO] DbMcusXml:78 - Set database path to: C:\ST\STM32CubeIDE_1.19.0\STM32CubeIDE\plugins\com.st.stm32cube.common.mx_6.15.0.202507011659\\db\/mcu/
2025-07-23 14:53:56,968 [INFO] ApiDb:274 - Set plugin database path to: C:\ST\STM32CubeIDE_1.19.0\STM32CubeIDE\plugins\com.st.stm32cube.common.mx_6.15.0.202507011659\\db\/plugins/boardmanager/
2025-07-23 14:53:56,969 [WARN] ApiDb:259 - Overriding images path with different value:  => C:\ST\STM32CubeIDE_1.19.0\STM32CubeIDE\plugins\com.st.stm32cube.common.mx_6.15.0.202507011659\\db\/plugins/mcufinder/images/
2025-07-23 14:53:56,976 [INFO] ApiDb:250 - Set database path to: C:\Users\User\.stmcufinder\plugins\mcufinder//mcu/
2025-07-23 14:53:56,977 [INFO] DbMcusAds:125 - Set database path to: C:\Users\User\.stmcufinder\plugins\mcufinder//mcu/
2025-07-23 14:53:56,980 [INFO] CrossReferenceDbSqlite:203 - Set database path to: C:\Users\User\.stmcufinder\plugins\mcufinder//mcu/cs/
2025-07-23 14:53:57,103 [INFO] RulesReader:64 - Compatibility file has been processed (317 Rules)
2025-07-23 14:53:57,182 [INFO] DbMcusXml:78 - Set database path to: C:\ST\STM32CubeIDE_1.19.0\STM32CubeIDE\plugins\com.st.stm32cube.common.mx_6.15.0.202507011659\\db\/mcu/
2025-07-23 14:53:57,182 [INFO] ApiDb:274 - Set plugin database path to: C:\ST\STM32CubeIDE_1.19.0\STM32CubeIDE\plugins\com.st.stm32cube.common.mx_6.15.0.202507011659\\db\/plugins/boardmanager/
2025-07-23 14:53:57,182 [INFO] ApiDb:261 - Set plugin images path to: C:\ST\STM32CubeIDE_1.19.0\STM32CubeIDE\plugins\com.st.stm32cube.common.mx_6.15.0.202507011659\\db\/plugins/mcufinder/images/
2025-07-23 14:53:57,182 [WARN] DbFile:41 - Overriding database path with different value: C:\Users\User\.stmcufinder\plugins\mcufinder/ => C:\Users\User\.stmcufinder\plugins\mcufinder
2025-07-23 14:53:57,182 [INFO] ApiDb:250 - Set database path to: C:\Users\User\.stmcufinder\plugins\mcufinder//mcu/
2025-07-23 14:53:57,182 [WARN] DbFile:41 - Overriding database path with different value: C:\Users\User\.stmcufinder\plugins\mcufinder/ => C:\Users\User\.stmcufinder\plugins\mcufinder
2025-07-23 14:53:57,182 [INFO] DbMcusAds:125 - Set database path to: C:\Users\User\.stmcufinder\plugins\mcufinder//mcu/
2025-07-23 14:53:57,182 [WARN] DbFile:41 - Overriding database path with different value: C:\Users\User\.stmcufinder\plugins\mcufinder/ => C:\Users\User\.stmcufinder\plugins\mcufinder
2025-07-23 14:53:57,182 [WARN] DbFile:41 - Overriding database path with different value: C:\Users\User\.stmcufinder\plugins\mcufinder/ => C:\Users\User\.stmcufinder\plugins\mcufinder
2025-07-23 14:53:57,182 [INFO] CrossReferenceDbSqlite:203 - Set database path to: C:\Users\User\.stmcufinder\plugins\mcufinder//mcu/cs/
2025-07-23 14:53:57,277 [INFO] MainPanel:274 - HeapMemory: 301989888
2025-07-23 14:53:57,393 [INFO] DbMcusXml:78 - Set database path to: C:\ST\STM32CubeIDE_1.19.0\STM32CubeIDE\plugins\com.st.stm32cube.common.mx_6.15.0.202507011659\\db\/mcu/
2025-07-23 14:53:57,393 [INFO] ApiDb:274 - Set plugin database path to: C:\ST\STM32CubeIDE_1.19.0\STM32CubeIDE\plugins\com.st.stm32cube.common.mx_6.15.0.202507011659\\db\/plugins/boardmanager/
2025-07-23 14:53:57,394 [INFO] ApiDb:261 - Set plugin images path to: C:\ST\STM32CubeIDE_1.19.0\STM32CubeIDE\plugins\com.st.stm32cube.common.mx_6.15.0.202507011659\\db\/plugins/mcufinder/images/
2025-07-23 14:53:57,394 [WARN] DbFile:41 - Overriding database path with different value: C:\Users\User\.stmcufinder\plugins\mcufinder/ => C:\Users\User\.stmcufinder\plugins\mcufinder
2025-07-23 14:53:57,394 [INFO] ApiDb:250 - Set database path to: C:\Users\User\.stmcufinder\plugins\mcufinder//mcu/
2025-07-23 14:53:57,394 [WARN] DbFile:41 - Overriding database path with different value: C:\Users\User\.stmcufinder\plugins\mcufinder/ => C:\Users\User\.stmcufinder\plugins\mcufinder
2025-07-23 14:53:57,394 [INFO] DbMcusAds:125 - Set database path to: C:\Users\User\.stmcufinder\plugins\mcufinder//mcu/
2025-07-23 14:53:57,394 [WARN] DbFile:41 - Overriding database path with different value: C:\Users\User\.stmcufinder\plugins\mcufinder/ => C:\Users\User\.stmcufinder\plugins\mcufinder
2025-07-23 14:53:57,394 [WARN] DbFile:41 - Overriding database path with different value: C:\Users\User\.stmcufinder\plugins\mcufinder/ => C:\Users\User\.stmcufinder\plugins\mcufinder
2025-07-23 14:53:57,395 [INFO] CrossReferenceDbSqlite:203 - Set database path to: C:\Users\User\.stmcufinder\plugins\mcufinder//mcu/cs/
2025-07-23 14:53:57,412 [INFO] ApplicationProperties:184 - Using Application install path: C:\ST\STM32CubeIDE_1.19.0\STM32CubeIDE\plugins\com.st.stm32cube.common.mx_6.15.0.202507011659
2025-07-23 14:53:57,414 [INFO] PluginManage:196 - Search for loadable plugins [exclusion list=, ]
2025-07-23 14:53:57,415 [INFO] PluginManage:310 - Check plugin analytics
2025-07-23 14:53:57,658 [INFO] AnalyticsPlugin:253 - Accepted Software Licenses: 
2025-07-23 14:53:57,659 [INFO] AnalyticsPlugin:255 - Accepted CMSIS Pack Licenses: 
2025-07-23 14:53:57,659 [INFO] AnalyticsPlugin:257 - Accepted Firmware Licenses: FW.WL.1.3.0
2025-07-23 14:53:57,661 [INFO] PluginManage:359 - Loaded plugin analytics (category:tool,tabindex:-1)
2025-07-23 14:53:57,662 [INFO] PluginManage:310 - Check plugin cadmodel
2025-07-23 14:53:57,665 [INFO] CADModel:105 - Init CAD model plugin
2025-07-23 14:53:57,665 [INFO] PluginManage:359 - Loaded plugin cadmodel (category:power,tabindex:5)
2025-07-23 14:53:57,666 [INFO] PluginManage:310 - Check plugin clock
2025-07-23 14:53:57,676 [INFO] PluginManage:359 - Loaded plugin clock (category:base,tabindex:2)
2025-07-23 14:53:57,677 [INFO] PluginManage:310 - Check plugin ddr
2025-07-23 14:53:57,678 [INFO] PluginManage:359 - Loaded plugin ddr (category:tool,tabindex:6)
2025-07-23 14:53:57,678 [INFO] PluginManage:310 - Check plugin filemanager
2025-07-23 14:53:57,802 [INFO] PluginManage:359 - Loaded plugin filemanager (category:base,tabindex:10)
2025-07-23 14:53:57,802 [INFO] PluginManage:310 - Check plugin ipmanager
2025-07-23 14:53:57,808 [INFO] PluginManage:359 - Loaded plugin ipmanager (category:base,tabindex:5)
2025-07-23 14:53:57,808 [INFO] PluginManage:310 - Check plugin lpbam
2025-07-23 14:53:57,816 [INFO] PluginManage:359 - Loaded plugin lpbam (category:base,tabindex:0)
2025-07-23 14:53:57,816 [INFO] PluginManage:310 - Check plugin memorymap
2025-07-23 14:53:57,829 [INFO] PluginManage:359 - Loaded plugin memorymap (category:base,tabindex:4)
2025-07-23 14:53:57,829 [INFO] PluginManage:310 - Check plugin pinoutandconfiguration
2025-07-23 14:53:57,839 [INFO] PluginManage:359 - Loaded plugin pinoutandconfiguration (category:base,tabindex:1)
2025-07-23 14:53:57,839 [INFO] PluginManage:310 - Check plugin pinoutconfig
2025-07-23 14:53:57,934 [WARN] SupportedApi:132 - Cannot load RTOS API schema: s4s-elt-must-match.1: The content of 'definitions' must match (annotation?, (simpleType | complexType)?, (unique | key | keyref)*)). A problem was found starting at: attribute.
2025-07-23 14:53:58,077 [INFO] PluginManage:359 - Loaded plugin pinoutconfig (category:base,tabindex:0)
2025-07-23 14:53:58,077 [INFO] PluginManage:310 - Check plugin power
2025-07-23 14:53:58,083 [INFO] PluginManage:359 - Loaded plugin power (category:power,tabindex:4)
2025-07-23 14:53:58,083 [INFO] PluginManage:310 - Check plugin projectmanager
2025-07-23 14:53:58,094 [INFO] PluginManage:359 - Loaded plugin projectmanager (category:projectmanager,tabindex:4)
2025-07-23 14:53:58,094 [INFO] PluginManage:310 - Check plugin rif
2025-07-23 14:53:58,100 [INFO] PluginManage:359 - Loaded plugin rif (category:base,tabindex:3)
2025-07-23 14:53:58,100 [INFO] PluginManage:310 - Check plugin thirdparty
2025-07-23 14:53:58,210 [WARN] IntegrityCheckThread:84 - waiting for thirdparty lock release [integrity check]
2025-07-23 14:53:58,210 [INFO] IntegrityCheckThread:86 - entering critical section [integrity check]
2025-07-23 14:53:58,210 [INFO] PluginManage:359 - Loaded plugin thirdparty (category:base,tabindex:-1)
2025-07-23 14:53:58,210 [INFO] PluginManage:310 - Check plugin tools
2025-07-23 14:53:58,210 [INFO] ThirdPartyUpdaterWithRetryManager:70 - Updater plugin not ready yet. [1/15]
2025-07-23 14:53:58,212 [INFO] PluginManage:359 - Loaded plugin tools (category:base,tabindex:7)
2025-07-23 14:53:58,212 [INFO] PluginManage:310 - Check plugin tutovideos
2025-07-23 14:53:58,413 [INFO] PluginManage:359 - Loaded plugin tutovideos (category:base,tabindex:-1)
2025-07-23 14:53:58,414 [INFO] PluginManage:310 - Check plugin updater
2025-07-23 14:53:58,432 [INFO] PluginManage:359 - Loaded plugin updater (category:base,tabindex:12)
2025-07-23 14:53:58,432 [INFO] PluginManage:310 - Check plugin userauth
2025-07-23 14:53:58,437 [INFO] UserAuth:118 - Init User Auth plugin
2025-07-23 14:53:58,438 [INFO] PluginManage:359 - Loaded plugin userauth (category:base,tabindex:14)
2025-07-23 14:53:58,439 [INFO] PluginManage:283 - PluginManage : Loaded plugins [18]
2025-07-23 14:53:58,660 [INFO] PinOutPanel:1589 - setPackage(No Configuration,No Configuration)
2025-07-23 14:53:58,746 [INFO] CADModel:165 - CPN selected for project level
2025-07-23 14:53:58,746 [INFO] CADModel:114 - Register for checkConnection events
2025-07-23 14:53:58,760 [INFO] IPUIPlugin:80 - create IPUIPlugin
2025-07-23 14:53:58,760 [INFO] PluginManager:220 - loadIPPluginJar : add adc
2025-07-23 14:53:58,762 [INFO] IPUIPlugin:80 - create IPUIPlugin
2025-07-23 14:53:58,762 [INFO] PluginManager:220 - loadIPPluginJar : add aes
2025-07-23 14:53:58,765 [INFO] IPUIPlugin:80 - create IPUIPlugin
2025-07-23 14:53:58,766 [INFO] PluginManager:220 - loadIPPluginJar : add can
2025-07-23 14:53:58,767 [INFO] IPUIPlugin:80 - create IPUIPlugin
2025-07-23 14:53:58,767 [INFO] PluginManager:220 - loadIPPluginJar : add comp
2025-07-23 14:53:58,768 [INFO] IPUIPlugin:80 - create IPUIPlugin
2025-07-23 14:53:58,769 [INFO] PluginManager:220 - loadIPPluginJar : add cryp
2025-07-23 14:53:58,771 [INFO] IPUIPlugin:80 - create IPUIPlugin
2025-07-23 14:53:58,771 [INFO] PluginManager:220 - loadIPPluginJar : add ddr_ctrl_phy
2025-07-23 14:53:58,773 [INFO] IPUIPlugin:80 - create IPUIPlugin
2025-07-23 14:53:58,774 [INFO] PluginManager:220 - loadIPPluginJar : add dfsdm
2025-07-23 14:53:58,779 [INFO] IPUIPlugin:80 - create IPUIPlugin
2025-07-23 14:53:58,780 [INFO] PluginManager:220 - loadIPPluginJar : add dma
2025-07-23 14:53:58,782 [INFO] IPUIPlugin:80 - create IPUIPlugin
2025-07-23 14:53:58,782 [INFO] PluginManager:220 - loadIPPluginJar : add dma3
2025-07-23 14:53:58,785 [INFO] IPUIPlugin:80 - create IPUIPlugin
2025-07-23 14:53:58,786 [INFO] PluginManager:220 - loadIPPluginJar : add extmemmanager
2025-07-23 14:53:58,787 [INFO] IPUIPlugin:80 - create IPUIPlugin
2025-07-23 14:53:58,787 [INFO] PluginManager:220 - loadIPPluginJar : add fatfs
2025-07-23 14:53:58,792 [INFO] IPUIPlugin:80 - create IPUIPlugin
2025-07-23 14:53:58,792 [INFO] PluginManager:220 - loadIPPluginJar : add fmc
2025-07-23 14:53:58,796 [INFO] IPUIPlugin:80 - create IPUIPlugin
2025-07-23 14:53:58,796 [INFO] PluginManager:220 - loadIPPluginJar : add freertos
2025-07-23 14:53:58,797 [INFO] IPUIPlugin:80 - create IPUIPlugin
2025-07-23 14:53:58,797 [INFO] PluginManager:220 - loadIPPluginJar : add genericplugin
2025-07-23 14:53:58,799 [INFO] IPUIPlugin:80 - create IPUIPlugin
2025-07-23 14:53:58,799 [INFO] PluginManager:220 - loadIPPluginJar : add gfxmmu
2025-07-23 14:53:58,802 [INFO] IPUIPlugin:80 - create IPUIPlugin
2025-07-23 14:53:58,803 [INFO] PluginManager:220 - loadIPPluginJar : add gic
2025-07-23 14:53:58,807 [INFO] IPUIPlugin:80 - create IPUIPlugin
2025-07-23 14:53:58,808 [INFO] PluginManager:220 - loadIPPluginJar : add gpio
2025-07-23 14:53:58,810 [INFO] IPUIPlugin:80 - create IPUIPlugin
2025-07-23 14:53:58,810 [INFO] PluginManager:220 - loadIPPluginJar : add gtzc
2025-07-23 14:53:58,813 [INFO] IPUIPlugin:80 - create IPUIPlugin
2025-07-23 14:53:58,813 [INFO] PluginManager:220 - loadIPPluginJar : add hash
2025-07-23 14:53:58,815 [INFO] IPUIPlugin:80 - create IPUIPlugin
2025-07-23 14:53:58,815 [INFO] PluginManager:220 - loadIPPluginJar : add i2c
2025-07-23 14:53:58,816 [INFO] IPUIPlugin:80 - create IPUIPlugin
2025-07-23 14:53:58,817 [INFO] PluginManager:220 - loadIPPluginJar : add i2s
2025-07-23 14:53:58,819 [INFO] IPUIPlugin:80 - create IPUIPlugin
2025-07-23 14:53:58,819 [INFO] PluginManager:220 - loadIPPluginJar : add i3c
2025-07-23 14:53:58,829 [INFO] IPUIPlugin:80 - create IPUIPlugin
2025-07-23 14:53:58,829 [INFO] PluginManager:220 - loadIPPluginJar : add ipddr
2025-07-23 14:53:58,836 [INFO] IPUIPlugin:80 - create IPUIPlugin
2025-07-23 14:53:58,836 [INFO] PluginManager:220 - loadIPPluginJar : add linkedlist
2025-07-23 14:53:58,839 [INFO] IPUIPlugin:80 - create IPUIPlugin
2025-07-23 14:53:58,839 [INFO] PluginManager:220 - loadIPPluginJar : add lorawan
2025-07-23 14:53:58,841 [INFO] IPUIPlugin:80 - create IPUIPlugin
2025-07-23 14:53:58,841 [INFO] PluginManager:220 - loadIPPluginJar : add ltdc
2025-07-23 14:53:58,848 [INFO] IPUIPlugin:80 - create IPUIPlugin
2025-07-23 14:53:58,848 [INFO] PluginManager:220 - loadIPPluginJar : add mdma
2025-07-23 14:53:58,850 [INFO] IPUIPlugin:80 - create IPUIPlugin
2025-07-23 14:53:58,851 [INFO] PluginManager:220 - loadIPPluginJar : add nvic
2025-07-23 14:53:58,853 [INFO] IPUIPlugin:80 - create IPUIPlugin
2025-07-23 14:53:58,853 [INFO] PluginManager:220 - loadIPPluginJar : add opamp
2025-07-23 14:53:58,855 [INFO] IPUIPlugin:80 - create IPUIPlugin
2025-07-23 14:53:58,856 [INFO] PluginManager:220 - loadIPPluginJar : add openamp
2025-07-23 14:53:58,857 [INFO] IPUIPlugin:80 - create IPUIPlugin
2025-07-23 14:53:58,857 [INFO] PluginManager:220 - loadIPPluginJar : add pdm2pcm
2025-07-23 14:53:58,862 [INFO] IPUIPlugin:80 - create IPUIPlugin
2025-07-23 14:53:58,864 [INFO] PluginManager:220 - loadIPPluginJar : add plateformsettings
2025-07-23 14:53:58,865 [INFO] IPUIPlugin:80 - create IPUIPlugin
2025-07-23 14:53:58,865 [INFO] PluginManager:220 - loadIPPluginJar : add quadspi
2025-07-23 14:53:58,866 [INFO] IPUIPlugin:80 - create IPUIPlugin
2025-07-23 14:53:58,868 [INFO] PluginManager:220 - loadIPPluginJar : add radio
2025-07-23 14:53:58,871 [INFO] IPUIPlugin:80 - create IPUIPlugin
2025-07-23 14:53:58,872 [INFO] PluginManager:220 - loadIPPluginJar : add resmgrutility
2025-07-23 14:53:58,875 [INFO] IPUIPlugin:80 - create IPUIPlugin
2025-07-23 14:53:58,875 [INFO] PluginManager:220 - loadIPPluginJar : add sai
2025-07-23 14:53:58,877 [INFO] IPUIPlugin:80 - create IPUIPlugin
2025-07-23 14:53:58,877 [INFO] PluginManager:220 - loadIPPluginJar : add spi
2025-07-23 14:53:58,882 [INFO] IPUIPlugin:80 - create IPUIPlugin
2025-07-23 14:53:58,882 [INFO] PluginManager:220 - loadIPPluginJar : add stm32_wpan
2025-07-23 14:53:58,884 [INFO] IPUIPlugin:80 - create IPUIPlugin
2025-07-23 14:53:58,885 [INFO] PluginManager:220 - loadIPPluginJar : add tim
2025-07-23 14:53:58,887 [INFO] IPUIPlugin:80 - create IPUIPlugin
2025-07-23 14:53:58,888 [INFO] PluginManager:220 - loadIPPluginJar : add touchsensing
2025-07-23 14:53:58,889 [INFO] IPUIPlugin:80 - create IPUIPlugin
2025-07-23 14:53:58,889 [INFO] PluginManager:220 - loadIPPluginJar : add tracer_emb
2025-07-23 14:53:58,891 [INFO] IPUIPlugin:80 - create IPUIPlugin
2025-07-23 14:53:58,891 [INFO] PluginManager:220 - loadIPPluginJar : add ts
2025-07-23 14:53:58,892 [INFO] IPUIPlugin:80 - create IPUIPlugin
2025-07-23 14:53:58,892 [INFO] PluginManager:220 - loadIPPluginJar : add tsc
2025-07-23 14:53:58,894 [INFO] IPUIPlugin:80 - create IPUIPlugin
2025-07-23 14:53:58,894 [INFO] PluginManager:220 - loadIPPluginJar : add ucpd
2025-07-23 14:53:58,897 [INFO] IPUIPlugin:80 - create IPUIPlugin
2025-07-23 14:53:58,897 [INFO] PluginManager:220 - loadIPPluginJar : add usart
2025-07-23 14:53:58,899 [INFO] IPUIPlugin:80 - create IPUIPlugin
2025-07-23 14:53:58,899 [INFO] PluginManager:220 - loadIPPluginJar : add usbx
2025-07-23 14:53:59,027 [FATAL] Updater:351 - Updater called before beeing initialized
2025-07-23 14:53:59,048 [INFO] RulesReader:64 - Compatibility file has been processed (317 Rules)
2025-07-23 14:53:59,060 [INFO] RulesReader:64 - Compatibility file has been processed (317 Rules)
2025-07-23 14:53:59,070 [INFO] CADModel:165 - CPN selected for project level
2025-07-23 14:53:59,070 [INFO] CADModel:114 - Register for checkConnection events
2025-07-23 14:53:59,070 [FATAL] Updater:351 - Updater called before beeing initialized
2025-07-23 14:53:59,070 [ERROR] CADModel:125 - Updater not yet initialized, retry later 
2025-07-23 14:53:59,176 [FATAL] Updater:351 - Updater called before beeing initialized
2025-07-23 14:53:59,177 [INFO] CADModel:165 - CPN selected for project level
2025-07-23 14:53:59,177 [INFO] CADModel:114 - Register for checkConnection events
2025-07-23 14:53:59,177 [FATAL] Updater:351 - Updater called before beeing initialized
2025-07-23 14:53:59,177 [ERROR] CADModel:125 - Updater not yet initialized, retry later 
2025-07-23 14:53:59,181 [FATAL] Updater:351 - Updater called before beeing initialized
2025-07-23 14:53:59,266 [FATAL] Updater:351 - Updater called before beeing initialized
2025-07-23 14:53:59,269 [INFO] DbMcusAds:53 - JSON generation date=Tue Jul 08 13:44:23 IST 2025 (1751962463562)
2025-07-23 14:53:59,269 [FATAL] Updater:351 - Updater called before beeing initialized
2025-07-23 14:53:59,291 [WARN] DetailPanel:346 - Failed to get advertising image, set to default
2025-07-23 14:53:59,360 [FATAL] Updater:351 - Updater called before beeing initialized
2025-07-23 14:53:59,362 [FATAL] Updater:351 - Updater called before beeing initialized
2025-07-23 14:53:59,362 [FATAL] Updater:351 - Updater called before beeing initialized
2025-07-23 14:53:59,362 [WARN] DetailPanel:346 - Failed to get advertising image, set to default
2025-07-23 14:53:59,363 [FATAL] Updater:351 - Updater called before beeing initialized
2025-07-23 14:53:59,400 [ERROR] Updater:1198 - MainUpdater not yet initialized. External WinMGr cannot be set.
2025-07-23 14:53:59,401 [INFO] Updater:1134 - Updater Version found : 6.15.0
2025-07-23 14:53:59,416 [INFO] ApplicationProperties:184 - Using Application install path: C:\ST\STM32CubeIDE_1.19.0\STM32CubeIDE\plugins\com.st.stm32cube.common.mx_6.15.0.202507011659
2025-07-23 14:54:00,983 [ERROR] LogOutputStream:75 - [STDERR_REDIRECT] Jul 23, 2025 2:54:00 PM java.util.prefs.WindowsPreferences <init>
2025-07-23 14:54:00,986 [ERROR] LogOutputStream:75 - [STDERR_REDIRECT] WARNING: Could not open/create prefs root node Software\JavaSoft\Prefs at root 0xffffffff80000002. Windows RegCreateKeyEx(...) returned error code 5.
2025-07-23 14:54:00,986 [ERROR] LogOutputStream:75 - [STDERR_REDIRECT] 
2025-07-23 14:54:01,211 [INFO] ThirdPartyUpdaterWithRetryManager:70 - Updater plugin not ready yet. [2/15]
2025-07-23 14:54:01,236 [INFO] MainUpdater:2872 - connection check result : 10
2025-07-23 14:54:01,236 [INFO] MainUpdater:289 - Updater Check For Update Now.
2025-07-23 14:54:01,236 [INFO] MicroXplorer:498 - Change Database Version : DB.6.0.150
2025-07-23 14:54:01,244 [INFO] McuFinderGlobals:63 - Set McuFinder mode to 2 (CubeIDE integrated)
2025-07-23 14:54:01,245 [INFO] UserAuth:487 - Internet connection configuration mode: 1
2025-07-23 14:54:01,260 [INFO] JxBrowserEngine:152 - Initiate JxBrowser Engine with user profile folder
2025-07-23 14:54:01,383 [INFO] CheckServerUpdateThread:120 - End of CheckServer Thread
2025-07-23 14:54:02,193 [INFO] WebApp:169 - Instantiating new browser for Auth
2025-07-23 14:54:02,766 [INFO] WebApp:463 - Apply proxy settings
2025-07-23 14:54:02,767 [INFO] WebApp:548 - Chromium requires no authentication
2025-07-23 14:54:02,773 [INFO] WebApp:491 - Direct internet connection detected
2025-07-23 14:54:02,792 [INFO] WebApp:900 - Register for checkConnection events
2025-07-23 14:54:02,792 [INFO] WebApp:463 - Apply proxy settings
2025-07-23 14:54:02,792 [INFO] WebApp:548 - Chromium requires no authentication
2025-07-23 14:54:02,793 [INFO] WebApp:491 - Direct internet connection detected
2025-07-23 14:54:02,929 [INFO] WebApp:225 - Starting web application
2025-07-23 14:54:02,930 [INFO] WebApp:593 - Web application path used C:\ST\STM32CubeIDE_1.19.0\STM32CubeIDE\plugins\com.st.stm32cube.common.mx_6.15.0.202507011659\db\plugins\mcufinder\reactClient1\index.html
2025-07-23 14:54:02,994 [INFO] UserAuth:487 - Internet connection configuration mode: 1
2025-07-23 14:54:03,156 [INFO] WebApp:191 - Connection restablished
2025-07-23 14:54:04,351 [WARN] PackLoader:240 - Cannot read IP mode file for STMicroelectronics.FP-SNS-MOTENVWB1.1.4.0
2025-07-23 14:54:04,362 [WARN] PackLoader:240 - Cannot read IP mode file for STMicroelectronics.FP-ATR-ASTRA1.2.0.2
2025-07-23 14:54:04,369 [WARN] PackLoader:240 - Cannot read IP mode file for STMicroelectronics.X-CUBE-SMBUS.2.1.0
2025-07-23 14:54:04,376 [WARN] PackLoader:240 - Cannot read IP mode file for STMicroelectronics.X-CUBE-ST60.1.0.0
2025-07-23 14:54:04,406 [WARN] PackLoader:240 - Cannot read IP mode file for STMicroelectronics.X-CUBE-AZRTOS-F7.1.1.0
2025-07-23 14:54:04,435 [WARN] PackLoader:240 - Cannot read IP mode file for Infineon.AIROC-Wi-Fi-Bluetooth-STM32.1.7.1
2025-07-23 14:54:04,464 [WARN] PackLoader:240 - Cannot read IP mode file for STMicroelectronics.X-CUBE-AZRTOS-H7.3.4.0
2025-07-23 14:54:04,473 [WARN] PackLoader:240 - Cannot read IP mode file for STMicroelectronics.X-CUBE-DISPLAY.3.0.0
2025-07-23 14:54:04,482 [WARN] PackLoader:240 - Cannot read IP mode file for STMicroelectronics.X-CUBE-NFC10.1.0.0
2025-07-23 14:54:04,487 [WARN] PackLoader:240 - Cannot read IP mode file for emotas.I-CUBE-CANOPEN.1.3.0
2025-07-23 14:54:04,490 [WARN] PackLoader:240 - Cannot read IP mode file for STMicroelectronics.FP-SNS-SMARTAG2.1.2.0
2025-07-23 14:54:04,495 [WARN] PackLoader:240 - Cannot read IP mode file for STMicroelectronics.FP-SNS-FLIGHT1.5.1.0
2025-07-23 14:54:04,504 [INFO] LogOutputStream:77 - [STDOUT_REDIRECT] 1 : Invalid condition id : UX_CORESTACK_Condition cause : null
2025-07-23 14:54:04,504 [INFO] LogOutputStream:77 - [STDOUT_REDIRECT] 1 : Invalid condition id : UX_CORESTACK_Condition cause : null
2025-07-23 14:54:04,505 [INFO] LogOutputStream:77 - [STDOUT_REDIRECT] 1 : Invalid condition id : UX_CORESTACK_Condition cause : null
2025-07-23 14:54:04,507 [INFO] LogOutputStream:77 - [STDOUT_REDIRECT] 1 : Invalid condition id : UX_CORESTACK_Condition cause : null
2025-07-23 14:54:04,508 [INFO] LogOutputStream:77 - [STDOUT_REDIRECT] 1 : Invalid condition id : UX_CORESTACK_Condition cause : null
2025-07-23 14:54:04,510 [WARN] PackLoader:240 - Cannot read IP mode file for STMicroelectronics.X-CUBE-AZRTOS-WL.2.0.0
2025-07-23 14:54:04,515 [WARN] PackLoader:240 - Cannot read IP mode file for STMicroelectronics.FP-SNS-MOTENV1.5.0.0
2025-07-23 14:54:04,523 [WARN] PackLoader:240 - Cannot read IP mode file for WES.I-CUBE-Cesium.1.3.0
2025-07-23 14:54:04,528 [WARN] PackLoader:240 - Cannot read IP mode file for STMicroelectronics.X-CUBE-BLE2.3.3.0
2025-07-23 14:54:04,535 [WARN] PackLoader:240 - Cannot read IP mode file for STMicroelectronics.X-CUBE-NFC9.1.0.0
2025-07-23 14:54:04,540 [WARN] PackLoader:240 - Cannot read IP mode file for wolfSSL.I-CUBE-wolfSSL.5.8.0
2025-07-23 14:54:04,545 [WARN] PackLoader:240 - Cannot read IP mode file for STMicroelectronics.X-CUBE-BLE1.7.1.0
2025-07-23 14:54:04,548 [WARN] PackLoader:240 - Cannot read IP mode file for wolfSSL.I-CUBE-wolfMQTT.1.19.2
2025-07-23 14:54:04,552 [WARN] PackLoader:240 - Cannot read IP mode file for STMicroelectronics.X-CUBE-EEPRMA1.5.2.0
2025-07-23 14:54:04,558 [WARN] PackLoader:240 - Cannot read IP mode file for STMicroelectronics.X-CUBE-AI.10.1.0
2025-07-23 14:54:04,572 [WARN] PackLoader:240 - Cannot read IP mode file for STMicroelectronics.X-CUBE-AZRTOS-G0.1.1.0
2025-07-23 14:54:04,580 [WARN] PackLoader:240 - Cannot read IP mode file for STMicroelectronics.X-CUBE-SAFEA1.1.2.2
2025-07-23 14:54:04,586 [WARN] PackLoader:240 - Cannot read IP mode file for STMicroelectronics.X-CUBE-NFC4.3.0.0
2025-07-23 14:54:04,595 [WARN] PackLoader:240 - Cannot read IP mode file for EmbeddedOffice.I-CUBE-FS-RTOS.1.0.1
2025-07-23 14:54:04,600 [WARN] PackLoader:240 - Cannot read IP mode file for STMicroelectronics.X-CUBE-WB05N.2.0.0
2025-07-23 14:54:04,604 [WARN] PackLoader:240 - Cannot read IP mode file for wolfSSL.I-CUBE-wolfTPM.3.8.0
2025-07-23 14:54:04,609 [WARN] PackLoader:240 - Cannot read IP mode file for STMicroelectronics.X-CUBE-TCPP.4.2.0
2025-07-23 14:54:04,614 [WARN] PackLoader:240 - Cannot read IP mode file for RealThread.X-CUBE-RT-Thread_Nano.4.1.1
2025-07-23 14:54:04,617 [WARN] PackLoader:240 - Cannot read IP mode file for STMicroelectronics.FP-ATR-SIGFOX1.3.2.0
2025-07-23 14:54:04,622 [WARN] PackLoader:240 - Cannot read IP mode file for ITTIA_DB.I-CUBE-ITTIADB.8.9.0
2025-07-23 14:54:04,628 [WARN] PackLoader:240 - Cannot read IP mode file for STMicroelectronics.X-CUBE-ST67W61.1.0.0
2025-07-23 14:54:04,650 [WARN] PackLoader:240 - Cannot read IP mode file for SEGGER.I-CUBE-embOS.1.3.1
2025-07-23 14:54:04,690 [WARN] PackLoader:240 - Cannot read IP mode file for STMicroelectronics.X-CUBE-ALGOBUILD.1.4.0
2025-07-23 14:54:04,730 [WARN] PackLoader:240 - Cannot read IP mode file for STMicroelectronics.X-CUBE-MEMS1.11.3.0
2025-07-23 14:54:04,872 [WARN] PackLoader:240 - Cannot read IP mode file for STMicroelectronics.X-CUBE-PM33A1.1.0.0
2025-07-23 14:54:04,885 [WARN] PackLoader:240 - Cannot read IP mode file for STMicroelectronics.X-CUBE-AZRTOS-F4.1.1.0
2025-07-23 14:54:04,891 [WARN] PackLoader:240 - Cannot read IP mode file for STMicroelectronics.X-CUBE-ISPU.2.1.0
2025-07-23 14:54:04,897 [WARN] PackLoader:240 - Cannot read IP mode file for STMicroelectronics.X-CUBE-NFC12.1.0.0
2025-07-23 14:54:04,907 [WARN] PackLoader:240 - Cannot read IP mode file for STMicroelectronics.X-CUBE-AZRTOS-L5.2.0.0
2025-07-23 14:54:04,914 [WARN] PackLoader:240 - Cannot read IP mode file for STMicroelectronics.X-CUBE-NFC6.3.1.0
2025-07-23 14:54:04,920 [WARN] PackLoader:240 - Cannot read IP mode file for STMicroelectronics.X-CUBE-FREERTOS.1.3.1
2025-07-23 14:54:04,924 [WARN] PackLoader:240 - Cannot read IP mode file for STMicroelectronics.FP-SNS-STAIOTCFT.1.0.0
2025-07-23 14:54:04,928 [WARN] PackLoader:240 - Cannot read IP mode file for STMicroelectronics.X-CUBE-DPower.1.3.0
2025-07-23 14:54:04,942 [WARN] ConditionMgr:438 - getConditionDescription Invalid condition id : LAN8742 Phy interface Condition cause : null
2025-07-23 14:54:04,944 [WARN] PackLoader:240 - Cannot read IP mode file for STMicroelectronics.X-CUBE-AZRTOS-L4.2.0.0
2025-07-23 14:54:04,945 [WARN] ConditionMgr:1044 - genDependencies : Invalid condition id : LAN8742 Phy interface Condition cause : null
2025-07-23 14:54:04,946 [WARN] ConditionMgr:1044 - genDependencies : Invalid condition id : LAN8742 Phy interface Condition cause : null
2025-07-23 14:54:04,946 [WARN] ConditionMgr:1044 - genDependencies : Invalid condition id : LAN8742 Phy interface Condition cause : null
2025-07-23 14:54:04,954 [WARN] PackLoader:240 - Cannot read IP mode file for STMicroelectronics.X-CUBE-SFXS2LP1.4.0.0
2025-07-23 14:54:04,965 [WARN] PackLoader:240 - Cannot read IP mode file for STMicroelectronics.X-CUBE-BLEMGR.4.1.0
2025-07-23 14:54:04,980 [WARN] ConditionMgr:438 - getConditionDescription Invalid condition id : UX DEVICE CLASS RTOS Condition cause : null
2025-07-23 14:54:04,980 [WARN] ConditionMgr:438 - getConditionDescription Invalid condition id : UX DEVICE CLASS RTOS Condition cause : null
2025-07-23 14:54:04,983 [WARN] PackLoader:240 - Cannot read IP mode file for STMicroelectronics.X-CUBE-AZRTOS-WB.2.0.0
2025-07-23 14:54:04,983 [WARN] ConditionMgr:1044 - genDependencies : Invalid condition id : UX DEVICE CLASS RTOS Condition cause : null
2025-07-23 14:54:04,983 [WARN] ConditionMgr:1044 - genDependencies : Invalid condition id : UX DEVICE CLASS RTOS Condition cause : null
2025-07-23 14:54:04,984 [WARN] ConditionMgr:1044 - genDependencies : Invalid condition id : UX DEVICE CLASS RTOS Condition cause : null
2025-07-23 14:54:04,984 [WARN] ConditionMgr:1044 - genDependencies : Invalid condition id : UX DEVICE CLASS RTOS Condition cause : null
2025-07-23 14:54:04,986 [WARN] ConditionMgr:1044 - genDependencies : Invalid condition id : UX DEVICE CLASS RTOS Condition cause : null
2025-07-23 14:54:04,992 [WARN] PackLoader:240 - Cannot read IP mode file for STMicroelectronics.X-CUBE-GNSS1.7.0.1
2025-07-23 14:54:04,997 [WARN] PackLoader:240 - Cannot read IP mode file for STMicroelectronics.X-CUBE-TOUCHGFX.4.25.0
2025-07-23 14:54:05,002 [WARN] PackLoader:240 - Cannot read IP mode file for STMicroelectronics.FP-SNS-STBOX1.2.0.0
2025-07-23 14:54:05,007 [WARN] ConditionMgr:438 - getConditionDescription Invalid condition id : Cortex-A Device cause : null
2025-07-23 14:54:05,025 [WARN] ConditionMgr:1044 - genDependencies : Invalid condition id : Cortex-A Device cause : null
2025-07-23 14:54:05,025 [WARN] ConditionMgr:1044 - genDependencies : Invalid condition id : Cortex-A Device cause : null
2025-07-23 14:54:05,026 [WARN] ConditionMgr:1044 - genDependencies : Invalid condition id : Cortex-A Device cause : null
2025-07-23 14:54:05,035 [WARN] PackLoader:240 - Cannot read IP mode file for STMicroelectronics.X-CUBE-SUBG2.5.0.0
2025-07-23 14:54:05,052 [WARN] PackLoader:240 - Cannot read IP mode file for STMicroelectronics.X-CUBE-AZRTOS-H7RS.1.1.0
2025-07-23 14:54:05,058 [WARN] PackLoader:240 - Cannot read IP mode file for Cesanta.I-CUBE-Mongoose.7.13.0
2025-07-23 14:54:05,070 [WARN] PackLoader:240 - Cannot read IP mode file for STMicroelectronics.X-CUBE-AZRTOS-G4.2.0.0
2025-07-23 14:54:05,074 [WARN] PackLoader:240 - Cannot read IP mode file for wolfSSL.I-CUBE-wolfSSH.1.4.20
2025-07-23 14:54:05,079 [WARN] PackLoader:240 - Cannot read IP mode file for STMicroelectronics.X-CUBE-NFC7.2.0.0
2025-07-23 14:54:05,088 [WARN] PackLoader:240 - Cannot read IP mode file for STMicroelectronics.X-CUBE-IPS.3.1.0
2025-07-23 14:54:05,094 [WARN] PackLoader:240 - Cannot read IP mode file for STMicroelectronics.X-CUBE-ALS.1.0.2
2025-07-23 14:54:05,100 [WARN] PackLoader:240 - Cannot read IP mode file for portGmbH.I-Cube-SoM-uGOAL.1.1.0
2025-07-23 14:54:05,111 [WARN] PackLoader:240 - Cannot read IP mode file for STMicroelectronics.X-CUBE-TOF1.3.4.3
2025-07-23 14:54:05,120 [INFO] ThirdParty:978 - Integrity check success = true
2025-07-23 14:54:05,120 [INFO] IntegrityCheckThread:100 - exiting critical section [integrity check]
2025-07-23 14:54:05,120 [INFO] IntegrityCheckThread:103 - End integrity checks thread
2025-07-23 14:59:09,546 [ERROR] LogOutputStream:75 - [STDERR_REDIRECT] 
2025-07-23 15:07:31,645 [INFO] Activator:176 - 


2025-07-23 15:07:31,646 [INFO] Activator:177 - !SESSION log4j initialized
2025-07-23 15:07:35,575 [INFO] LogOutputStream:77 - [STDOUT_REDIRECT] 
2025-07-23 15:07:36,299 [INFO] ApplicationProperties:184 - Using Application install path: C:\ST\STM32CubeIDE_1.19.0\STM32CubeIDE\plugins\com.st.stm32cube.common.mx_6.15.0.202507011659
2025-07-23 15:07:36,312 [INFO] DbMcusXml:78 - Set database path to: C:\ST\STM32CubeIDE_1.19.0\STM32CubeIDE\plugins\com.st.stm32cube.common.mx_6.15.0.202507011659\\db\/mcu/
2025-07-23 15:07:36,312 [INFO] ApiDb:274 - Set plugin database path to: C:\ST\STM32CubeIDE_1.19.0\STM32CubeIDE\plugins\com.st.stm32cube.common.mx_6.15.0.202507011659\\db\/plugins/boardmanager/
2025-07-23 15:07:36,312 [WARN] ApiDb:259 - Overriding images path with different value:  => C:\ST\STM32CubeIDE_1.19.0\STM32CubeIDE\plugins\com.st.stm32cube.common.mx_6.15.0.202507011659\\db\/plugins/mcufinder/images/
2025-07-23 15:07:36,315 [INFO] ApiDb:250 - Set database path to: C:\Users\User\.stmcufinder\plugins\mcufinder//mcu/
2025-07-23 15:07:36,316 [INFO] DbMcusAds:125 - Set database path to: C:\Users\User\.stmcufinder\plugins\mcufinder//mcu/
2025-07-23 15:07:36,317 [INFO] CrossReferenceDbSqlite:203 - Set database path to: C:\Users\User\.stmcufinder\plugins\mcufinder//mcu/cs/
2025-07-23 15:07:36,418 [INFO] RulesReader:64 - Compatibility file has been processed (317 Rules)
2025-07-23 15:07:36,460 [INFO] DbMcusXml:78 - Set database path to: C:\ST\STM32CubeIDE_1.19.0\STM32CubeIDE\plugins\com.st.stm32cube.common.mx_6.15.0.202507011659\\db\/mcu/
2025-07-23 15:07:36,460 [INFO] ApiDb:274 - Set plugin database path to: C:\ST\STM32CubeIDE_1.19.0\STM32CubeIDE\plugins\com.st.stm32cube.common.mx_6.15.0.202507011659\\db\/plugins/boardmanager/
2025-07-23 15:07:36,460 [INFO] ApiDb:261 - Set plugin images path to: C:\ST\STM32CubeIDE_1.19.0\STM32CubeIDE\plugins\com.st.stm32cube.common.mx_6.15.0.202507011659\\db\/plugins/mcufinder/images/
2025-07-23 15:07:36,460 [WARN] DbFile:41 - Overriding database path with different value: C:\Users\User\.stmcufinder\plugins\mcufinder/ => C:\Users\User\.stmcufinder\plugins\mcufinder
2025-07-23 15:07:36,460 [INFO] ApiDb:250 - Set database path to: C:\Users\User\.stmcufinder\plugins\mcufinder//mcu/
2025-07-23 15:07:36,460 [WARN] DbFile:41 - Overriding database path with different value: C:\Users\User\.stmcufinder\plugins\mcufinder/ => C:\Users\User\.stmcufinder\plugins\mcufinder
2025-07-23 15:07:36,460 [INFO] DbMcusAds:125 - Set database path to: C:\Users\User\.stmcufinder\plugins\mcufinder//mcu/
2025-07-23 15:07:36,460 [WARN] DbFile:41 - Overriding database path with different value: C:\Users\User\.stmcufinder\plugins\mcufinder/ => C:\Users\User\.stmcufinder\plugins\mcufinder
2025-07-23 15:07:36,460 [WARN] DbFile:41 - Overriding database path with different value: C:\Users\User\.stmcufinder\plugins\mcufinder/ => C:\Users\User\.stmcufinder\plugins\mcufinder
2025-07-23 15:07:36,460 [INFO] CrossReferenceDbSqlite:203 - Set database path to: C:\Users\User\.stmcufinder\plugins\mcufinder//mcu/cs/
2025-07-23 15:07:36,516 [INFO] MainPanel:274 - HeapMemory: 273678336
2025-07-23 15:07:36,587 [INFO] DbMcusXml:78 - Set database path to: C:\ST\STM32CubeIDE_1.19.0\STM32CubeIDE\plugins\com.st.stm32cube.common.mx_6.15.0.202507011659\\db\/mcu/
2025-07-23 15:07:36,587 [INFO] ApiDb:274 - Set plugin database path to: C:\ST\STM32CubeIDE_1.19.0\STM32CubeIDE\plugins\com.st.stm32cube.common.mx_6.15.0.202507011659\\db\/plugins/boardmanager/
2025-07-23 15:07:36,587 [INFO] ApiDb:261 - Set plugin images path to: C:\ST\STM32CubeIDE_1.19.0\STM32CubeIDE\plugins\com.st.stm32cube.common.mx_6.15.0.202507011659\\db\/plugins/mcufinder/images/
2025-07-23 15:07:36,587 [WARN] DbFile:41 - Overriding database path with different value: C:\Users\User\.stmcufinder\plugins\mcufinder/ => C:\Users\User\.stmcufinder\plugins\mcufinder
2025-07-23 15:07:36,588 [INFO] ApiDb:250 - Set database path to: C:\Users\User\.stmcufinder\plugins\mcufinder//mcu/
2025-07-23 15:07:36,588 [WARN] DbFile:41 - Overriding database path with different value: C:\Users\User\.stmcufinder\plugins\mcufinder/ => C:\Users\User\.stmcufinder\plugins\mcufinder
2025-07-23 15:07:36,588 [INFO] DbMcusAds:125 - Set database path to: C:\Users\User\.stmcufinder\plugins\mcufinder//mcu/
2025-07-23 15:07:36,588 [WARN] DbFile:41 - Overriding database path with different value: C:\Users\User\.stmcufinder\plugins\mcufinder/ => C:\Users\User\.stmcufinder\plugins\mcufinder
2025-07-23 15:07:36,588 [WARN] DbFile:41 - Overriding database path with different value: C:\Users\User\.stmcufinder\plugins\mcufinder/ => C:\Users\User\.stmcufinder\plugins\mcufinder
2025-07-23 15:07:36,588 [INFO] CrossReferenceDbSqlite:203 - Set database path to: C:\Users\User\.stmcufinder\plugins\mcufinder//mcu/cs/
2025-07-23 15:07:36,602 [INFO] ApplicationProperties:184 - Using Application install path: C:\ST\STM32CubeIDE_1.19.0\STM32CubeIDE\plugins\com.st.stm32cube.common.mx_6.15.0.202507011659
2025-07-23 15:07:36,603 [INFO] PluginManage:196 - Search for loadable plugins [exclusion list=, ]
2025-07-23 15:07:36,604 [INFO] PluginManage:310 - Check plugin analytics
2025-07-23 15:07:36,738 [INFO] AnalyticsPlugin:253 - Accepted Software Licenses: 
2025-07-23 15:07:36,738 [INFO] AnalyticsPlugin:255 - Accepted CMSIS Pack Licenses: 
2025-07-23 15:07:36,738 [INFO] AnalyticsPlugin:257 - Accepted Firmware Licenses: FW.WL.1.3.0
2025-07-23 15:07:36,740 [INFO] PluginManage:359 - Loaded plugin analytics (category:tool,tabindex:-1)
2025-07-23 15:07:36,740 [INFO] PluginManage:310 - Check plugin cadmodel
2025-07-23 15:07:36,742 [INFO] CADModel:105 - Init CAD model plugin
2025-07-23 15:07:36,743 [INFO] PluginManage:359 - Loaded plugin cadmodel (category:power,tabindex:5)
2025-07-23 15:07:36,743 [INFO] PluginManage:310 - Check plugin clock
2025-07-23 15:07:36,748 [INFO] PluginManage:359 - Loaded plugin clock (category:base,tabindex:2)
2025-07-23 15:07:36,749 [INFO] PluginManage:310 - Check plugin ddr
2025-07-23 15:07:36,749 [INFO] PluginManage:359 - Loaded plugin ddr (category:tool,tabindex:6)
2025-07-23 15:07:36,749 [INFO] PluginManage:310 - Check plugin filemanager
2025-07-23 15:07:36,894 [INFO] PluginManage:359 - Loaded plugin filemanager (category:base,tabindex:10)
2025-07-23 15:07:36,894 [INFO] PluginManage:310 - Check plugin ipmanager
2025-07-23 15:07:36,900 [INFO] PluginManage:359 - Loaded plugin ipmanager (category:base,tabindex:5)
2025-07-23 15:07:36,900 [INFO] PluginManage:310 - Check plugin lpbam
2025-07-23 15:07:36,908 [INFO] PluginManage:359 - Loaded plugin lpbam (category:base,tabindex:0)
2025-07-23 15:07:36,908 [INFO] PluginManage:310 - Check plugin memorymap
2025-07-23 15:07:36,916 [INFO] PluginManage:359 - Loaded plugin memorymap (category:base,tabindex:4)
2025-07-23 15:07:36,916 [INFO] PluginManage:310 - Check plugin pinoutandconfiguration
2025-07-23 15:07:36,924 [INFO] PluginManage:359 - Loaded plugin pinoutandconfiguration (category:base,tabindex:1)
2025-07-23 15:07:36,924 [INFO] PluginManage:310 - Check plugin pinoutconfig
2025-07-23 15:07:37,003 [WARN] SupportedApi:132 - Cannot load RTOS API schema: s4s-elt-must-match.1: The content of 'definitions' must match (annotation?, (simpleType | complexType)?, (unique | key | keyref)*)). A problem was found starting at: attribute.
2025-07-23 15:07:37,137 [INFO] PluginManage:359 - Loaded plugin pinoutconfig (category:base,tabindex:0)
2025-07-23 15:07:37,138 [INFO] PluginManage:310 - Check plugin power
2025-07-23 15:07:37,145 [INFO] PluginManage:359 - Loaded plugin power (category:power,tabindex:4)
2025-07-23 15:07:37,145 [INFO] PluginManage:310 - Check plugin projectmanager
2025-07-23 15:07:37,158 [INFO] PluginManage:359 - Loaded plugin projectmanager (category:projectmanager,tabindex:4)
2025-07-23 15:07:37,158 [INFO] PluginManage:310 - Check plugin rif
2025-07-23 15:07:37,164 [INFO] PluginManage:359 - Loaded plugin rif (category:base,tabindex:3)
2025-07-23 15:07:37,164 [INFO] PluginManage:310 - Check plugin thirdparty
2025-07-23 15:07:37,287 [INFO] PluginManage:359 - Loaded plugin thirdparty (category:base,tabindex:-1)
2025-07-23 15:07:37,287 [WARN] IntegrityCheckThread:84 - waiting for thirdparty lock release [integrity check]
2025-07-23 15:07:37,287 [INFO] PluginManage:310 - Check plugin tools
2025-07-23 15:07:37,287 [INFO] IntegrityCheckThread:86 - entering critical section [integrity check]
2025-07-23 15:07:37,288 [INFO] ThirdPartyUpdaterWithRetryManager:70 - Updater plugin not ready yet. [1/15]
2025-07-23 15:07:37,290 [INFO] PluginManage:359 - Loaded plugin tools (category:base,tabindex:7)
2025-07-23 15:07:37,290 [INFO] PluginManage:310 - Check plugin tutovideos
2025-07-23 15:07:37,499 [INFO] PluginManage:359 - Loaded plugin tutovideos (category:base,tabindex:-1)
2025-07-23 15:07:37,499 [INFO] PluginManage:310 - Check plugin updater
2025-07-23 15:07:37,532 [INFO] PluginManage:359 - Loaded plugin updater (category:base,tabindex:12)
2025-07-23 15:07:37,532 [INFO] PluginManage:310 - Check plugin userauth
2025-07-23 15:07:37,537 [INFO] UserAuth:118 - Init User Auth plugin
2025-07-23 15:07:37,538 [INFO] PluginManage:359 - Loaded plugin userauth (category:base,tabindex:14)
2025-07-23 15:07:37,539 [INFO] PluginManage:283 - PluginManage : Loaded plugins [18]
2025-07-23 15:07:37,716 [INFO] PinOutPanel:1589 - setPackage(No Configuration,No Configuration)
2025-07-23 15:07:37,782 [INFO] CADModel:165 - CPN selected for project level
2025-07-23 15:07:37,782 [INFO] CADModel:114 - Register for checkConnection events
2025-07-23 15:07:37,801 [INFO] IPUIPlugin:80 - create IPUIPlugin
2025-07-23 15:07:37,801 [INFO] PluginManager:220 - loadIPPluginJar : add adc
2025-07-23 15:07:37,803 [INFO] IPUIPlugin:80 - create IPUIPlugin
2025-07-23 15:07:37,804 [INFO] PluginManager:220 - loadIPPluginJar : add aes
2025-07-23 15:07:37,805 [INFO] IPUIPlugin:80 - create IPUIPlugin
2025-07-23 15:07:37,806 [INFO] PluginManager:220 - loadIPPluginJar : add can
2025-07-23 15:07:37,808 [INFO] IPUIPlugin:80 - create IPUIPlugin
2025-07-23 15:07:37,808 [INFO] PluginManager:220 - loadIPPluginJar : add comp
2025-07-23 15:07:37,809 [INFO] IPUIPlugin:80 - create IPUIPlugin
2025-07-23 15:07:37,809 [INFO] PluginManager:220 - loadIPPluginJar : add cryp
2025-07-23 15:07:37,812 [INFO] IPUIPlugin:80 - create IPUIPlugin
2025-07-23 15:07:37,812 [INFO] PluginManager:220 - loadIPPluginJar : add ddr_ctrl_phy
2025-07-23 15:07:37,813 [INFO] IPUIPlugin:80 - create IPUIPlugin
2025-07-23 15:07:37,814 [INFO] PluginManager:220 - loadIPPluginJar : add dfsdm
2025-07-23 15:07:37,818 [INFO] IPUIPlugin:80 - create IPUIPlugin
2025-07-23 15:07:37,819 [INFO] PluginManager:220 - loadIPPluginJar : add dma
2025-07-23 15:07:37,822 [INFO] IPUIPlugin:80 - create IPUIPlugin
2025-07-23 15:07:37,822 [INFO] PluginManager:220 - loadIPPluginJar : add dma3
2025-07-23 15:07:37,825 [INFO] IPUIPlugin:80 - create IPUIPlugin
2025-07-23 15:07:37,825 [INFO] PluginManager:220 - loadIPPluginJar : add extmemmanager
2025-07-23 15:07:37,826 [INFO] IPUIPlugin:80 - create IPUIPlugin
2025-07-23 15:07:37,826 [INFO] PluginManager:220 - loadIPPluginJar : add fatfs
2025-07-23 15:07:37,830 [INFO] IPUIPlugin:80 - create IPUIPlugin
2025-07-23 15:07:37,830 [INFO] PluginManager:220 - loadIPPluginJar : add fmc
2025-07-23 15:07:37,836 [INFO] IPUIPlugin:80 - create IPUIPlugin
2025-07-23 15:07:37,836 [INFO] PluginManager:220 - loadIPPluginJar : add freertos
2025-07-23 15:07:37,837 [INFO] IPUIPlugin:80 - create IPUIPlugin
2025-07-23 15:07:37,837 [INFO] PluginManager:220 - loadIPPluginJar : add genericplugin
2025-07-23 15:07:37,838 [INFO] IPUIPlugin:80 - create IPUIPlugin
2025-07-23 15:07:37,838 [INFO] PluginManager:220 - loadIPPluginJar : add gfxmmu
2025-07-23 15:07:37,842 [INFO] IPUIPlugin:80 - create IPUIPlugin
2025-07-23 15:07:37,842 [INFO] PluginManager:220 - loadIPPluginJar : add gic
2025-07-23 15:07:37,845 [INFO] IPUIPlugin:80 - create IPUIPlugin
2025-07-23 15:07:37,845 [INFO] PluginManager:220 - loadIPPluginJar : add gpio
2025-07-23 15:07:37,847 [INFO] IPUIPlugin:80 - create IPUIPlugin
2025-07-23 15:07:37,847 [INFO] PluginManager:220 - loadIPPluginJar : add gtzc
2025-07-23 15:07:37,850 [INFO] IPUIPlugin:80 - create IPUIPlugin
2025-07-23 15:07:37,850 [INFO] PluginManager:220 - loadIPPluginJar : add hash
2025-07-23 15:07:37,853 [INFO] IPUIPlugin:80 - create IPUIPlugin
2025-07-23 15:07:37,853 [INFO] PluginManager:220 - loadIPPluginJar : add i2c
2025-07-23 15:07:37,864 [INFO] IPUIPlugin:80 - create IPUIPlugin
2025-07-23 15:07:37,864 [INFO] PluginManager:220 - loadIPPluginJar : add i2s
2025-07-23 15:07:37,868 [INFO] IPUIPlugin:80 - create IPUIPlugin
2025-07-23 15:07:37,868 [INFO] PluginManager:220 - loadIPPluginJar : add i3c
2025-07-23 15:07:37,872 [INFO] IPUIPlugin:80 - create IPUIPlugin
2025-07-23 15:07:37,872 [INFO] PluginManager:220 - loadIPPluginJar : add ipddr
2025-07-23 15:07:37,880 [INFO] IPUIPlugin:80 - create IPUIPlugin
2025-07-23 15:07:37,880 [INFO] PluginManager:220 - loadIPPluginJar : add linkedlist
2025-07-23 15:07:37,882 [INFO] IPUIPlugin:80 - create IPUIPlugin
2025-07-23 15:07:37,883 [INFO] PluginManager:220 - loadIPPluginJar : add lorawan
2025-07-23 15:07:37,884 [INFO] IPUIPlugin:80 - create IPUIPlugin
2025-07-23 15:07:37,885 [INFO] PluginManager:220 - loadIPPluginJar : add ltdc
2025-07-23 15:07:37,889 [INFO] IPUIPlugin:80 - create IPUIPlugin
2025-07-23 15:07:37,889 [INFO] PluginManager:220 - loadIPPluginJar : add mdma
2025-07-23 15:07:37,892 [INFO] IPUIPlugin:80 - create IPUIPlugin
2025-07-23 15:07:37,892 [INFO] PluginManager:220 - loadIPPluginJar : add nvic
2025-07-23 15:07:37,912 [INFO] IPUIPlugin:80 - create IPUIPlugin
2025-07-23 15:07:37,912 [INFO] PluginManager:220 - loadIPPluginJar : add opamp
2025-07-23 15:07:37,916 [INFO] IPUIPlugin:80 - create IPUIPlugin
2025-07-23 15:07:37,916 [INFO] PluginManager:220 - loadIPPluginJar : add openamp
2025-07-23 15:07:37,919 [INFO] IPUIPlugin:80 - create IPUIPlugin
2025-07-23 15:07:37,919 [INFO] PluginManager:220 - loadIPPluginJar : add pdm2pcm
2025-07-23 15:07:37,926 [INFO] IPUIPlugin:80 - create IPUIPlugin
2025-07-23 15:07:37,929 [INFO] PluginManager:220 - loadIPPluginJar : add plateformsettings
2025-07-23 15:07:37,930 [INFO] IPUIPlugin:80 - create IPUIPlugin
2025-07-23 15:07:37,930 [INFO] PluginManager:220 - loadIPPluginJar : add quadspi
2025-07-23 15:07:37,933 [INFO] IPUIPlugin:80 - create IPUIPlugin
2025-07-23 15:07:37,933 [INFO] PluginManager:220 - loadIPPluginJar : add radio
2025-07-23 15:07:37,936 [INFO] IPUIPlugin:80 - create IPUIPlugin
2025-07-23 15:07:37,936 [INFO] PluginManager:220 - loadIPPluginJar : add resmgrutility
2025-07-23 15:07:37,937 [INFO] IPUIPlugin:80 - create IPUIPlugin
2025-07-23 15:07:37,938 [INFO] PluginManager:220 - loadIPPluginJar : add sai
2025-07-23 15:07:37,939 [INFO] IPUIPlugin:80 - create IPUIPlugin
2025-07-23 15:07:37,940 [INFO] PluginManager:220 - loadIPPluginJar : add spi
2025-07-23 15:07:37,944 [INFO] IPUIPlugin:80 - create IPUIPlugin
2025-07-23 15:07:37,944 [INFO] PluginManager:220 - loadIPPluginJar : add stm32_wpan
2025-07-23 15:07:37,945 [INFO] IPUIPlugin:80 - create IPUIPlugin
2025-07-23 15:07:37,945 [INFO] PluginManager:220 - loadIPPluginJar : add tim
2025-07-23 15:07:37,948 [INFO] IPUIPlugin:80 - create IPUIPlugin
2025-07-23 15:07:37,948 [INFO] PluginManager:220 - loadIPPluginJar : add touchsensing
2025-07-23 15:07:37,949 [INFO] IPUIPlugin:80 - create IPUIPlugin
2025-07-23 15:07:37,949 [INFO] PluginManager:220 - loadIPPluginJar : add tracer_emb
2025-07-23 15:07:37,950 [INFO] IPUIPlugin:80 - create IPUIPlugin
2025-07-23 15:07:37,950 [INFO] PluginManager:220 - loadIPPluginJar : add ts
2025-07-23 15:07:37,952 [INFO] IPUIPlugin:80 - create IPUIPlugin
2025-07-23 15:07:37,952 [INFO] PluginManager:220 - loadIPPluginJar : add tsc
2025-07-23 15:07:37,954 [INFO] IPUIPlugin:80 - create IPUIPlugin
2025-07-23 15:07:37,954 [INFO] PluginManager:220 - loadIPPluginJar : add ucpd
2025-07-23 15:07:37,956 [INFO] IPUIPlugin:80 - create IPUIPlugin
2025-07-23 15:07:37,956 [INFO] PluginManager:220 - loadIPPluginJar : add usart
2025-07-23 15:07:37,959 [INFO] IPUIPlugin:80 - create IPUIPlugin
2025-07-23 15:07:37,959 [INFO] PluginManager:220 - loadIPPluginJar : add usbx
2025-07-23 15:07:38,069 [FATAL] Updater:351 - Updater called before beeing initialized
2025-07-23 15:07:38,089 [INFO] RulesReader:64 - Compatibility file has been processed (317 Rules)
2025-07-23 15:07:38,103 [INFO] RulesReader:64 - Compatibility file has been processed (317 Rules)
2025-07-23 15:07:38,116 [INFO] CADModel:165 - CPN selected for project level
2025-07-23 15:07:38,117 [INFO] CADModel:114 - Register for checkConnection events
2025-07-23 15:07:38,117 [FATAL] Updater:351 - Updater called before beeing initialized
2025-07-23 15:07:38,117 [ERROR] CADModel:125 - Updater not yet initialized, retry later 
2025-07-23 15:07:38,217 [FATAL] Updater:351 - Updater called before beeing initialized
2025-07-23 15:07:38,218 [INFO] CADModel:165 - CPN selected for project level
2025-07-23 15:07:38,218 [INFO] CADModel:114 - Register for checkConnection events
2025-07-23 15:07:38,219 [FATAL] Updater:351 - Updater called before beeing initialized
2025-07-23 15:07:38,219 [ERROR] CADModel:125 - Updater not yet initialized, retry later 
2025-07-23 15:07:38,221 [FATAL] Updater:351 - Updater called before beeing initialized
2025-07-23 15:07:38,289 [FATAL] Updater:351 - Updater called before beeing initialized
2025-07-23 15:07:38,292 [INFO] DbMcusAds:53 - JSON generation date=Tue Jul 08 13:44:23 IST 2025 (1751962463562)
2025-07-23 15:07:38,293 [FATAL] Updater:351 - Updater called before beeing initialized
2025-07-23 15:07:38,313 [WARN] DetailPanel:346 - Failed to get advertising image, set to default
2025-07-23 15:07:38,367 [FATAL] Updater:351 - Updater called before beeing initialized
2025-07-23 15:07:38,369 [FATAL] Updater:351 - Updater called before beeing initialized
2025-07-23 15:07:38,369 [FATAL] Updater:351 - Updater called before beeing initialized
2025-07-23 15:07:38,369 [WARN] DetailPanel:346 - Failed to get advertising image, set to default
2025-07-23 15:07:38,369 [FATAL] Updater:351 - Updater called before beeing initialized
2025-07-23 15:07:38,400 [ERROR] Updater:1198 - MainUpdater not yet initialized. External WinMGr cannot be set.
2025-07-23 15:07:38,401 [INFO] Updater:1134 - Updater Version found : 6.15.0
2025-07-23 15:07:38,414 [INFO] ApplicationProperties:184 - Using Application install path: C:\ST\STM32CubeIDE_1.19.0\STM32CubeIDE\plugins\com.st.stm32cube.common.mx_6.15.0.202507011659
2025-07-23 15:07:39,977 [ERROR] LogOutputStream:75 - [STDERR_REDIRECT] Jul 23, 2025 3:07:39 PM java.util.prefs.WindowsPreferences <init>
2025-07-23 15:07:39,978 [ERROR] LogOutputStream:75 - [STDERR_REDIRECT] WARNING: Could not open/create prefs root node Software\JavaSoft\Prefs at root 0xffffffff80000002. Windows RegCreateKeyEx(...) returned error code 5.
2025-07-23 15:07:39,978 [ERROR] LogOutputStream:75 - [STDERR_REDIRECT] 
2025-07-23 15:07:40,219 [INFO] MainUpdater:2872 - connection check result : 10
2025-07-23 15:07:40,221 [INFO] MainUpdater:289 - Updater Check For Update Now.
2025-07-23 15:07:40,221 [INFO] MicroXplorer:498 - Change Database Version : DB.6.0.150
2025-07-23 15:07:40,226 [INFO] McuFinderGlobals:63 - Set McuFinder mode to 2 (CubeIDE integrated)
2025-07-23 15:07:40,227 [INFO] UserAuth:487 - Internet connection configuration mode: 1
2025-07-23 15:07:40,245 [INFO] JxBrowserEngine:152 - Initiate JxBrowser Engine with user profile folder
2025-07-23 15:07:40,290 [WARN] MainUpdater:1193 - Updater busy. Cannot search thirdparties
2025-07-23 15:07:40,290 [INFO] ThirdPartyUpdaterWithRetryManager:96 - Updater plugin is busy. [1/15]
2025-07-23 15:07:40,384 [INFO] CheckServerUpdateThread:120 - End of CheckServer Thread
2025-07-23 15:07:40,797 [INFO] WebApp:169 - Instantiating new browser for Auth
2025-07-23 15:07:41,361 [INFO] WebApp:463 - Apply proxy settings
2025-07-23 15:07:41,361 [INFO] WebApp:548 - Chromium requires no authentication
2025-07-23 15:07:41,368 [INFO] WebApp:491 - Direct internet connection detected
2025-07-23 15:07:41,384 [INFO] WebApp:900 - Register for checkConnection events
2025-07-23 15:07:41,385 [INFO] WebApp:463 - Apply proxy settings
2025-07-23 15:07:41,385 [INFO] WebApp:548 - Chromium requires no authentication
2025-07-23 15:07:41,385 [INFO] WebApp:491 - Direct internet connection detected
2025-07-23 15:07:41,496 [INFO] WebApp:225 - Starting web application
2025-07-23 15:07:41,496 [INFO] WebApp:593 - Web application path used C:\ST\STM32CubeIDE_1.19.0\STM32CubeIDE\plugins\com.st.stm32cube.common.mx_6.15.0.202507011659\db\plugins\mcufinder\reactClient1\index.html
2025-07-23 15:07:41,555 [INFO] UserAuth:487 - Internet connection configuration mode: 1
2025-07-23 15:07:41,740 [INFO] WebApp:191 - Connection restablished
2025-07-23 15:07:43,411 [WARN] PackLoader:240 - Cannot read IP mode file for STMicroelectronics.FP-SNS-MOTENVWB1.1.4.0
2025-07-23 15:07:43,419 [WARN] PackLoader:240 - Cannot read IP mode file for STMicroelectronics.FP-ATR-ASTRA1.2.0.2
2025-07-23 15:07:43,427 [WARN] PackLoader:240 - Cannot read IP mode file for STMicroelectronics.X-CUBE-SMBUS.2.1.0
2025-07-23 15:07:43,429 [WARN] PackLoader:240 - Cannot read IP mode file for STMicroelectronics.X-CUBE-ST60.1.0.0
2025-07-23 15:07:43,460 [WARN] PackLoader:240 - Cannot read IP mode file for STMicroelectronics.X-CUBE-AZRTOS-F7.1.1.0
2025-07-23 15:07:43,481 [WARN] PackLoader:240 - Cannot read IP mode file for Infineon.AIROC-Wi-Fi-Bluetooth-STM32.1.7.1
2025-07-23 15:07:43,498 [WARN] PackLoader:240 - Cannot read IP mode file for STMicroelectronics.X-CUBE-AZRTOS-H7.3.4.0
2025-07-23 15:07:43,504 [WARN] PackLoader:240 - Cannot read IP mode file for STMicroelectronics.X-CUBE-DISPLAY.3.0.0
2025-07-23 15:07:43,514 [WARN] PackLoader:240 - Cannot read IP mode file for STMicroelectronics.X-CUBE-NFC10.1.0.0
2025-07-23 15:07:43,520 [WARN] PackLoader:240 - Cannot read IP mode file for emotas.I-CUBE-CANOPEN.1.3.0
2025-07-23 15:07:43,523 [WARN] PackLoader:240 - Cannot read IP mode file for STMicroelectronics.FP-SNS-SMARTAG2.1.2.0
2025-07-23 15:07:43,526 [WARN] PackLoader:240 - Cannot read IP mode file for STMicroelectronics.FP-SNS-FLIGHT1.5.1.0
2025-07-23 15:07:43,532 [INFO] LogOutputStream:77 - [STDOUT_REDIRECT] 1 : Invalid condition id : UX_CORESTACK_Condition cause : null
2025-07-23 15:07:43,533 [INFO] LogOutputStream:77 - [STDOUT_REDIRECT] 1 : Invalid condition id : UX_CORESTACK_Condition cause : null
2025-07-23 15:07:43,534 [INFO] LogOutputStream:77 - [STDOUT_REDIRECT] 1 : Invalid condition id : UX_CORESTACK_Condition cause : null
2025-07-23 15:07:43,534 [INFO] LogOutputStream:77 - [STDOUT_REDIRECT] 1 : Invalid condition id : UX_CORESTACK_Condition cause : null
2025-07-23 15:07:43,536 [INFO] LogOutputStream:77 - [STDOUT_REDIRECT] 1 : Invalid condition id : UX_CORESTACK_Condition cause : null
2025-07-23 15:07:43,539 [WARN] PackLoader:240 - Cannot read IP mode file for STMicroelectronics.X-CUBE-AZRTOS-WL.2.0.0
2025-07-23 15:07:43,544 [WARN] PackLoader:240 - Cannot read IP mode file for STMicroelectronics.FP-SNS-MOTENV1.5.0.0
2025-07-23 15:07:43,551 [WARN] PackLoader:240 - Cannot read IP mode file for WES.I-CUBE-Cesium.1.3.0
2025-07-23 15:07:43,555 [WARN] PackLoader:240 - Cannot read IP mode file for STMicroelectronics.X-CUBE-BLE2.3.3.0
2025-07-23 15:07:43,559 [WARN] PackLoader:240 - Cannot read IP mode file for STMicroelectronics.X-CUBE-NFC9.1.0.0
2025-07-23 15:07:43,563 [WARN] PackLoader:240 - Cannot read IP mode file for wolfSSL.I-CUBE-wolfSSL.5.8.0
2025-07-23 15:07:43,566 [WARN] PackLoader:240 - Cannot read IP mode file for STMicroelectronics.X-CUBE-BLE1.7.1.0
2025-07-23 15:07:43,568 [WARN] PackLoader:240 - Cannot read IP mode file for wolfSSL.I-CUBE-wolfMQTT.1.19.2
2025-07-23 15:07:43,573 [WARN] PackLoader:240 - Cannot read IP mode file for STMicroelectronics.X-CUBE-EEPRMA1.5.2.0
2025-07-23 15:07:43,577 [WARN] PackLoader:240 - Cannot read IP mode file for STMicroelectronics.X-CUBE-AI.10.1.0
2025-07-23 15:07:43,588 [WARN] PackLoader:240 - Cannot read IP mode file for STMicroelectronics.X-CUBE-AZRTOS-G0.1.1.0
2025-07-23 15:07:43,593 [WARN] PackLoader:240 - Cannot read IP mode file for STMicroelectronics.X-CUBE-SAFEA1.1.2.2
2025-07-23 15:07:43,596 [WARN] PackLoader:240 - Cannot read IP mode file for STMicroelectronics.X-CUBE-NFC4.3.0.0
2025-07-23 15:07:43,603 [WARN] PackLoader:240 - Cannot read IP mode file for EmbeddedOffice.I-CUBE-FS-RTOS.1.0.1
2025-07-23 15:07:43,607 [WARN] PackLoader:240 - Cannot read IP mode file for STMicroelectronics.X-CUBE-WB05N.2.0.0
2025-07-23 15:07:43,609 [WARN] PackLoader:240 - Cannot read IP mode file for wolfSSL.I-CUBE-wolfTPM.3.8.0
2025-07-23 15:07:43,613 [WARN] PackLoader:240 - Cannot read IP mode file for STMicroelectronics.X-CUBE-TCPP.4.2.0
2025-07-23 15:07:43,626 [WARN] PackLoader:240 - Cannot read IP mode file for RealThread.X-CUBE-RT-Thread_Nano.4.1.1
2025-07-23 15:07:43,631 [WARN] PackLoader:240 - Cannot read IP mode file for STMicroelectronics.FP-ATR-SIGFOX1.3.2.0
2025-07-23 15:07:43,637 [WARN] PackLoader:240 - Cannot read IP mode file for ITTIA_DB.I-CUBE-ITTIADB.8.9.0
2025-07-23 15:07:43,642 [WARN] PackLoader:240 - Cannot read IP mode file for STMicroelectronics.X-CUBE-ST67W61.1.0.0
2025-07-23 15:07:43,668 [WARN] PackLoader:240 - Cannot read IP mode file for SEGGER.I-CUBE-embOS.1.3.1
2025-07-23 15:07:43,761 [WARN] PackLoader:240 - Cannot read IP mode file for STMicroelectronics.X-CUBE-ALGOBUILD.1.4.0
2025-07-23 15:07:43,831 [WARN] PackLoader:240 - Cannot read IP mode file for STMicroelectronics.X-CUBE-MEMS1.11.3.0
2025-07-23 15:07:43,911 [WARN] PackLoader:240 - Cannot read IP mode file for STMicroelectronics.X-CUBE-PM33A1.1.0.0
2025-07-23 15:07:43,920 [WARN] PackLoader:240 - Cannot read IP mode file for STMicroelectronics.X-CUBE-AZRTOS-F4.1.1.0
2025-07-23 15:07:43,923 [WARN] PackLoader:240 - Cannot read IP mode file for STMicroelectronics.X-CUBE-ISPU.2.1.0
2025-07-23 15:07:43,927 [WARN] PackLoader:240 - Cannot read IP mode file for STMicroelectronics.X-CUBE-NFC12.1.0.0
2025-07-23 15:07:43,937 [WARN] PackLoader:240 - Cannot read IP mode file for STMicroelectronics.X-CUBE-AZRTOS-L5.2.0.0
2025-07-23 15:07:43,944 [WARN] PackLoader:240 - Cannot read IP mode file for STMicroelectronics.X-CUBE-NFC6.3.1.0
2025-07-23 15:07:43,949 [WARN] PackLoader:240 - Cannot read IP mode file for STMicroelectronics.X-CUBE-FREERTOS.1.3.1
2025-07-23 15:07:43,953 [WARN] PackLoader:240 - Cannot read IP mode file for STMicroelectronics.FP-SNS-STAIOTCFT.1.0.0
2025-07-23 15:07:43,957 [WARN] PackLoader:240 - Cannot read IP mode file for STMicroelectronics.X-CUBE-DPower.1.3.0
2025-07-23 15:07:43,967 [WARN] ConditionMgr:438 - getConditionDescription Invalid condition id : LAN8742 Phy interface Condition cause : null
2025-07-23 15:07:43,967 [WARN] PackLoader:240 - Cannot read IP mode file for STMicroelectronics.X-CUBE-AZRTOS-L4.2.0.0
2025-07-23 15:07:43,968 [WARN] ConditionMgr:1044 - genDependencies : Invalid condition id : LAN8742 Phy interface Condition cause : null
2025-07-23 15:07:43,968 [WARN] ConditionMgr:1044 - genDependencies : Invalid condition id : LAN8742 Phy interface Condition cause : null
2025-07-23 15:07:43,968 [WARN] ConditionMgr:1044 - genDependencies : Invalid condition id : LAN8742 Phy interface Condition cause : null
2025-07-23 15:07:43,972 [WARN] PackLoader:240 - Cannot read IP mode file for STMicroelectronics.X-CUBE-SFXS2LP1.4.0.0
2025-07-23 15:07:43,978 [WARN] PackLoader:240 - Cannot read IP mode file for STMicroelectronics.X-CUBE-BLEMGR.4.1.0
2025-07-23 15:07:43,988 [WARN] ConditionMgr:438 - getConditionDescription Invalid condition id : UX DEVICE CLASS RTOS Condition cause : null
2025-07-23 15:07:43,988 [WARN] ConditionMgr:438 - getConditionDescription Invalid condition id : UX DEVICE CLASS RTOS Condition cause : null
2025-07-23 15:07:43,989 [WARN] PackLoader:240 - Cannot read IP mode file for STMicroelectronics.X-CUBE-AZRTOS-WB.2.0.0
2025-07-23 15:07:43,989 [WARN] ConditionMgr:1044 - genDependencies : Invalid condition id : UX DEVICE CLASS RTOS Condition cause : null
2025-07-23 15:07:43,989 [WARN] ConditionMgr:1044 - genDependencies : Invalid condition id : UX DEVICE CLASS RTOS Condition cause : null
2025-07-23 15:07:43,989 [WARN] ConditionMgr:1044 - genDependencies : Invalid condition id : UX DEVICE CLASS RTOS Condition cause : null
2025-07-23 15:07:43,989 [WARN] ConditionMgr:1044 - genDependencies : Invalid condition id : UX DEVICE CLASS RTOS Condition cause : null
2025-07-23 15:07:43,989 [WARN] ConditionMgr:1044 - genDependencies : Invalid condition id : UX DEVICE CLASS RTOS Condition cause : null
2025-07-23 15:07:43,993 [WARN] PackLoader:240 - Cannot read IP mode file for STMicroelectronics.X-CUBE-GNSS1.7.0.1
2025-07-23 15:07:43,997 [WARN] PackLoader:240 - Cannot read IP mode file for STMicroelectronics.X-CUBE-TOUCHGFX.4.25.0
2025-07-23 15:07:43,999 [WARN] PackLoader:240 - Cannot read IP mode file for STMicroelectronics.FP-SNS-STBOX1.2.0.0
2025-07-23 15:07:44,003 [WARN] ConditionMgr:438 - getConditionDescription Invalid condition id : Cortex-A Device cause : null
2025-07-23 15:07:44,012 [WARN] ConditionMgr:1044 - genDependencies : Invalid condition id : Cortex-A Device cause : null
2025-07-23 15:07:44,012 [WARN] ConditionMgr:1044 - genDependencies : Invalid condition id : Cortex-A Device cause : null
2025-07-23 15:07:44,012 [WARN] ConditionMgr:1044 - genDependencies : Invalid condition id : Cortex-A Device cause : null
2025-07-23 15:07:44,025 [WARN] PackLoader:240 - Cannot read IP mode file for STMicroelectronics.X-CUBE-SUBG2.5.0.0
2025-07-23 15:07:44,037 [WARN] PackLoader:240 - Cannot read IP mode file for STMicroelectronics.X-CUBE-AZRTOS-H7RS.1.1.0
2025-07-23 15:07:44,042 [WARN] PackLoader:240 - Cannot read IP mode file for Cesanta.I-CUBE-Mongoose.7.13.0
2025-07-23 15:07:44,048 [WARN] PackLoader:240 - Cannot read IP mode file for STMicroelectronics.X-CUBE-AZRTOS-G4.2.0.0
2025-07-23 15:07:44,053 [WARN] PackLoader:240 - Cannot read IP mode file for wolfSSL.I-CUBE-wolfSSH.1.4.20
2025-07-23 15:07:44,056 [WARN] PackLoader:240 - Cannot read IP mode file for STMicroelectronics.X-CUBE-NFC7.2.0.0
2025-07-23 15:07:44,065 [WARN] PackLoader:240 - Cannot read IP mode file for STMicroelectronics.X-CUBE-IPS.3.1.0
2025-07-23 15:07:44,070 [WARN] PackLoader:240 - Cannot read IP mode file for STMicroelectronics.X-CUBE-ALS.1.0.2
2025-07-23 15:07:44,074 [WARN] PackLoader:240 - Cannot read IP mode file for portGmbH.I-Cube-SoM-uGOAL.1.1.0
2025-07-23 15:07:44,080 [WARN] PackLoader:240 - Cannot read IP mode file for STMicroelectronics.X-CUBE-TOF1.3.4.3
2025-07-23 15:07:44,087 [INFO] ThirdParty:978 - Integrity check success = true
2025-07-23 15:07:44,087 [INFO] IntegrityCheckThread:100 - exiting critical section [integrity check]
2025-07-23 15:07:44,087 [INFO] IntegrityCheckThread:103 - End integrity checks thread
2025-07-23 15:08:28,128 [ERROR] LogOutputStream:75 - [STDERR_REDIRECT] 
2025-07-23 15:08:28,135 [ERROR] LogOutputStream:75 - [STDERR_REDIRECT] 
