2025-04-02 01:20:29,727 [INFO] Activator:176 - 


2025-04-02 01:20:29,740 [INFO] Activator:177 - !SESSION log4j initialized
2025-04-02 01:20:55,628 [INFO] LogOutputStream:77 - [STDOUT_REDIRECT] 
2025-04-02 01:20:58,402 [INFO] ApplicationProperties:184 - Using Application install path: C:\ST\STM32CubeIDE_1.16.0\STM32CubeIDE\plugins\com.st.stm32cube.common.mx_6.14.0.202502271554
2025-04-02 01:20:58,439 [INFO] DbMcusXml:78 - Set database path to: C:\ST\STM32CubeIDE_1.16.0\STM32CubeIDE\plugins\com.st.stm32cube.common.mx_6.14.0.202502271554\\db\/mcu/
2025-04-02 01:20:58,439 [INFO] ApiDb:274 - Set plugin database path to: C:\ST\STM32CubeIDE_1.16.0\STM32CubeIDE\plugins\com.st.stm32cube.common.mx_6.14.0.202502271554\\db\/plugins/boardmanager/
2025-04-02 01:20:58,440 [WARN] ApiDb:259 - Overriding images path with different value:  => C:\ST\STM32CubeIDE_1.16.0\STM32CubeIDE\plugins\com.st.stm32cube.common.mx_6.14.0.202502271554\\db\/plugins/mcufinder/images/
2025-04-02 01:20:58,454 [INFO] ApiDb:250 - Set database path to: C:\Users\hashara\.stmcufinder\plugins\mcufinder//mcu/
2025-04-02 01:20:58,456 [INFO] DbMcusAds:125 - Set database path to: C:\Users\hashara\.stmcufinder\plugins\mcufinder//mcu/
2025-04-02 01:20:58,466 [INFO] CrossReferenceDbSqlite:203 - Set database path to: C:\Users\hashara\.stmcufinder\plugins\mcufinder//mcu/cs/
2025-04-02 01:20:58,684 [INFO] RulesReader:64 - Compatibility file has been processed (301 Rules)
2025-04-02 01:20:58,850 [INFO] DbMcusXml:78 - Set database path to: C:\ST\STM32CubeIDE_1.16.0\STM32CubeIDE\plugins\com.st.stm32cube.common.mx_6.14.0.202502271554\\db\/mcu/
2025-04-02 01:20:58,851 [INFO] ApiDb:274 - Set plugin database path to: C:\ST\STM32CubeIDE_1.16.0\STM32CubeIDE\plugins\com.st.stm32cube.common.mx_6.14.0.202502271554\\db\/plugins/boardmanager/
2025-04-02 01:20:58,851 [INFO] ApiDb:261 - Set plugin images path to: C:\ST\STM32CubeIDE_1.16.0\STM32CubeIDE\plugins\com.st.stm32cube.common.mx_6.14.0.202502271554\\db\/plugins/mcufinder/images/
2025-04-02 01:20:58,851 [WARN] DbFile:41 - Overriding database path with different value: C:\Users\hashara\.stmcufinder\plugins\mcufinder/ => C:\Users\hashara\.stmcufinder\plugins\mcufinder
2025-04-02 01:20:58,851 [INFO] ApiDb:250 - Set database path to: C:\Users\hashara\.stmcufinder\plugins\mcufinder//mcu/
2025-04-02 01:20:58,851 [WARN] DbFile:41 - Overriding database path with different value: C:\Users\hashara\.stmcufinder\plugins\mcufinder/ => C:\Users\hashara\.stmcufinder\plugins\mcufinder
2025-04-02 01:20:58,851 [INFO] DbMcusAds:125 - Set database path to: C:\Users\hashara\.stmcufinder\plugins\mcufinder//mcu/
2025-04-02 01:20:58,851 [WARN] DbFile:41 - Overriding database path with different value: C:\Users\hashara\.stmcufinder\plugins\mcufinder/ => C:\Users\hashara\.stmcufinder\plugins\mcufinder
2025-04-02 01:20:58,851 [WARN] DbFile:41 - Overriding database path with different value: C:\Users\hashara\.stmcufinder\plugins\mcufinder/ => C:\Users\hashara\.stmcufinder\plugins\mcufinder
2025-04-02 01:20:58,851 [INFO] CrossReferenceDbSqlite:203 - Set database path to: C:\Users\hashara\.stmcufinder\plugins\mcufinder//mcu/cs/
2025-04-02 01:20:58,996 [INFO] MainPanel:272 - HeapMemory: 268435456
2025-04-02 01:20:59,221 [INFO] DbMcusXml:78 - Set database path to: C:\ST\STM32CubeIDE_1.16.0\STM32CubeIDE\plugins\com.st.stm32cube.common.mx_6.14.0.202502271554\\db\/mcu/
2025-04-02 01:20:59,222 [INFO] ApiDb:274 - Set plugin database path to: C:\ST\STM32CubeIDE_1.16.0\STM32CubeIDE\plugins\com.st.stm32cube.common.mx_6.14.0.202502271554\\db\/plugins/boardmanager/
2025-04-02 01:20:59,222 [INFO] ApiDb:261 - Set plugin images path to: C:\ST\STM32CubeIDE_1.16.0\STM32CubeIDE\plugins\com.st.stm32cube.common.mx_6.14.0.202502271554\\db\/plugins/mcufinder/images/
2025-04-02 01:20:59,223 [WARN] DbFile:41 - Overriding database path with different value: C:\Users\hashara\.stmcufinder\plugins\mcufinder/ => C:\Users\hashara\.stmcufinder\plugins\mcufinder
2025-04-02 01:20:59,223 [INFO] ApiDb:250 - Set database path to: C:\Users\hashara\.stmcufinder\plugins\mcufinder//mcu/
2025-04-02 01:20:59,223 [WARN] DbFile:41 - Overriding database path with different value: C:\Users\hashara\.stmcufinder\plugins\mcufinder/ => C:\Users\hashara\.stmcufinder\plugins\mcufinder
2025-04-02 01:20:59,224 [INFO] DbMcusAds:125 - Set database path to: C:\Users\hashara\.stmcufinder\plugins\mcufinder//mcu/
2025-04-02 01:20:59,224 [WARN] DbFile:41 - Overriding database path with different value: C:\Users\hashara\.stmcufinder\plugins\mcufinder/ => C:\Users\hashara\.stmcufinder\plugins\mcufinder
2025-04-02 01:20:59,224 [WARN] DbFile:41 - Overriding database path with different value: C:\Users\hashara\.stmcufinder\plugins\mcufinder/ => C:\Users\hashara\.stmcufinder\plugins\mcufinder
2025-04-02 01:20:59,224 [INFO] CrossReferenceDbSqlite:203 - Set database path to: C:\Users\hashara\.stmcufinder\plugins\mcufinder//mcu/cs/
2025-04-02 01:20:59,272 [INFO] ApplicationProperties:184 - Using Application install path: C:\ST\STM32CubeIDE_1.16.0\STM32CubeIDE\plugins\com.st.stm32cube.common.mx_6.14.0.202502271554
2025-04-02 01:20:59,275 [INFO] PluginManage:196 - Search for loadable plugins [exclusion list=, ]
2025-04-02 01:20:59,277 [INFO] PluginManage:310 - Check plugin analytics
2025-04-02 01:20:59,648 [INFO] AnalyticsPlugin:253 - Accepted Software Licenses: 
2025-04-02 01:20:59,648 [INFO] AnalyticsPlugin:255 - Accepted CMSIS Pack Licenses: 
2025-04-02 01:20:59,649 [INFO] AnalyticsPlugin:257 - Accepted Firmware Licenses: FW.F4.1.28.0,FW.L5.1.5.0,FW.H7.1.11.0,FW.WB.1.21.0,FW.WL.1.3.0
2025-04-02 01:20:59,661 [INFO] PluginManage:359 - Loaded plugin analytics (category:tool,tabindex:-1)
2025-04-02 01:20:59,663 [INFO] PluginManage:310 - Check plugin cadmodel
2025-04-02 01:20:59,707 [INFO] CADModel:105 - Init CAD model plugin
2025-04-02 01:20:59,708 [INFO] PluginManage:359 - Loaded plugin cadmodel (category:power,tabindex:5)
2025-04-02 01:20:59,708 [INFO] PluginManage:310 - Check plugin clock
2025-04-02 01:20:59,753 [INFO] PluginManage:359 - Loaded plugin clock (category:base,tabindex:2)
2025-04-02 01:20:59,754 [INFO] PluginManage:310 - Check plugin ddr
2025-04-02 01:20:59,758 [INFO] PluginManage:359 - Loaded plugin ddr (category:tool,tabindex:6)
2025-04-02 01:20:59,758 [INFO] PluginManage:310 - Check plugin filemanager
2025-04-02 01:21:00,046 [INFO] PluginManage:359 - Loaded plugin filemanager (category:base,tabindex:10)
2025-04-02 01:21:00,046 [INFO] PluginManage:310 - Check plugin ipmanager
2025-04-02 01:21:00,059 [INFO] PluginManage:359 - Loaded plugin ipmanager (category:base,tabindex:5)
2025-04-02 01:21:00,059 [INFO] PluginManage:310 - Check plugin lpbam
2025-04-02 01:21:00,103 [INFO] PluginManage:359 - Loaded plugin lpbam (category:base,tabindex:0)
2025-04-02 01:21:00,103 [INFO] PluginManage:310 - Check plugin memorymap
2025-04-02 01:21:00,170 [INFO] PluginManage:359 - Loaded plugin memorymap (category:base,tabindex:4)
2025-04-02 01:21:00,170 [INFO] PluginManage:310 - Check plugin pinoutandconfiguration
2025-04-02 01:21:00,219 [INFO] PluginManage:359 - Loaded plugin pinoutandconfiguration (category:base,tabindex:1)
2025-04-02 01:21:00,219 [INFO] PluginManage:310 - Check plugin pinoutconfig
2025-04-02 01:21:00,478 [WARN] SupportedApi:132 - Cannot load RTOS API schema: s4s-elt-must-match.1: The content of 'definitions' must match (annotation?, (simpleType | complexType)?, (unique | key | keyref)*)). A problem was found starting at: attribute.
2025-04-02 01:21:00,794 [INFO] PluginManage:359 - Loaded plugin pinoutconfig (category:base,tabindex:0)
2025-04-02 01:21:00,795 [INFO] PluginManage:310 - Check plugin power
2025-04-02 01:21:00,835 [INFO] PluginManage:359 - Loaded plugin power (category:power,tabindex:4)
2025-04-02 01:21:00,836 [INFO] PluginManage:310 - Check plugin projectmanager
2025-04-02 01:21:00,863 [INFO] PluginManage:359 - Loaded plugin projectmanager (category:projectmanager,tabindex:4)
2025-04-02 01:21:00,863 [INFO] PluginManage:310 - Check plugin rif
2025-04-02 01:21:00,896 [INFO] PluginManage:359 - Loaded plugin rif (category:base,tabindex:3)
2025-04-02 01:21:00,897 [INFO] PluginManage:310 - Check plugin thirdparty
2025-04-02 01:21:01,495 [INFO] PluginManage:359 - Loaded plugin thirdparty (category:base,tabindex:-1)
2025-04-02 01:21:01,495 [WARN] IntegrityCheckThread:84 - waiting for thirdparty lock release [integrity check]
2025-04-02 01:21:01,495 [INFO] PluginManage:310 - Check plugin tools
2025-04-02 01:21:01,495 [INFO] IntegrityCheckThread:86 - entering critical section [integrity check]
2025-04-02 01:21:01,496 [INFO] ThirdPartyUpdaterWithRetryManager:70 - Updater plugin not ready yet. [1/15]
2025-04-02 01:21:01,608 [INFO] PluginManage:359 - Loaded plugin tools (category:base,tabindex:7)
2025-04-02 01:21:01,609 [INFO] PluginManage:310 - Check plugin tutovideos
2025-04-02 01:21:02,206 [INFO] PluginManage:359 - Loaded plugin tutovideos (category:base,tabindex:-1)
2025-04-02 01:21:02,206 [INFO] PluginManage:310 - Check plugin updater
2025-04-02 01:21:02,269 [INFO] PluginManage:359 - Loaded plugin updater (category:base,tabindex:12)
2025-04-02 01:21:02,270 [INFO] PluginManage:310 - Check plugin userauth
2025-04-02 01:21:02,282 [INFO] UserAuth:118 - Init User Auth plugin
2025-04-02 01:21:02,285 [INFO] PluginManage:359 - Loaded plugin userauth (category:base,tabindex:14)
2025-04-02 01:21:02,287 [INFO] PluginManage:283 - PluginManage : Loaded plugins [18]
2025-04-02 01:21:03,071 [INFO] PinOutPanel:1589 - setPackage(No Configuration,No Configuration)
2025-04-02 01:21:03,368 [INFO] CADModel:165 - CPN selected for project level
2025-04-02 01:21:03,369 [INFO] CADModel:114 - Register for checkConnection events
2025-04-02 01:21:03,450 [INFO] IPUIPlugin:80 - create IPUIPlugin
2025-04-02 01:21:03,450 [INFO] PluginManager:220 - loadIPPluginJar : add adc
2025-04-02 01:21:03,593 [INFO] IPUIPlugin:80 - create IPUIPlugin
2025-04-02 01:21:03,593 [INFO] PluginManager:220 - loadIPPluginJar : add aes
2025-04-02 01:21:03,750 [INFO] IPUIPlugin:80 - create IPUIPlugin
2025-04-02 01:21:03,750 [INFO] PluginManager:220 - loadIPPluginJar : add can
2025-04-02 01:21:03,851 [INFO] IPUIPlugin:80 - create IPUIPlugin
2025-04-02 01:21:03,851 [INFO] PluginManager:220 - loadIPPluginJar : add comp
2025-04-02 01:21:03,974 [INFO] IPUIPlugin:80 - create IPUIPlugin
2025-04-02 01:21:03,974 [INFO] PluginManager:220 - loadIPPluginJar : add cryp
2025-04-02 01:21:04,012 [INFO] IPUIPlugin:80 - create IPUIPlugin
2025-04-02 01:21:04,013 [INFO] PluginManager:220 - loadIPPluginJar : add ddr_ctrl_phy
2025-04-02 01:21:04,139 [INFO] IPUIPlugin:80 - create IPUIPlugin
2025-04-02 01:21:04,140 [INFO] PluginManager:220 - loadIPPluginJar : add dfsdm
2025-04-02 01:21:04,187 [INFO] IPUIPlugin:80 - create IPUIPlugin
2025-04-02 01:21:04,188 [INFO] PluginManager:220 - loadIPPluginJar : add dma
2025-04-02 01:21:04,344 [INFO] IPUIPlugin:80 - create IPUIPlugin
2025-04-02 01:21:04,345 [INFO] PluginManager:220 - loadIPPluginJar : add dma3
2025-04-02 01:21:04,497 [INFO] ThirdPartyUpdaterWithRetryManager:70 - Updater plugin not ready yet. [2/15]
2025-04-02 01:21:04,512 [INFO] IPUIPlugin:80 - create IPUIPlugin
2025-04-02 01:21:04,512 [INFO] PluginManager:220 - loadIPPluginJar : add extmemmanager
2025-04-02 01:21:04,593 [INFO] IPUIPlugin:80 - create IPUIPlugin
2025-04-02 01:21:04,593 [INFO] PluginManager:220 - loadIPPluginJar : add fatfs
2025-04-02 01:21:04,778 [INFO] IPUIPlugin:80 - create IPUIPlugin
2025-04-02 01:21:04,779 [INFO] PluginManager:220 - loadIPPluginJar : add fmc
2025-04-02 01:21:04,833 [INFO] IPUIPlugin:80 - create IPUIPlugin
2025-04-02 01:21:04,834 [INFO] PluginManager:220 - loadIPPluginJar : add freertos
2025-04-02 01:21:04,904 [INFO] IPUIPlugin:80 - create IPUIPlugin
2025-04-02 01:21:04,905 [INFO] PluginManager:220 - loadIPPluginJar : add genericplugin
2025-04-02 01:21:05,261 [INFO] IPUIPlugin:80 - create IPUIPlugin
2025-04-02 01:21:05,262 [INFO] PluginManager:220 - loadIPPluginJar : add gfxmmu
2025-04-02 01:21:05,790 [INFO] IPUIPlugin:80 - create IPUIPlugin
2025-04-02 01:21:05,791 [INFO] PluginManager:220 - loadIPPluginJar : add gic
2025-04-02 01:21:05,834 [INFO] IPUIPlugin:80 - create IPUIPlugin
2025-04-02 01:21:05,834 [INFO] PluginManager:220 - loadIPPluginJar : add gpio
2025-04-02 01:21:06,196 [INFO] IPUIPlugin:80 - create IPUIPlugin
2025-04-02 01:21:06,197 [INFO] PluginManager:220 - loadIPPluginJar : add gtzc
2025-04-02 01:21:06,322 [INFO] IPUIPlugin:80 - create IPUIPlugin
2025-04-02 01:21:06,322 [INFO] PluginManager:220 - loadIPPluginJar : add hash
2025-04-02 01:21:06,523 [INFO] IPUIPlugin:80 - create IPUIPlugin
2025-04-02 01:21:06,524 [INFO] PluginManager:220 - loadIPPluginJar : add i2c
2025-04-02 01:21:06,658 [INFO] IPUIPlugin:80 - create IPUIPlugin
2025-04-02 01:21:06,659 [INFO] PluginManager:220 - loadIPPluginJar : add i2s
2025-04-02 01:21:06,803 [INFO] IPUIPlugin:80 - create IPUIPlugin
2025-04-02 01:21:06,803 [INFO] PluginManager:220 - loadIPPluginJar : add i3c
2025-04-02 01:21:07,200 [INFO] IPUIPlugin:80 - create IPUIPlugin
2025-04-02 01:21:07,201 [INFO] PluginManager:220 - loadIPPluginJar : add ipddr
2025-04-02 01:21:07,499 [INFO] ThirdPartyUpdaterWithRetryManager:70 - Updater plugin not ready yet. [3/15]
2025-04-02 01:21:07,553 [INFO] IPUIPlugin:80 - create IPUIPlugin
2025-04-02 01:21:07,554 [INFO] PluginManager:220 - loadIPPluginJar : add linkedlist
2025-04-02 01:21:07,666 [INFO] IPUIPlugin:80 - create IPUIPlugin
2025-04-02 01:21:07,666 [INFO] PluginManager:220 - loadIPPluginJar : add lorawan
2025-04-02 01:21:07,807 [INFO] IPUIPlugin:80 - create IPUIPlugin
2025-04-02 01:21:07,808 [INFO] PluginManager:220 - loadIPPluginJar : add ltdc
2025-04-02 01:21:07,860 [INFO] IPUIPlugin:80 - create IPUIPlugin
2025-04-02 01:21:07,861 [INFO] PluginManager:220 - loadIPPluginJar : add mdma
2025-04-02 01:21:07,895 [INFO] IPUIPlugin:80 - create IPUIPlugin
2025-04-02 01:21:07,895 [INFO] PluginManager:220 - loadIPPluginJar : add nvic
2025-04-02 01:21:08,052 [INFO] IPUIPlugin:80 - create IPUIPlugin
2025-04-02 01:21:08,052 [INFO] PluginManager:220 - loadIPPluginJar : add opamp
2025-04-02 01:21:08,327 [INFO] IPUIPlugin:80 - create IPUIPlugin
2025-04-02 01:21:08,328 [INFO] PluginManager:220 - loadIPPluginJar : add openamp
2025-04-02 01:21:08,496 [INFO] IPUIPlugin:80 - create IPUIPlugin
2025-04-02 01:21:08,496 [INFO] PluginManager:220 - loadIPPluginJar : add pdm2pcm
2025-04-02 01:21:08,532 [INFO] IPUIPlugin:80 - create IPUIPlugin
2025-04-02 01:21:08,539 [INFO] PluginManager:220 - loadIPPluginJar : add plateformsettings
2025-04-02 01:21:08,637 [INFO] IPUIPlugin:80 - create IPUIPlugin
2025-04-02 01:21:08,638 [INFO] PluginManager:220 - loadIPPluginJar : add quadspi
2025-04-02 01:21:08,744 [INFO] IPUIPlugin:80 - create IPUIPlugin
2025-04-02 01:21:08,746 [INFO] PluginManager:220 - loadIPPluginJar : add radio
2025-04-02 01:21:08,794 [INFO] IPUIPlugin:80 - create IPUIPlugin
2025-04-02 01:21:08,795 [INFO] PluginManager:220 - loadIPPluginJar : add resmgrutility
2025-04-02 01:21:08,974 [INFO] IPUIPlugin:80 - create IPUIPlugin
2025-04-02 01:21:08,975 [INFO] PluginManager:220 - loadIPPluginJar : add sai
2025-04-02 01:21:09,108 [INFO] IPUIPlugin:80 - create IPUIPlugin
2025-04-02 01:21:09,109 [INFO] PluginManager:220 - loadIPPluginJar : add spi
2025-04-02 01:21:09,407 [INFO] IPUIPlugin:80 - create IPUIPlugin
2025-04-02 01:21:09,408 [INFO] PluginManager:220 - loadIPPluginJar : add stm32_wpan
2025-04-02 01:21:09,501 [INFO] IPUIPlugin:80 - create IPUIPlugin
2025-04-02 01:21:09,501 [INFO] PluginManager:220 - loadIPPluginJar : add tim
2025-04-02 01:21:09,751 [INFO] IPUIPlugin:80 - create IPUIPlugin
2025-04-02 01:21:09,752 [INFO] PluginManager:220 - loadIPPluginJar : add touchsensing
2025-04-02 01:21:09,851 [INFO] IPUIPlugin:80 - create IPUIPlugin
2025-04-02 01:21:09,851 [INFO] PluginManager:220 - loadIPPluginJar : add tracer_emb
2025-04-02 01:21:09,942 [INFO] IPUIPlugin:80 - create IPUIPlugin
2025-04-02 01:21:09,943 [INFO] PluginManager:220 - loadIPPluginJar : add ts
2025-04-02 01:21:10,033 [INFO] IPUIPlugin:80 - create IPUIPlugin
2025-04-02 01:21:10,033 [INFO] PluginManager:220 - loadIPPluginJar : add tsc
2025-04-02 01:21:10,121 [INFO] IPUIPlugin:80 - create IPUIPlugin
2025-04-02 01:21:10,122 [INFO] PluginManager:220 - loadIPPluginJar : add ucpd
2025-04-02 01:21:10,292 [INFO] IPUIPlugin:80 - create IPUIPlugin
2025-04-02 01:21:10,292 [INFO] PluginManager:220 - loadIPPluginJar : add usart
2025-04-02 01:21:10,472 [INFO] IPUIPlugin:80 - create IPUIPlugin
2025-04-02 01:21:10,473 [INFO] PluginManager:220 - loadIPPluginJar : add usbx
2025-04-02 01:21:10,501 [INFO] ThirdPartyUpdaterWithRetryManager:70 - Updater plugin not ready yet. [4/15]
2025-04-02 01:21:10,721 [FATAL] Updater:351 - Updater called before beeing initialized
2025-04-02 01:21:10,816 [INFO] RulesReader:64 - Compatibility file has been processed (301 Rules)
2025-04-02 01:21:10,859 [INFO] RulesReader:64 - Compatibility file has been processed (301 Rules)
2025-04-02 01:21:10,884 [INFO] CADModel:165 - CPN selected for project level
2025-04-02 01:21:10,885 [INFO] CADModel:114 - Register for checkConnection events
2025-04-02 01:21:10,885 [FATAL] Updater:351 - Updater called before beeing initialized
2025-04-02 01:21:10,885 [ERROR] CADModel:125 - Updater not yet initialized, retry later 
2025-04-02 01:21:11,475 [FATAL] Updater:351 - Updater called before beeing initialized
2025-04-02 01:21:11,485 [INFO] CADModel:165 - CPN selected for project level
2025-04-02 01:21:11,485 [INFO] CADModel:114 - Register for checkConnection events
2025-04-02 01:21:11,486 [FATAL] Updater:351 - Updater called before beeing initialized
2025-04-02 01:21:11,486 [ERROR] CADModel:125 - Updater not yet initialized, retry later 
2025-04-02 01:21:11,501 [FATAL] Updater:351 - Updater called before beeing initialized
2025-04-02 01:21:11,884 [FATAL] Updater:351 - Updater called before beeing initialized
2025-04-02 01:21:11,919 [INFO] DbMcusAds:53 - JSON generation date=Thu Mar 06 20:24:21 IST 2025 (1741272861825)
2025-04-02 01:21:11,919 [FATAL] Updater:351 - Updater called before beeing initialized
2025-04-02 01:21:12,041 [WARN] DetailPanel:346 - Failed to get advertising image, set to default
2025-04-02 01:21:12,895 [FATAL] Updater:351 - Updater called before beeing initialized
2025-04-02 01:21:12,900 [FATAL] Updater:351 - Updater called before beeing initialized
2025-04-02 01:21:12,900 [FATAL] Updater:351 - Updater called before beeing initialized
2025-04-02 01:21:12,901 [WARN] DetailPanel:346 - Failed to get advertising image, set to default
2025-04-02 01:21:12,902 [FATAL] Updater:351 - Updater called before beeing initialized
2025-04-02 01:21:13,096 [ERROR] Updater:1198 - MainUpdater not yet initialized. External WinMGr cannot be set.
2025-04-02 01:21:13,131 [INFO] Updater:1134 - Updater Version found : 6.14.0
2025-04-02 01:21:13,185 [INFO] ApplicationProperties:184 - Using Application install path: C:\ST\STM32CubeIDE_1.16.0\STM32CubeIDE\plugins\com.st.stm32cube.common.mx_6.14.0.202502271554
2025-04-02 01:21:13,502 [INFO] ThirdPartyUpdaterWithRetryManager:70 - Updater plugin not ready yet. [5/15]
2025-04-02 01:21:14,814 [ERROR] LogOutputStream:75 - [STDERR_REDIRECT] Apr 02, 2025 1:21:14 AM java.util.prefs.WindowsPreferences <init>
2025-04-02 01:21:14,818 [ERROR] LogOutputStream:75 - [STDERR_REDIRECT] WARNING: Could not open/create prefs root node Software\JavaSoft\Prefs at root 0xffffffff80000002. Windows RegCreateKeyEx(...) returned error code 5.
2025-04-02 01:21:14,818 [ERROR] LogOutputStream:75 - [STDERR_REDIRECT] 
2025-04-02 01:21:16,503 [FATAL] Updater:351 - Updater called before beeing initialized
2025-04-02 01:21:16,504 [ERROR] IntegrityCheckThread:130 - Cannot retrieve database content from updater: error 21
2025-04-02 01:21:16,505 [INFO] ThirdParty:978 - Integrity check success = false
2025-04-02 01:21:16,505 [INFO] IntegrityCheckThread:100 - exiting critical section [integrity check]
2025-04-02 01:21:16,505 [INFO] IntegrityCheckThread:103 - End integrity checks thread
2025-04-02 01:21:16,510 [INFO] MainUpdater:2872 - connection check result : 10
2025-04-02 01:21:16,513 [INFO] MainUpdater:289 - Updater Check For Update Now.
2025-04-02 01:21:16,514 [INFO] MicroXplorer:498 - Change Database Version : DB.6.0.140
2025-04-02 01:21:16,559 [INFO] McuFinderGlobals:63 - Set McuFinder mode to 2 (CubeIDE integrated)
2025-04-02 01:21:16,585 [INFO] UserAuth:486 - Internet connection configuration mode: 1
2025-04-02 01:21:16,676 [INFO] JxBrowserEngine:152 - Initiate JxBrowser Engine with user profile folder
2025-04-02 01:21:16,957 [INFO] CheckServerUpdateThread:120 - End of CheckServer Thread
2025-04-02 01:21:20,797 [INFO] WebApp:169 - Instantiating new browser for Auth
2025-04-02 01:21:22,963 [INFO] WebApp:463 - Apply proxy settings
2025-04-02 01:21:22,965 [INFO] WebApp:548 - Chromium requires no authentication
2025-04-02 01:21:22,990 [INFO] WebApp:491 - Direct internet connection detected
2025-04-02 01:21:23,069 [INFO] WebApp:894 - Register for checkConnection events
2025-04-02 01:21:23,069 [INFO] WebApp:463 - Apply proxy settings
2025-04-02 01:21:23,070 [INFO] WebApp:548 - Chromium requires no authentication
2025-04-02 01:21:23,071 [INFO] WebApp:491 - Direct internet connection detected
2025-04-02 01:21:23,668 [INFO] WebApp:225 - Starting web application
2025-04-02 01:21:23,668 [INFO] WebApp:593 - Web application path used C:\ST\STM32CubeIDE_1.16.0\STM32CubeIDE\plugins\com.st.stm32cube.common.mx_6.14.0.202502271554\db\plugins\mcufinder\reactClient1\index.html
2025-04-02 01:21:24,192 [INFO] UserAuth:486 - Internet connection configuration mode: 1
2025-04-02 01:21:24,690 [INFO] WebApp:191 - Connection restablished
2025-04-02 01:33:27,136 [ERROR] LogOutputStream:75 - [STDERR_REDIRECT] 
